# JRE version: Java(TM) SE Runtime Environment (8.0_171-b11) (build 1.8.0_171-b11)
# Java VM: Java HotSpot(TM) 64-Bit Server VM (25.171-b11 mixed mode windows-amd64 compressed oops)
Heap:
 garbage-first heap   total 253952K, used 47389K [0x00000000c0000000, 0x00000000c01007c0, 0x0000000100000000)
  region size 1024K, 5 young (5120K), 5 survivors (5120K)
 Metaspace       used 49153K, capacity 52100K, committed 52352K, reserved 1095680K
  class space    used 5051K, capacity 5894K, committed 6016K, reserved 1048576K
GC Heap History (10 events):
Event: 20.931 GC heap after
Heap after GC invocations=36 (full 0):
 garbage-first heap   total 63488K, used 53017K [0x00000000c0000000, 0x00000000c01001f0, 0x0000000100000000)
  region size 1024K, 1 young (1024K), 1 survivors (1024K)
 Metaspace       used 47274K, capacity 49898K, committed 50304K, reserved 1093632K
  class space    used 4881K, capacity 5639K, committed 5760K, reserved 1048576K
}
Event: 21.001 GC heap before
{Heap before GC invocations=36 (full 0):
 garbage-first heap   total 63488K, used 55065K [0x00000000c0000000, 0x00000000c01001f0, 0x0000000100000000)
  region size 1024K, 3 young (3072K), 1 survivors (1024K)
 Metaspace       used 47381K, capacity 49962K, committed 50304K, reserved 1093632K
  class space    used 4887K, capacity 5639K, committed 5760K, reserved 1048576K
Event: 21.008 GC heap after
Heap after GC invocations=37 (full 0):
 garbage-first heap   total 63488K, used 47166K [0x00000000c0000000, 0x00000000c01001f0, 0x0000000100000000)
  region size 1024K, 1 young (1024K), 1 survivors (1024K)
 Metaspace       used 47381K, capacity 49962K, committed 50304K, reserved 1093632K
  class space    used 4887K, capacity 5639K, committed 5760K, reserved 1048576K
}
Event: 21.081 GC heap before
{Heap before GC invocations=37 (full 0):
 garbage-first heap   total 63488K, used 49214K [0x00000000c0000000, 0x00000000c01001f0, 0x0000000100000000)
  region size 1024K, 3 young (3072K), 1 survivors (1024K)
 Metaspace       used 47483K, capacity 50144K, committed 50304K, reserved 1093632K
  class space    used 4907K, capacity 5670K, committed 5760K, reserved 1048576K
Event: 21.090 GC heap after
Heap after GC invocations=38 (full 0):
 garbage-first heap   total 63488K, used 42821K [0x00000000c0000000, 0x00000000c01001f0, 0x0000000100000000)
  region size 1024K, 1 young (1024K), 1 survivors (1024K)
 Metaspace       used 47483K, capacity 50144K, committed 50304K, reserved 1093632K
  class space    used 4907K, capacity 5670K, committed 5760K, reserved 1048576K
}
Event: 21.170 GC heap before
{Heap before GC invocations=38 (full 0):
 garbage-first heap   total 63488K, used 44869K [0x00000000c0000000, 0x00000000c01001f0, 0x0000000100000000)
  region size 1024K, 3 young (3072K), 1 survivors (1024K)
 Metaspace       used 47686K, capacity 50406K, committed 50560K, reserved 1093632K
  class space    used 4931K, capacity 5695K, committed 5760K, reserved 1048576K
Event: 21.187 GC heap after
Heap after GC invocations=39 (full 0):
 garbage-first heap   total 63488K, used 42918K [0x00000000c0000000, 0x00000000c01001f0, 0x0000000100000000)
  region size 1024K, 1 young (1024K), 1 survivors (1024K)
 Metaspace       used 47686K, capacity 50406K, committed 50560K, reserved 1093632K
  class space    used 4931K, capacity 5695K, committed 5760K, reserved 1048576K
}
Event: 21.233 GC heap before
{Heap before GC invocations=39 (full 0):
 garbage-first heap   total 63488K, used 44966K [0x00000000c0000000, 0x00000000c01001f0, 0x0000000100000000)
  region size 1024K, 3 young (3072K), 1 survivors (1024K)
 Metaspace       used 47847K, capacity 50648K, committed 50816K, reserved 1093632K
  class space    used 4949K, capacity 5736K, committed 5760K, reserved 1048576K
Event: 21.249 GC heap after
Heap after GC invocations=40 (full 0):
 garbage-first heap   total 126976K, used 43157K [0x00000000c0000000, 0x00000000c01003e0, 0x0000000100000000)
  region size 1024K, 1 young (1024K), 1 survivors (1024K)
 Metaspace       used 47847K, capacity 50648K, committed 50816K, reserved 1093632K
  class space    used 4949K, capacity 5736K, committed 5760K, reserved 1048576K
}
Event: 24.116 GC heap before
{Heap before GC invocations=40 (full 0):
 garbage-first heap   total 126976K, used 100136K [0x00000000c0000000, 0x00000000c01003e0, 0x0000000100000000)
  region size 1024K, 52 young (53248K), 1 survivors (1024K)
 Metaspace       used 49153K, capacity 52100K, committed 52352K, reserved 1095680K
  class space    used 5051K, capacity 5894K, committed 6016K, reserved 1048576K

