# JRE version: Java(TM) SE Runtime Environment (8.0_171-b11) (build 1.8.0_171-b11)
# Java VM: Java HotSpot(TM) 64-Bit Server VM (25.171-b11 mixed mode windows-amd64 compressed oops)
Heap:
 garbage-first heap   total 63488K, used 50688K [0x00000000c0000000, 0x00000000c01001f0, 0x0000000100000000)
  region size 1024K, 35 young (35840K), 1 survivors (1024K)
 Metaspace       used 26918K, capacity 28322K, committed 28540K, reserved 1075200K
  class space    used 2902K, capacity 3382K, committed 3504K, reserved 1048576K
GC Heap History (10 events):
Event: 3.846 GC heap before
{Heap before GC invocations=1 (full 0):
 garbage-first heap   total 63488K, used 19870K [0x00000000c0000000, 0x00000000c01001f0, 0x0000000100000000)
  region size 1024K, 18 young (18432K), 2 survivors (2048K)
 Metaspace       used 9860K, capacity 10138K, committed 10368K, reserved 1058816K
  class space    used 1023K, capacity 1099K, committed 1152K, reserved 1048576K
Event: 3.863 GC heap after
Heap after GC invocations=2 (full 0):
 garbage-first heap   total 63488K, used 9370K [0x00000000c0000000, 0x00000000c01001f0, 0x0000000100000000)
  region size 1024K, 3 young (3072K), 3 survivors (3072K)
 Metaspace       used 9860K, capacity 10138K, committed 10368K, reserved 1058816K
  class space    used 1023K, capacity 1099K, committed 1152K, reserved 1048576K
}
Event: 4.675 GC heap before
{Heap before GC invocations=2 (full 0):
 garbage-first heap   total 63488K, used 29850K [0x00000000c0000000, 0x00000000c01001f0, 0x0000000100000000)
  region size 1024K, 23 young (23552K), 3 survivors (3072K)
 Metaspace       used 17047K, capacity 18030K, committed 18432K, reserved 1064960K
  class space    used 1691K, capacity 1945K, committed 2048K, reserved 1048576K
Event: 4.691 GC heap after
Heap after GC invocations=3 (full 0):
 garbage-first heap   total 63488K, used 17920K [0x00000000c0000000, 0x00000000c01001f0, 0x0000000100000000)
  region size 1024K, 3 young (3072K), 3 survivors (3072K)
 Metaspace       used 17047K, capacity 18030K, committed 18432K, reserved 1064960K
  class space    used 1691K, capacity 1945K, committed 2048K, reserved 1048576K
}
Event: 5.361 GC heap before
{Heap before GC invocations=3 (full 0):
 garbage-first heap   total 63488K, used 39424K [0x00000000c0000000, 0x00000000c01001f0, 0x0000000100000000)
  region size 1024K, 25 young (25600K), 3 survivors (3072K)
 Metaspace       used 19899K, capacity 21012K, committed 21296K, reserved 1069056K
  class space    used 2012K, capacity 2330K, committed 2352K, reserved 1048576K
Event: 5.372 GC heap after
Heap after GC invocations=4 (full 0):
 garbage-first heap   total 63488K, used 20992K [0x00000000c0000000, 0x00000000c01001f0, 0x0000000100000000)
  region size 1024K, 5 young (5120K), 5 survivors (5120K)
 Metaspace       used 19899K, capacity 21012K, committed 21296K, reserved 1069056K
  class space    used 2012K, capacity 2330K, committed 2352K, reserved 1048576K
}
Event: 6.040 GC heap before
{Heap before GC invocations=5 (full 0):
 garbage-first heap   total 63488K, used 46592K [0x00000000c0000000, 0x00000000c01001f0, 0x0000000100000000)
  region size 1024K, 34 young (34816K), 5 survivors (5120K)
 Metaspace       used 23218K, capacity 24352K, committed 24828K, reserved 1071104K
  class space    used 2443K, capacity 2759K, committed 2864K, reserved 1048576K
Event: 6.054 GC heap after
Heap after GC invocations=6 (full 0):
 garbage-first heap   total 63488K, used 21479K [0x00000000c0000000, 0x00000000c01001f0, 0x0000000100000000)
  region size 1024K, 5 young (5120K), 5 survivors (5120K)
 Metaspace       used 23218K, capacity 24352K, committed 24828K, reserved 1071104K
  class space    used 2443K, capacity 2759K, committed 2864K, reserved 1048576K
}
Event: 6.099 GC heap before
{Heap before GC invocations=6 (full 0):
 garbage-first heap   total 63488K, used 22503K [0x00000000c0000000, 0x00000000c01001f0, 0x0000000100000000)
  region size 1024K, 6 young (6144K), 5 survivors (5120K)
 Metaspace       used 23398K, capacity 24612K, committed 24828K, reserved 1071104K
  class space    used 2467K, capacity 2823K, committed 2864K, reserved 1048576K
Event: 6.107 GC heap after
Heap after GC invocations=7 (full 0):
 garbage-first heap   total 63488K, used 16896K [0x00000000c0000000, 0x00000000c01001f0, 0x0000000100000000)
  region size 1024K, 1 young (1024K), 1 survivors (1024K)
 Metaspace       used 23398K, capacity 24612K, committed 24828K, reserved 1071104K
  class space    used 2467K, capacity 2823K, committed 2864K, reserved 1048576K
}

