# JRE version: Java(TM) SE Runtime Environment (8.0_171-b11) (build 1.8.0_171-b11)
# Java VM: Java HotSpot(TM) 64-Bit Server VM (25.171-b11 mixed mode windows-amd64 compressed oops)
Heap:
 garbage-first heap   total 74752K, used 52085K [0x00000000c0000000, 0x00000000c0100248, 0x0000000100000000)
  region size 1024K, 8 young (8192K), 1 survivors (1024K)
 Metaspace       used 57551K, capacity 60448K, committed 60544K, reserved 1103872K
  class space    used 5636K, capacity 6526K, committed 6528K, reserved 1048576K
GC Heap History (10 events):
Event: 522.906 GC heap before
{Heap before GC invocations=613 (full 0):
 garbage-first heap   total 74752K, used 62285K [0x00000000c0000000, 0x00000000c0100248, 0x0000000100000000)
  region size 1024K, 14 young (14336K), 1 survivors (1024K)
 Metaspace       used 57530K, capacity 60444K, committed 60544K, reserved 1103872K
  class space    used 5636K, capacity 6526K, committed 6528K, reserved 1048576K
Event: 522.915 GC heap after
Heap after GC invocations=614 (full 0):
 garbage-first heap   total 74752K, used 49737K [0x00000000c0000000, 0x00000000c0100248, 0x0000000100000000)
  region size 1024K, 2 young (2048K), 2 survivors (2048K)
 Metaspace       used 57530K, capacity 60444K, committed 60544K, reserved 1103872K
  class space    used 5636K, capacity 6526K, committed 6528K, reserved 1048576K
}
Event: 522.986 GC heap before
{Heap before GC invocations=614 (full 0):
 garbage-first heap   total 74752K, used 55881K [0x00000000c0000000, 0x00000000c0100248, 0x0000000100000000)
  region size 1024K, 9 young (9216K), 2 survivors (2048K)
 Metaspace       used 57531K, capacity 60444K, committed 60544K, reserved 1103872K
  class space    used 5636K, capacity 6526K, committed 6528K, reserved 1048576K
Event: 522.994 GC heap after
Heap after GC invocations=615 (full 0):
 garbage-first heap   total 74752K, used 51648K [0x00000000c0000000, 0x00000000c0100248, 0x0000000100000000)
  region size 1024K, 2 young (2048K), 2 survivors (2048K)
 Metaspace       used 57531K, capacity 60444K, committed 60544K, reserved 1103872K
  class space    used 5636K, capacity 6526K, committed 6528K, reserved 1048576K
}
Event: 523.868 GC heap before
{Heap before GC invocations=616 (full 0):
 garbage-first heap   total 74752K, used 64367K [0x00000000c0000000, 0x00000000c0100248, 0x0000000100000000)
  region size 1024K, 13 young (13312K), 2 survivors (2048K)
 Metaspace       used 57541K, capacity 60444K, committed 60544K, reserved 1103872K
  class space    used 5636K, capacity 6526K, committed 6528K, reserved 1048576K
Event: 523.876 GC heap after
Heap after GC invocations=617 (full 0):
 garbage-first heap   total 74752K, used 51486K [0x00000000c0000000, 0x00000000c0100248, 0x0000000100000000)
  region size 1024K, 2 young (2048K), 2 survivors (2048K)
 Metaspace       used 57541K, capacity 60444K, committed 60544K, reserved 1103872K
  class space    used 5636K, capacity 6526K, committed 6528K, reserved 1048576K
}
Event: 523.881 GC heap before
{Heap before GC invocations=617 (full 0):
 garbage-first heap   total 74752K, used 52510K [0x00000000c0000000, 0x00000000c0100248, 0x0000000100000000)
  region size 1024K, 3 young (3072K), 2 survivors (2048K)
 Metaspace       used 57542K, capacity 60444K, committed 60544K, reserved 1103872K
  class space    used 5636K, capacity 6526K, committed 6528K, reserved 1048576K
Event: 523.890 GC heap after
Heap after GC invocations=618 (full 0):
 garbage-first heap   total 74752K, used 45570K [0x00000000c0000000, 0x00000000c0100248, 0x0000000100000000)
  region size 1024K, 1 young (1024K), 1 survivors (1024K)
 Metaspace       used 57542K, capacity 60444K, committed 60544K, reserved 1103872K
  class space    used 5636K, capacity 6526K, committed 6528K, reserved 1048576K
}
Event: 524.330 GC heap before
{Heap before GC invocations=618 (full 0):
 garbage-first heap   total 74752K, used 47618K [0x00000000c0000000, 0x00000000c0100248, 0x0000000100000000)
  region size 1024K, 3 young (3072K), 1 survivors (1024K)
 Metaspace       used 57542K, capacity 60444K, committed 60544K, reserved 1103872K
  class space    used 5636K, capacity 6526K, committed 6528K, reserved 1048576K
Event: 524.339 GC heap after
Heap after GC invocations=619 (full 0):
 garbage-first heap   total 74752K, used 45941K [0x00000000c0000000, 0x00000000c0100248, 0x0000000100000000)
  region size 1024K, 1 young (1024K), 1 survivors (1024K)
 Metaspace       used 57542K, capacity 60444K, committed 60544K, reserved 1103872K
  class space    used 5636K, capacity 6526K, committed 6528K, reserved 1048576K
}

