# JRE version: Java(TM) SE Runtime Environment (8.0_171-b11) (build 1.8.0_171-b11)
# Java VM: Java HotSpot(TM) 64-Bit Server VM (25.171-b11 mixed mode windows-amd64 compressed oops)
Heap:
 garbage-first heap   total 249856K, used 102402K [0x00000000c0000000, 0x00000000c01007a0, 0x0000000100000000)
  region size 1024K, 1 young (1024K), 1 survivors (1024K)
 Metaspace       used 48148K, capacity 51148K, committed 51456K, reserved 1095680K
  class space    used 5032K, capacity 5875K, committed 5888K, reserved 1048576K
GC Heap History (10 events):
Event: 54.659 GC heap after
Heap after GC invocations=32 (full 0):
 garbage-first heap   total 124928K, used 102188K [0x00000000c0000000, 0x00000000c01003d0, 0x0000000100000000)
  region size 1024K, 2 young (2048K), 2 survivors (2048K)
 Metaspace       used 48115K, capacity 51168K, committed 51456K, reserved 1095680K
  class space    used 5031K, capacity 5874K, committed 5888K, reserved 1048576K
}
Event: 54.702 GC heap before
{Heap before GC invocations=32 (full 0):
 garbage-first heap   total 124928K, used 106284K [0x00000000c0000000, 0x00000000c01003d0, 0x0000000100000000)
  region size 1024K, 6 young (6144K), 2 survivors (2048K)
 Metaspace       used 48115K, capacity 51168K, committed 51456K, reserved 1095680K
  class space    used 5031K, capacity 5874K, committed 5888K, reserved 1048576K
Event: 54.716 GC heap after
Heap after GC invocations=33 (full 0):
 garbage-first heap   total 124928K, used 104236K [0x00000000c0000000, 0x00000000c01003d0, 0x0000000100000000)
  region size 1024K, 1 young (1024K), 1 survivors (1024K)
 Metaspace       used 48115K, capacity 51168K, committed 51456K, reserved 1095680K
  class space    used 5031K, capacity 5874K, committed 5888K, reserved 1048576K
}
Event: 54.764 GC heap before
{Heap before GC invocations=34 (full 0):
 garbage-first heap   total 124928K, used 109356K [0x00000000c0000000, 0x00000000c01003d0, 0x0000000100000000)
  region size 1024K, 6 young (6144K), 1 survivors (1024K)
 Metaspace       used 48103K, capacity 51130K, committed 51456K, reserved 1095680K
  class space    used 5026K, capacity 5867K, committed 5888K, reserved 1048576K
Event: 54.776 GC heap after
Heap after GC invocations=35 (full 0):
 garbage-first heap   total 124928K, used 107308K [0x00000000c0000000, 0x00000000c01003d0, 0x0000000100000000)
  region size 1024K, 1 young (1024K), 1 survivors (1024K)
 Metaspace       used 48103K, capacity 51130K, committed 51456K, reserved 1095680K
  class space    used 5026K, capacity 5867K, committed 5888K, reserved 1048576K
}
Event: 54.821 GC heap before
{Heap before GC invocations=35 (full 0):
 garbage-first heap   total 124928K, used 112428K [0x00000000c0000000, 0x00000000c01003d0, 0x0000000100000000)
  region size 1024K, 6 young (6144K), 1 survivors (1024K)
 Metaspace       used 48103K, capacity 51130K, committed 51456K, reserved 1095680K
  class space    used 5026K, capacity 5867K, committed 5888K, reserved 1048576K
Event: 54.853 GC heap after
Heap after GC invocations=36 (full 0):
 garbage-first heap   total 124928K, used 102188K [0x00000000c0000000, 0x00000000c01003d0, 0x0000000100000000)
  region size 1024K, 1 young (1024K), 1 survivors (1024K)
 Metaspace       used 48103K, capacity 51130K, committed 51456K, reserved 1095680K
  class space    used 5026K, capacity 5867K, committed 5888K, reserved 1048576K
}
Event: 54.877 GC heap before
{Heap before GC invocations=36 (full 0):
 garbage-first heap   total 124928K, used 107308K [0x00000000c0000000, 0x00000000c01003d0, 0x0000000100000000)
  region size 1024K, 6 young (6144K), 1 survivors (1024K)
 Metaspace       used 48103K, capacity 51130K, committed 51456K, reserved 1095680K
  class space    used 5026K, capacity 5867K, committed 5888K, reserved 1048576K
Event: 54.912 GC heap after
Heap after GC invocations=37 (full 0):
 garbage-first heap   total 124928K, used 101164K [0x00000000c0000000, 0x00000000c01003d0, 0x0000000100000000)
  region size 1024K, 1 young (1024K), 1 survivors (1024K)
 Metaspace       used 48103K, capacity 51130K, committed 51456K, reserved 1095680K
  class space    used 5026K, capacity 5867K, committed 5888K, reserved 1048576K
}
Event: 59.293 GC heap before
{Heap before GC invocations=37 (full 0):
 garbage-first heap   total 124928K, used 106284K [0x00000000c0000000, 0x00000000c01003d0, 0x0000000100000000)
  region size 1024K, 6 young (6144K), 1 survivors (1024K)
 Metaspace       used 48148K, capacity 51148K, committed 51456K, reserved 1095680K
  class space    used 5032K, capacity 5875K, committed 5888K, reserved 1048576K

