# JRE version: Java(TM) SE Runtime Environment (8.0_171-b11) (build 1.8.0_171-b11)
# Java VM: Java HotSpot(TM) 64-Bit Server VM (25.171-b11 mixed mode windows-amd64 compressed oops)
Heap:
 garbage-first heap   total 253952K, used 59594K [0x00000000c0000000, 0x00000000c01007c0, 0x0000000100000000)
  region size 1024K, 6 young (6144K), 6 survivors (6144K)
 Metaspace       used 51168K, capacity 54076K, committed 54400K, reserved 1097728K
  class space    used 5148K, capacity 5921K, committed 6016K, reserved 1048576K
GC Heap History (10 events):
Event: 81.831 GC heap after
Heap after GC invocations=50 (full 0):
 garbage-first heap   total 63488K, used 40517K [0x00000000c0000000, 0x00000000c01001f0, 0x0000000100000000)
  region size 1024K, 1 young (1024K), 1 survivors (1024K)
 Metaspace       used 48113K, capacity 50644K, committed 50944K, reserved 1095680K
  class space    used 4848K, capacity 5550K, committed 5632K, reserved 1048576K
}
Event: 81.887 GC heap before
{Heap before GC invocations=50 (full 0):
 garbage-first heap   total 63488K, used 42565K [0x00000000c0000000, 0x00000000c01001f0, 0x0000000100000000)
  region size 1024K, 3 young (3072K), 1 survivors (1024K)
 Metaspace       used 48136K, capacity 50644K, committed 50944K, reserved 1095680K
  class space    used 4854K, capacity 5550K, committed 5632K, reserved 1048576K
Event: 81.918 GC heap after
Heap after GC invocations=51 (full 0):
 garbage-first heap   total 63488K, used 41406K [0x00000000c0000000, 0x00000000c01001f0, 0x0000000100000000)
  region size 1024K, 1 young (1024K), 1 survivors (1024K)
 Metaspace       used 48136K, capacity 50644K, committed 50944K, reserved 1095680K
  class space    used 4854K, capacity 5550K, committed 5632K, reserved 1048576K
}
Event: 82.403 GC heap before
{Heap before GC invocations=51 (full 0):
 garbage-first heap   total 63488K, used 52670K [0x00000000c0000000, 0x00000000c01001f0, 0x0000000100000000)
  region size 1024K, 12 young (12288K), 1 survivors (1024K)
 Metaspace       used 48677K, capacity 51252K, committed 51456K, reserved 1095680K
  class space    used 4905K, capacity 5626K, committed 5632K, reserved 1048576K
Event: 82.437 GC heap after
Heap after GC invocations=52 (full 0):
 garbage-first heap   total 63488K, used 47104K [0x00000000c0000000, 0x00000000c01001f0, 0x0000000100000000)
  region size 1024K, 2 young (2048K), 2 survivors (2048K)
 Metaspace       used 48677K, capacity 51252K, committed 51456K, reserved 1095680K
  class space    used 4905K, capacity 5626K, committed 5632K, reserved 1048576K
}
Event: 82.760 GC heap before
{Heap before GC invocations=52 (full 0):
 garbage-first heap   total 63488K, used 53248K [0x00000000c0000000, 0x00000000c01001f0, 0x0000000100000000)
  region size 1024K, 8 young (8192K), 2 survivors (2048K)
 Metaspace       used 49151K, capacity 51732K, committed 52096K, reserved 1095680K
  class space    used 4939K, capacity 5658K, committed 5760K, reserved 1048576K
Event: 82.786 GC heap after
Heap after GC invocations=53 (full 0):
 garbage-first heap   total 63488K, used 50176K [0x00000000c0000000, 0x00000000c01001f0, 0x0000000100000000)
  region size 1024K, 1 young (1024K), 1 survivors (1024K)
 Metaspace       used 49151K, capacity 51732K, committed 52096K, reserved 1095680K
  class space    used 4939K, capacity 5658K, committed 5760K, reserved 1048576K
}
Event: 82.913 GC heap before
{Heap before GC invocations=53 (full 0):
 garbage-first heap   total 63488K, used 53248K [0x00000000c0000000, 0x00000000c01001f0, 0x0000000100000000)
  region size 1024K, 4 young (4096K), 1 survivors (1024K)
 Metaspace       used 49474K, capacity 52084K, committed 52352K, reserved 1095680K
  class space    used 4967K, capacity 5690K, committed 5760K, reserved 1048576K
Event: 82.937 GC heap after
Heap after GC invocations=54 (full 0):
 garbage-first heap   total 126976K, used 52736K [0x00000000c0000000, 0x00000000c01003e0, 0x0000000100000000)
  region size 1024K, 1 young (1024K), 1 survivors (1024K)
 Metaspace       used 49474K, capacity 52084K, committed 52352K, reserved 1095680K
  class space    used 4967K, capacity 5690K, committed 5760K, reserved 1048576K
}
Event: 85.127 GC heap before
{Heap before GC invocations=55 (full 0):
 garbage-first heap   total 126976K, used 97506K [0x00000000c0000000, 0x00000000c01003e0, 0x0000000100000000)
  region size 1024K, 44 young (45056K), 1 survivors (1024K)
 Metaspace       used 51168K, capacity 54076K, committed 54400K, reserved 1097728K
  class space    used 5148K, capacity 5921K, committed 6016K, reserved 1048576K

