# JRE version: Java(TM) SE Runtime Environment (8.0_171-b11) (build 1.8.0_171-b11)
# Java VM: Java HotSpot(TM) 64-Bit Server VM (25.171-b11 mixed mode windows-amd64 compressed oops)
Heap:
 garbage-first heap   total 63488K, used 22110K [0x00000000c0000000, 0x00000000c01001f0, 0x0000000100000000)
  region size 1024K, 2 young (2048K), 0 survivors (0K)
 Metaspace       used 50622K, capacity 53426K, committed 53788K, reserved 1097728K
  class space    used 5212K, capacity 6030K, committed 6172K, reserved 1048576K
GC Heap History (10 events):
Event: 1088.902 GC heap before
{Heap before GC invocations=118 (full 81):
 garbage-first heap   total 63488K, used 22108K [0x00000000c0000000, 0x00000000c01001f0, 0x0000000100000000)
  region size 1024K, 1 young (1024K), 0 survivors (0K)
 Metaspace       used 50631K, capacity 53456K, committed 53788K, reserved 1097728K
  class space    used 5212K, capacity 6035K, committed 6172K, reserved 1048576K
Event: 1089.123 GC heap after
Heap after GC invocations=119 (full 82):
 garbage-first heap   total 63488K, used 22055K [0x00000000c0000000, 0x00000000c01001f0, 0x0000000100000000)
  region size 1024K, 0 young (0K), 0 survivors (0K)
 Metaspace       used 50631K, capacity 53456K, committed 53788K, reserved 1097728K
  class space    used 5212K, capacity 6035K, committed 6172K, reserved 1048576K
}
Event: 1099.971 GC heap before
{Heap before GC invocations=119 (full 82):
 garbage-first heap   total 63488K, used 22055K [0x00000000c0000000, 0x00000000c01001f0, 0x0000000100000000)
  region size 1024K, 1 young (1024K), 0 survivors (0K)
 Metaspace       used 50631K, capacity 53456K, committed 53788K, reserved 1097728K
  class space    used 5212K, capacity 6035K, committed 6172K, reserved 1048576K
Event: 1100.370 GC heap after
Heap after GC invocations=120 (full 83):
 garbage-first heap   total 63488K, used 21411K [0x00000000c0000000, 0x00000000c01001f0, 0x0000000100000000)
  region size 1024K, 0 young (0K), 0 survivors (0K)
 Metaspace       used 50631K, capacity 53456K, committed 53788K, reserved 1097728K
  class space    used 5212K, capacity 6035K, committed 6172K, reserved 1048576K
}
Event: 1112.149 GC heap before
{Heap before GC invocations=120 (full 83):
 garbage-first heap   total 63488K, used 21411K [0x00000000c0000000, 0x00000000c01001f0, 0x0000000100000000)
  region size 1024K, 1 young (1024K), 0 survivors (0K)
 Metaspace       used 50631K, capacity 53456K, committed 53788K, reserved 1097728K
  class space    used 5212K, capacity 6035K, committed 6172K, reserved 1048576K
Event: 1112.522 GC heap after
Heap after GC invocations=121 (full 84):
 garbage-first heap   total 63488K, used 21404K [0x00000000c0000000, 0x00000000c01001f0, 0x0000000100000000)
  region size 1024K, 0 young (0K), 0 survivors (0K)
 Metaspace       used 50631K, capacity 53456K, committed 53788K, reserved 1097728K
  class space    used 5212K, capacity 6035K, committed 6172K, reserved 1048576K
}
Event: 1123.266 GC heap before
{Heap before GC invocations=121 (full 84):
 garbage-first heap   total 63488K, used 21404K [0x00000000c0000000, 0x00000000c01001f0, 0x0000000100000000)
  region size 1024K, 1 young (1024K), 0 survivors (0K)
 Metaspace       used 50632K, capacity 53456K, committed 53788K, reserved 1097728K
  class space    used 5212K, capacity 6035K, committed 6172K, reserved 1048576K
Event: 1123.715 GC heap after
Heap after GC invocations=122 (full 85):
 garbage-first heap   total 63488K, used 21389K [0x00000000c0000000, 0x00000000c01001f0, 0x0000000100000000)
  region size 1024K, 0 young (0K), 0 survivors (0K)
 Metaspace       used 50629K, capacity 53450K, committed 53788K, reserved 1097728K
  class space    used 5212K, capacity 6034K, committed 6172K, reserved 1048576K
}
Event: 1134.288 GC heap before
{Heap before GC invocations=122 (full 85):
 garbage-first heap   total 63488K, used 21389K [0x00000000c0000000, 0x00000000c01001f0, 0x0000000100000000)
  region size 1024K, 1 young (1024K), 0 survivors (0K)
 Metaspace       used 50629K, capacity 53450K, committed 53788K, reserved 1097728K
  class space    used 5212K, capacity 6034K, committed 6172K, reserved 1048576K
Event: 1134.672 GC heap after
Heap after GC invocations=123 (full 86):
 garbage-first heap   total 63488K, used 21086K [0x00000000c0000000, 0x00000000c01001f0, 0x0000000100000000)
  region size 1024K, 0 young (0K), 0 survivors (0K)
 Metaspace       used 50614K, capacity 53426K, committed 53788K, reserved 1097728K
  class space    used 5210K, capacity 6030K, committed 6172K, reserved 1048576K
}

