# JRE version: Java(TM) SE Runtime Environment (8.0_171-b11) (build 1.8.0_171-b11)
# Java VM: Java HotSpot(TM) 64-Bit Server VM (25.171-b11 mixed mode windows-amd64 compressed oops)
Heap:
 garbage-first heap   total 133120K, used 75883K [0x00000000c0000000, 0x00000000c0100410, 0x0000000100000000)
  region size 1024K, 9 young (9216K), 4 survivors (4096K)
 Metaspace       used 55089K, capacity 58146K, committed 58316K, reserved 1101824K
  class space    used 5611K, capacity 6518K, committed 6604K, reserved 1048576K
GC Heap History (10 events):
Event: 201.102 GC heap before
{Heap before GC invocations=51 (full 0):
 garbage-first heap   total 133120K, used 113524K [0x00000000c0000000, 0x00000000c0100410, 0x0000000100000000)
  region size 1024K, 43 young (44032K), 3 survivors (3072K)
 Metaspace       used 54399K, capacity 57414K, committed 57676K, reserved 1099776K
  class space    used 5582K, capacity 6447K, committed 6476K, reserved 1048576K
Event: 201.110 GC heap after
Heap after GC invocations=52 (full 0):
 garbage-first heap   total 133120K, used 70713K [0x00000000c0000000, 0x00000000c0100410, 0x0000000100000000)
  region size 1024K, 2 young (2048K), 2 survivors (2048K)
 Metaspace       used 54399K, capacity 57414K, committed 57676K, reserved 1099776K
  class space    used 5582K, capacity 6447K, committed 6476K, reserved 1048576K
}
Event: 201.135 GC heap before
{Heap before GC invocations=52 (full 0):
 garbage-first heap   total 133120K, used 74809K [0x00000000c0000000, 0x00000000c0100410, 0x0000000100000000)
  region size 1024K, 6 young (6144K), 2 survivors (2048K)
 Metaspace       used 54399K, capacity 57414K, committed 57676K, reserved 1099776K
  class space    used 5582K, capacity 6447K, committed 6476K, reserved 1048576K
Event: 201.149 GC heap after
Heap after GC invocations=53 (full 0):
 garbage-first heap   total 133120K, used 68293K [0x00000000c0000000, 0x00000000c0100410, 0x0000000100000000)
  region size 1024K, 1 young (1024K), 1 survivors (1024K)
 Metaspace       used 54399K, capacity 57414K, committed 57676K, reserved 1099776K
  class space    used 5582K, capacity 6447K, committed 6476K, reserved 1048576K
}
Event: 201.392 GC heap before
{Heap before GC invocations=53 (full 0):
 garbage-first heap   total 133120K, used 82629K [0x00000000c0000000, 0x00000000c0100410, 0x0000000100000000)
  region size 1024K, 16 young (16384K), 1 survivors (1024K)
 Metaspace       used 54408K, capacity 57414K, committed 57676K, reserved 1099776K
  class space    used 5582K, capacity 6447K, committed 6476K, reserved 1048576K
Event: 201.403 GC heap after
Heap after GC invocations=54 (full 0):
 garbage-first heap   total 133120K, used 69400K [0x00000000c0000000, 0x00000000c0100410, 0x0000000100000000)
  region size 1024K, 2 young (2048K), 2 survivors (2048K)
 Metaspace       used 54408K, capacity 57414K, committed 57676K, reserved 1099776K
  class space    used 5582K, capacity 6447K, committed 6476K, reserved 1048576K
}
Event: 208.173 GC heap before
{Heap before GC invocations=55 (full 0):
 garbage-first heap   total 133120K, used 115662K [0x00000000c0000000, 0x00000000c0100410, 0x0000000100000000)
  region size 1024K, 46 young (47104K), 2 survivors (2048K)
 Metaspace       used 54700K, capacity 57662K, committed 57804K, reserved 1099776K
  class space    used 5594K, capacity 6486K, committed 6604K, reserved 1048576K
Event: 208.183 GC heap after
Heap after GC invocations=56 (full 0):
 garbage-first heap   total 133120K, used 71071K [0x00000000c0000000, 0x00000000c0100410, 0x0000000100000000)
  region size 1024K, 4 young (4096K), 4 survivors (4096K)
 Metaspace       used 54700K, capacity 57662K, committed 57804K, reserved 1099776K
  class space    used 5594K, capacity 6486K, committed 6604K, reserved 1048576K
}
Event: 244.377 GC heap before
{Heap before GC invocations=56 (full 0):
 garbage-first heap   total 133120K, used 114079K [0x00000000c0000000, 0x00000000c0100410, 0x0000000100000000)
  region size 1024K, 46 young (47104K), 4 survivors (4096K)
 Metaspace       used 55049K, capacity 58082K, committed 58316K, reserved 1101824K
  class space    used 5610K, capacity 6518K, committed 6604K, reserved 1048576K
Event: 244.389 GC heap after
Heap after GC invocations=57 (full 0):
 garbage-first heap   total 133120K, used 71787K [0x00000000c0000000, 0x00000000c0100410, 0x0000000100000000)
  region size 1024K, 4 young (4096K), 4 survivors (4096K)
 Metaspace       used 55049K, capacity 58082K, committed 58316K, reserved 1101824K
  class space    used 5610K, capacity 6518K, committed 6604K, reserved 1048576K
}

