# JRE version: Java(TM) SE Runtime Environment (8.0_171-b11) (build 1.8.0_171-b11)
# Java VM: Java HotSpot(TM) 64-Bit Server VM (25.171-b11 mixed mode windows-amd64 compressed oops)
Heap:
 garbage-first heap   total 64512K, used 50034K [0x00000000c0000000, 0x00000000c01001f8, 0x0000000100000000)
  region size 1024K, 13 young (13312K), 3 survivors (3072K)
 Metaspace       used 48456K, capacity 51328K, committed 51532K, reserved 1095680K
  class space    used 5021K, capacity 5860K, committed 5964K, reserved 1048576K
GC Heap History (10 events):
Event: 38.348 GC heap before
{Heap before GC invocations=32 (full 0):
 garbage-first heap   total 64512K, used 53415K [0x00000000c0000000, 0x00000000c01001f8, 0x0000000100000000)
  region size 1024K, 23 young (23552K), 3 survivors (3072K)
 Metaspace       used 48122K, capacity 50850K, committed 50892K, reserved 1093632K
  class space    used 5001K, capacity 5811K, committed 5836K, reserved 1048576K
Event: 38.363 GC heap after
Heap after GC invocations=33 (full 0):
 garbage-first heap   total 64512K, used 38109K [0x00000000c0000000, 0x00000000c01001f8, 0x0000000100000000)
  region size 1024K, 3 young (3072K), 3 survivors (3072K)
 Metaspace       used 48122K, capacity 50850K, committed 50892K, reserved 1093632K
  class space    used 5001K, capacity 5811K, committed 5836K, reserved 1048576K
}
Event: 38.778 GC heap before
{Heap before GC invocations=34 (full 0):
 garbage-first heap   total 64512K, used 54762K [0x00000000c0000000, 0x00000000c01001f8, 0x0000000100000000)
  region size 1024K, 18 young (18432K), 3 survivors (3072K)
 Metaspace       used 48257K, capacity 51130K, committed 51148K, reserved 1095680K
  class space    used 5009K, capacity 5819K, committed 5836K, reserved 1048576K
Event: 38.786 GC heap after
Heap after GC invocations=35 (full 0):
 garbage-first heap   total 64512K, used 42496K [0x00000000c0000000, 0x00000000c01001f8, 0x0000000100000000)
  region size 1024K, 3 young (3072K), 3 survivors (3072K)
 Metaspace       used 48257K, capacity 51130K, committed 51148K, reserved 1095680K
  class space    used 5009K, capacity 5819K, committed 5836K, reserved 1048576K
}
Event: 38.802 GC heap before
{Heap before GC invocations=35 (full 0):
 garbage-first heap   total 64512K, used 43520K [0x00000000c0000000, 0x00000000c01001f8, 0x0000000100000000)
  region size 1024K, 4 young (4096K), 3 survivors (3072K)
 Metaspace       used 48257K, capacity 51130K, committed 51148K, reserved 1095680K
  class space    used 5009K, capacity 5819K, committed 5836K, reserved 1048576K
Event: 38.812 GC heap after
Heap after GC invocations=36 (full 0):
 garbage-first heap   total 64512K, used 38400K [0x00000000c0000000, 0x00000000c01001f8, 0x0000000100000000)
  region size 1024K, 1 young (1024K), 1 survivors (1024K)
 Metaspace       used 48257K, capacity 51130K, committed 51148K, reserved 1095680K
  class space    used 5009K, capacity 5819K, committed 5836K, reserved 1048576K
}
Event: 38.841 GC heap before
{Heap before GC invocations=36 (full 0):
 garbage-first heap   total 64512K, used 40448K [0x00000000c0000000, 0x00000000c01001f8, 0x0000000100000000)
  region size 1024K, 3 young (3072K), 1 survivors (1024K)
 Metaspace       used 48257K, capacity 51130K, committed 51148K, reserved 1095680K
  class space    used 5009K, capacity 5819K, committed 5836K, reserved 1048576K
Event: 38.857 GC heap after
Heap after GC invocations=37 (full 0):
 garbage-first heap   total 64512K, used 38400K [0x00000000c0000000, 0x00000000c01001f8, 0x0000000100000000)
  region size 1024K, 1 young (1024K), 1 survivors (1024K)
 Metaspace       used 48257K, capacity 51130K, committed 51148K, reserved 1095680K
  class space    used 5009K, capacity 5819K, committed 5836K, reserved 1048576K
}
Event: 39.276 GC heap before
{Heap before GC invocations=37 (full 0):
 garbage-first heap   total 64512K, used 54784K [0x00000000c0000000, 0x00000000c01001f8, 0x0000000100000000)
  region size 1024K, 17 young (17408K), 1 survivors (1024K)
 Metaspace       used 48333K, capacity 51218K, committed 51404K, reserved 1095680K
  class space    used 5012K, capacity 5823K, committed 5836K, reserved 1048576K
Event: 39.286 GC heap after
Heap after GC invocations=38 (full 0):
 garbage-first heap   total 64512K, used 40818K [0x00000000c0000000, 0x00000000c01001f8, 0x0000000100000000)
  region size 1024K, 3 young (3072K), 3 survivors (3072K)
 Metaspace       used 48333K, capacity 51218K, committed 51404K, reserved 1095680K
  class space    used 5012K, capacity 5823K, committed 5836K, reserved 1048576K
}

