# JRE version: Java(TM) SE Runtime Environment (8.0_171-b11) (build 1.8.0_171-b11)
# Java VM: Java HotSpot(TM) 64-Bit Server VM (25.171-b11 mixed mode windows-amd64 compressed oops)
Heap:
 garbage-first heap   total 256000K, used 106284K [0x00000000c0000000, 0x00000000c01007d0, 0x0000000100000000)
  region size 1024K, 2 young (2048K), 2 survivors (2048K)
 Metaspace       used 49856K, capacity 52706K, committed 52864K, reserved 1095680K
  class space    used 5155K, capacity 6012K, committed 6016K, reserved 1048576K
GC Heap History (10 events):
Event: 48.033 GC heap after
Heap after GC invocations=51 (full 0):
 garbage-first heap   total 121856K, used 67580K [0x00000000c0000000, 0x00000000c01003b8, 0x0000000100000000)
  region size 1024K, 3 young (3072K), 3 survivors (3072K)
 Metaspace       used 49851K, capacity 52706K, committed 52864K, reserved 1095680K
  class space    used 5155K, capacity 6012K, committed 6016K, reserved 1048576K
}
Event: 48.208 GC heap before
{Heap before GC invocations=51 (full 0):
 garbage-first heap   total 121856K, used 101372K [0x00000000c0000000, 0x00000000c01003b8, 0x0000000100000000)
  region size 1024K, 36 young (36864K), 3 survivors (3072K)
 Metaspace       used 49851K, capacity 52706K, committed 52864K, reserved 1095680K
  class space    used 5155K, capacity 6012K, committed 6016K, reserved 1048576K
Event: 48.243 GC heap after
Heap after GC invocations=52 (full 0):
 garbage-first heap   total 121856K, used 80172K [0x00000000c0000000, 0x00000000c01003b8, 0x0000000100000000)
  region size 1024K, 5 young (5120K), 5 survivors (5120K)
 Metaspace       used 49851K, capacity 52706K, committed 52864K, reserved 1095680K
  class space    used 5155K, capacity 6012K, committed 6016K, reserved 1048576K
}
Event: 48.294 GC heap before
{Heap before GC invocations=52 (full 0):
 garbage-first heap   total 121856K, used 94508K [0x00000000c0000000, 0x00000000c01003b8, 0x0000000100000000)
  region size 1024K, 20 young (20480K), 5 survivors (5120K)
 Metaspace       used 49851K, capacity 52706K, committed 52864K, reserved 1095680K
  class space    used 5155K, capacity 6012K, committed 6016K, reserved 1048576K
Event: 48.319 GC heap after
Heap after GC invocations=53 (full 0):
 garbage-first heap   total 121856K, used 87340K [0x00000000c0000000, 0x00000000c01003b8, 0x0000000100000000)
  region size 1024K, 4 young (4096K), 4 survivors (4096K)
 Metaspace       used 49851K, capacity 52706K, committed 52864K, reserved 1095680K
  class space    used 5155K, capacity 6012K, committed 6016K, reserved 1048576K
}
Event: 48.462 GC heap before
{Heap before GC invocations=53 (full 0):
 garbage-first heap   total 121856K, used 111082K [0x00000000c0000000, 0x00000000c01003b8, 0x0000000100000000)
  region size 1024K, 19 young (19456K), 4 survivors (4096K)
 Metaspace       used 49852K, capacity 52706K, committed 52864K, reserved 1095680K
  class space    used 5155K, capacity 6012K, committed 6016K, reserved 1048576K
Event: 48.485 GC heap after
Heap after GC invocations=54 (full 0):
 garbage-first heap   total 128000K, used 93996K [0x00000000c0000000, 0x00000000c01003e8, 0x0000000100000000)
  region size 1024K, 3 young (3072K), 3 survivors (3072K)
 Metaspace       used 49852K, capacity 52706K, committed 52864K, reserved 1095680K
  class space    used 5155K, capacity 6012K, committed 6016K, reserved 1048576K
}
Event: 48.522 GC heap before
{Heap before GC invocations=54 (full 0):
 garbage-first heap   total 128000K, used 107308K [0x00000000c0000000, 0x00000000c01003e8, 0x0000000100000000)
  region size 1024K, 16 young (16384K), 3 survivors (3072K)
 Metaspace       used 49855K, capacity 52706K, committed 52864K, reserved 1095680K
  class space    used 5155K, capacity 6012K, committed 6016K, reserved 1048576K
Event: 48.551 GC heap after
Heap after GC invocations=55 (full 0):
 garbage-first heap   total 128000K, used 101164K [0x00000000c0000000, 0x00000000c01003e8, 0x0000000100000000)
  region size 1024K, 2 young (2048K), 2 survivors (2048K)
 Metaspace       used 49855K, capacity 52706K, committed 52864K, reserved 1095680K
  class space    used 5155K, capacity 6012K, committed 6016K, reserved 1048576K
}
Event: 48.571 GC heap before
{Heap before GC invocations=55 (full 0):
 garbage-first heap   total 128000K, used 108332K [0x00000000c0000000, 0x00000000c01003e8, 0x0000000100000000)
  region size 1024K, 9 young (9216K), 2 survivors (2048K)
 Metaspace       used 49856K, capacity 52706K, committed 52864K, reserved 1095680K
  class space    used 5155K, capacity 6012K, committed 6016K, reserved 1048576K

