# JRE version: Java(TM) SE Runtime Environment (8.0_171-b11) (build 1.8.0_171-b11)
# Java VM: Java HotSpot(TM) 64-Bit Server VM (25.171-b11 mixed mode windows-amd64 compressed oops)
Heap:
 garbage-first heap   total 79872K, used 51629K [0x00000000c0000000, 0x00000000c0100270, 0x0000000100000000)
  region size 1024K, 11 young (11264K), 1 survivors (1024K)
 Metaspace       used 57636K, capacity 60518K, committed 60928K, reserved 1103872K
  class space    used 5644K, capacity 6529K, committed 6656K, reserved 1048576K
GC Heap History (10 events):
Event: 717.562 GC heap before
{Heap before GC invocations=847 (full 0):
 garbage-first heap   total 79872K, used 48585K [0x00000000c0000000, 0x00000000c0100270, 0x0000000100000000)
  region size 1024K, 4 young (4096K), 3 survivors (3072K)
 Metaspace       used 57531K, capacity 60390K, committed 60672K, reserved 1103872K
  class space    used 5639K, capacity 6529K, committed 6656K, reserved 1048576K
Event: 717.571 GC heap after
Heap after GC invocations=848 (full 0):
 garbage-first heap   total 79872K, used 44282K [0x00000000c0000000, 0x00000000c0100270, 0x0000000100000000)
  region size 1024K, 1 young (1024K), 1 survivors (1024K)
 Metaspace       used 57531K, capacity 60390K, committed 60672K, reserved 1103872K
  class space    used 5639K, capacity 6529K, committed 6656K, reserved 1048576K
}
Event: 721.343 GC heap before
{Heap before GC invocations=848 (full 0):
 garbage-first heap   total 79872K, used 67834K [0x00000000c0000000, 0x00000000c0100270, 0x0000000100000000)
  region size 1024K, 24 young (24576K), 1 survivors (1024K)
 Metaspace       used 57554K, capacity 60454K, committed 60672K, reserved 1103872K
  class space    used 5639K, capacity 6529K, committed 6656K, reserved 1048576K
Event: 721.353 GC heap after
Heap after GC invocations=849 (full 0):
 garbage-first heap   total 79872K, used 45077K [0x00000000c0000000, 0x00000000c0100270, 0x0000000100000000)
  region size 1024K, 2 young (2048K), 2 survivors (2048K)
 Metaspace       used 57554K, capacity 60454K, committed 60672K, reserved 1103872K
  class space    used 5639K, capacity 6529K, committed 6656K, reserved 1048576K
}
Event: 725.992 GC heap before
{Heap before GC invocations=849 (full 0):
 garbage-first heap   total 79872K, used 68629K [0x00000000c0000000, 0x00000000c0100270, 0x0000000100000000)
  region size 1024K, 25 young (25600K), 2 survivors (2048K)
 Metaspace       used 57616K, capacity 60518K, committed 60928K, reserved 1103872K
  class space    used 5643K, capacity 6529K, committed 6656K, reserved 1048576K
Event: 725.997 GC heap after
Heap after GC invocations=850 (full 0):
 garbage-first heap   total 79872K, used 46282K [0x00000000c0000000, 0x00000000c0100270, 0x0000000100000000)
  region size 1024K, 3 young (3072K), 3 survivors (3072K)
 Metaspace       used 57616K, capacity 60518K, committed 60928K, reserved 1103872K
  class space    used 5643K, capacity 6529K, committed 6656K, reserved 1048576K
}
Event: 727.512 GC heap before
{Heap before GC invocations=851 (full 0):
 garbage-first heap   total 79872K, used 67786K [0x00000000c0000000, 0x00000000c0100270, 0x0000000100000000)
  region size 1024K, 24 young (24576K), 3 survivors (3072K)
 Metaspace       used 57636K, capacity 60518K, committed 60928K, reserved 1103872K
  class space    used 5644K, capacity 6529K, committed 6656K, reserved 1048576K
Event: 727.518 GC heap after
Heap after GC invocations=852 (full 0):
 garbage-first heap   total 79872K, used 44397K [0x00000000c0000000, 0x00000000c0100270, 0x0000000100000000)
  region size 1024K, 1 young (1024K), 1 survivors (1024K)
 Metaspace       used 57636K, capacity 60518K, committed 60928K, reserved 1103872K
  class space    used 5644K, capacity 6529K, committed 6656K, reserved 1048576K
}
Event: 727.545 GC heap before
{Heap before GC invocations=852 (full 0):
 garbage-first heap   total 79872K, used 46445K [0x00000000c0000000, 0x00000000c0100270, 0x0000000100000000)
  region size 1024K, 3 young (3072K), 1 survivors (1024K)
 Metaspace       used 57636K, capacity 60518K, committed 60928K, reserved 1103872K
  class space    used 5644K, capacity 6529K, committed 6656K, reserved 1048576K
Event: 727.559 GC heap after
Heap after GC invocations=853 (full 0):
 garbage-first heap   total 79872K, used 42413K [0x00000000c0000000, 0x00000000c0100270, 0x0000000100000000)
  region size 1024K, 1 young (1024K), 1 survivors (1024K)
 Metaspace       used 57636K, capacity 60518K, committed 60928K, reserved 1103872K
  class space    used 5644K, capacity 6529K, committed 6656K, reserved 1048576K
}

