# JRE version: Java(TM) SE Runtime Environment (8.0_171-b11) (build 1.8.0_171-b11)
# Java VM: Java HotSpot(TM) 64-Bit Server VM (25.171-b11 mixed mode windows-amd64 compressed oops)
Heap:
 garbage-first heap   total 126976K, used 46289K [0x00000000c0000000, 0x00000000c01003e0, 0x0000000100000000)
  region size 1024K, 1 young (1024K), 1 survivors (1024K)
 Metaspace       used 57282K, capacity 60270K, committed 60416K, reserved 1103872K
  class space    used 5686K, capacity 6568K, committed 6656K, reserved 1048576K
GC Heap History (10 events):
Event: 392.824 GC heap after
Heap after GC invocations=110 (full 0):
 garbage-first heap   total 63488K, used 51664K [0x00000000c0000000, 0x00000000c01001f0, 0x0000000100000000)
  region size 1024K, 1 young (1024K), 1 survivors (1024K)
 Metaspace       used 57271K, capacity 60270K, committed 60416K, reserved 1103872K
  class space    used 5686K, capacity 6568K, committed 6656K, reserved 1048576K
}
Event: 392.844 GC heap before
{Heap before GC invocations=110 (full 0):
 garbage-first heap   total 63488K, used 53712K [0x00000000c0000000, 0x00000000c01001f0, 0x0000000100000000)
  region size 1024K, 3 young (3072K), 1 survivors (1024K)
 Metaspace       used 57273K, capacity 60270K, committed 60416K, reserved 1103872K
  class space    used 5686K, capacity 6568K, committed 6656K, reserved 1048576K
Event: 392.850 GC heap after
Heap after GC invocations=111 (full 0):
 garbage-first heap   total 63488K, used 51798K [0x00000000c0000000, 0x00000000c01001f0, 0x0000000100000000)
  region size 1024K, 1 young (1024K), 1 survivors (1024K)
 Metaspace       used 57273K, capacity 60270K, committed 60416K, reserved 1103872K
  class space    used 5686K, capacity 6568K, committed 6656K, reserved 1048576K
}
Event: 392.886 GC heap before
{Heap before GC invocations=111 (full 0):
 garbage-first heap   total 63488K, used 53846K [0x00000000c0000000, 0x00000000c01001f0, 0x0000000100000000)
  region size 1024K, 3 young (3072K), 1 survivors (1024K)
 Metaspace       used 57273K, capacity 60270K, committed 60416K, reserved 1103872K
  class space    used 5686K, capacity 6568K, committed 6656K, reserved 1048576K
Event: 392.890 GC heap after
Heap after GC invocations=112 (full 0):
 garbage-first heap   total 63488K, used 52008K [0x00000000c0000000, 0x00000000c01001f0, 0x0000000100000000)
  region size 1024K, 1 young (1024K), 1 survivors (1024K)
 Metaspace       used 57273K, capacity 60270K, committed 60416K, reserved 1103872K
  class space    used 5686K, capacity 6568K, committed 6656K, reserved 1048576K
}
Event: 392.960 GC heap before
{Heap before GC invocations=113 (full 0):
 garbage-first heap   total 63488K, used 54056K [0x00000000c0000000, 0x00000000c01001f0, 0x0000000100000000)
  region size 1024K, 3 young (3072K), 1 survivors (1024K)
 Metaspace       used 57282K, capacity 60270K, committed 60416K, reserved 1103872K
  class space    used 5686K, capacity 6568K, committed 6656K, reserved 1048576K
Event: 392.965 GC heap after
Heap after GC invocations=114 (full 0):
 garbage-first heap   total 63488K, used 52492K [0x00000000c0000000, 0x00000000c01001f0, 0x0000000100000000)
  region size 1024K, 1 young (1024K), 1 survivors (1024K)
 Metaspace       used 57282K, capacity 60270K, committed 60416K, reserved 1103872K
  class space    used 5686K, capacity 6568K, committed 6656K, reserved 1048576K
}
Event: 392.996 GC heap before
{Heap before GC invocations=114 (full 0):
 garbage-first heap   total 63488K, used 54540K [0x00000000c0000000, 0x00000000c01001f0, 0x0000000100000000)
  region size 1024K, 3 young (3072K), 1 survivors (1024K)
 Metaspace       used 57282K, capacity 60270K, committed 60416K, reserved 1103872K
  class space    used 5686K, capacity 6568K, committed 6656K, reserved 1048576K
Event: 393.003 GC heap after
Heap after GC invocations=115 (full 0):
 garbage-first heap   total 63488K, used 47707K [0x00000000c0000000, 0x00000000c01001f0, 0x0000000100000000)
  region size 1024K, 1 young (1024K), 1 survivors (1024K)
 Metaspace       used 57282K, capacity 60270K, committed 60416K, reserved 1103872K
  class space    used 5686K, capacity 6568K, committed 6656K, reserved 1048576K
}
Event: 393.031 GC heap before
{Heap before GC invocations=115 (full 0):
 garbage-first heap   total 63488K, used 49755K [0x00000000c0000000, 0x00000000c01001f0, 0x0000000100000000)
  region size 1024K, 3 young (3072K), 1 survivors (1024K)
 Metaspace       used 57282K, capacity 60270K, committed 60416K, reserved 1103872K
  class space    used 5686K, capacity 6568K, committed 6656K, reserved 1048576K

