# JRE version: Java(TM) SE Runtime Environment (8.0_171-b11) (build 1.8.0_171-b11)
# Java VM: Java HotSpot(TM) 64-Bit Server VM (25.171-b11 mixed mode windows-amd64 compressed oops)
Heap:
 garbage-first heap   total 63488K, used 39782K [0x00000000c0000000, 0x00000000c01001f0, 0x0000000100000000)
  region size 1024K, 8 young (8192K), 1 survivors (1024K)
 Metaspace       used 47582K, capacity 50220K, committed 50512K, reserved 1093632K
  class space    used 4862K, capacity 5735K, committed 5808K, reserved 1048576K
GC Heap History (10 events):
Event: 18.186 GC heap before
{Heap before GC invocations=26 (full 0):
 garbage-first heap   total 63488K, used 51712K [0x00000000c0000000, 0x00000000c01001f0, 0x0000000100000000)
  region size 1024K, 13 young (13312K), 2 survivors (2048K)
 Metaspace       used 47165K, capacity 49894K, committed 50000K, reserved 1093632K
  class space    used 4857K, capacity 5732K, committed 5808K, reserved 1048576K
Event: 18.198 GC heap after
Heap after GC invocations=27 (full 0):
 garbage-first heap   total 63488K, used 39360K [0x00000000c0000000, 0x00000000c01001f0, 0x0000000100000000)
  region size 1024K, 1 young (1024K), 1 survivors (1024K)
 Metaspace       used 47165K, capacity 49894K, committed 50000K, reserved 1093632K
  class space    used 4857K, capacity 5732K, committed 5808K, reserved 1048576K
}
Event: 18.216 GC heap before
{Heap before GC invocations=27 (full 0):
 garbage-first heap   total 63488K, used 41408K [0x00000000c0000000, 0x00000000c01001f0, 0x0000000100000000)
  region size 1024K, 3 young (3072K), 1 survivors (1024K)
 Metaspace       used 47175K, capacity 49894K, committed 50000K, reserved 1093632K
  class space    used 4857K, capacity 5732K, committed 5808K, reserved 1048576K
Event: 18.224 GC heap after
Heap after GC invocations=28 (full 0):
 garbage-first heap   total 63488K, used 34446K [0x00000000c0000000, 0x00000000c01001f0, 0x0000000100000000)
  region size 1024K, 1 young (1024K), 1 survivors (1024K)
 Metaspace       used 47175K, capacity 49894K, committed 50000K, reserved 1093632K
  class space    used 4857K, capacity 5732K, committed 5808K, reserved 1048576K
}
Event: 18.245 GC heap before
{Heap before GC invocations=28 (full 0):
 garbage-first heap   total 63488K, used 36494K [0x00000000c0000000, 0x00000000c01001f0, 0x0000000100000000)
  region size 1024K, 3 young (3072K), 1 survivors (1024K)
 Metaspace       used 47256K, capacity 49958K, committed 50256K, reserved 1093632K
  class space    used 4857K, capacity 5732K, committed 5808K, reserved 1048576K
Event: 18.260 GC heap after
Heap after GC invocations=29 (full 0):
 garbage-first heap   total 63488K, used 33485K [0x00000000c0000000, 0x00000000c01001f0, 0x0000000100000000)
  region size 1024K, 1 young (1024K), 1 survivors (1024K)
 Metaspace       used 47256K, capacity 49958K, committed 50256K, reserved 1093632K
  class space    used 4857K, capacity 5732K, committed 5808K, reserved 1048576K
}
Event: 18.511 GC heap before
{Heap before GC invocations=29 (full 0):
 garbage-first heap   total 63488K, used 51917K [0x00000000c0000000, 0x00000000c01001f0, 0x0000000100000000)
  region size 1024K, 19 young (19456K), 1 survivors (1024K)
 Metaspace       used 47363K, capacity 50022K, committed 50256K, reserved 1093632K
  class space    used 4857K, capacity 5732K, committed 5808K, reserved 1048576K
Event: 18.518 GC heap after
Heap after GC invocations=30 (full 0):
 garbage-first heap   total 63488K, used 33349K [0x00000000c0000000, 0x00000000c01001f0, 0x0000000100000000)
  region size 1024K, 1 young (1024K), 1 survivors (1024K)
 Metaspace       used 47363K, capacity 50022K, committed 50256K, reserved 1093632K
  class space    used 4857K, capacity 5732K, committed 5808K, reserved 1048576K
}
Event: 18.824 GC heap before
{Heap before GC invocations=30 (full 0):
 garbage-first heap   total 63488K, used 52805K [0x00000000c0000000, 0x00000000c01001f0, 0x0000000100000000)
  region size 1024K, 20 young (20480K), 1 survivors (1024K)
 Metaspace       used 47567K, capacity 50220K, committed 50512K, reserved 1093632K
  class space    used 4862K, capacity 5735K, committed 5808K, reserved 1048576K
Event: 18.828 GC heap after
Heap after GC invocations=31 (full 0):
 garbage-first heap   total 63488K, used 33638K [0x00000000c0000000, 0x00000000c01001f0, 0x0000000100000000)
  region size 1024K, 1 young (1024K), 1 survivors (1024K)
 Metaspace       used 47567K, capacity 50220K, committed 50512K, reserved 1093632K
  class space    used 4862K, capacity 5735K, committed 5808K, reserved 1048576K
}

