# JRE version: Java(TM) SE Runtime Environment (8.0_171-b11) (build 1.8.0_171-b11)
# Java VM: Java HotSpot(TM) 64-Bit Server VM (25.171-b11 mixed mode windows-amd64 compressed oops)
Heap:
 garbage-first heap   total 63488K, used 43520K [0x00000000c0000000, 0x00000000c01001f0, 0x0000000100000000)
  region size 1024K, 28 young (28672K), 5 survivors (5120K)
 Metaspace       used 30956K, capacity 32612K, committed 32896K, reserved 1079296K
  class space    used 3312K, capacity 3842K, committed 3968K, reserved 1048576K
GC Heap History (10 events):
Event: 12.853 GC heap before
{Heap before GC invocations=2 (full 0):
 garbage-first heap   total 63488K, used 40959K [0x00000000c0000000, 0x00000000c01001f0, 0x0000000100000000)
  region size 1024K, 37 young (37888K), 1 survivors (1024K)
 Metaspace       used 16625K, capacity 17468K, committed 17536K, reserved 1064960K
  class space    used 1644K, capacity 1906K, committed 1920K, reserved 1048576K
Event: 12.871 GC heap after
Heap after GC invocations=3 (full 0):
 garbage-first heap   total 63488K, used 16264K [0x00000000c0000000, 0x00000000c01001f0, 0x0000000100000000)
  region size 1024K, 5 young (5120K), 5 survivors (5120K)
 Metaspace       used 16625K, capacity 17468K, committed 17536K, reserved 1064960K
  class space    used 1644K, capacity 1906K, committed 1920K, reserved 1048576K
}
Event: 13.682 GC heap before
{Heap before GC invocations=3 (full 0):
 garbage-first heap   total 63488K, used 40840K [0x00000000c0000000, 0x00000000c01001f0, 0x0000000100000000)
  region size 1024K, 30 young (30720K), 5 survivors (5120K)
 Metaspace       used 20245K, capacity 21182K, committed 21296K, reserved 1069056K
  class space    used 2086K, capacity 2384K, committed 2432K, reserved 1048576K
Event: 13.697 GC heap after
Heap after GC invocations=4 (full 0):
 garbage-first heap   total 63488K, used 21504K [0x00000000c0000000, 0x00000000c01001f0, 0x0000000100000000)
  region size 1024K, 5 young (5120K), 5 survivors (5120K)
 Metaspace       used 20245K, capacity 21182K, committed 21296K, reserved 1069056K
  class space    used 2086K, capacity 2384K, committed 2432K, reserved 1048576K
}
Event: 14.411 GC heap before
{Heap before GC invocations=5 (full 0):
 garbage-first heap   total 63488K, used 45056K [0x00000000c0000000, 0x00000000c01001f0, 0x0000000100000000)
  region size 1024K, 33 young (33792K), 5 survivors (5120K)
 Metaspace       used 23430K, capacity 24398K, committed 24576K, reserved 1071104K
  class space    used 2495K, capacity 2812K, committed 2816K, reserved 1048576K
Event: 14.420 GC heap after
Heap after GC invocations=6 (full 0):
 garbage-first heap   total 63488K, used 17920K [0x00000000c0000000, 0x00000000c01001f0, 0x0000000100000000)
  region size 1024K, 5 young (5120K), 5 survivors (5120K)
 Metaspace       used 23430K, capacity 24398K, committed 24576K, reserved 1071104K
  class space    used 2495K, capacity 2812K, committed 2816K, reserved 1048576K
}
Event: 14.440 GC heap before
{Heap before GC invocations=6 (full 0):
 garbage-first heap   total 63488K, used 18944K [0x00000000c0000000, 0x00000000c01001f0, 0x0000000100000000)
  region size 1024K, 6 young (6144K), 5 survivors (5120K)
 Metaspace       used 23560K, capacity 24558K, committed 24704K, reserved 1071104K
  class space    used 2512K, capacity 2844K, committed 2944K, reserved 1048576K
Event: 14.446 GC heap after
Heap after GC invocations=7 (full 0):
 garbage-first heap   total 63488K, used 15201K [0x00000000c0000000, 0x00000000c01001f0, 0x0000000100000000)
  region size 1024K, 1 young (1024K), 1 survivors (1024K)
 Metaspace       used 23560K, capacity 24558K, committed 24704K, reserved 1071104K
  class space    used 2512K, capacity 2844K, committed 2944K, reserved 1048576K
}
Event: 15.239 GC heap before
{Heap before GC invocations=7 (full 0):
 garbage-first heap   total 63488K, used 51041K [0x00000000c0000000, 0x00000000c01001f0, 0x0000000100000000)
  region size 1024K, 36 young (36864K), 1 survivors (1024K)
 Metaspace       used 26237K, capacity 27522K, committed 27648K, reserved 1073152K
  class space    used 2845K, capacity 3306K, committed 3328K, reserved 1048576K
Event: 15.248 GC heap after
Heap after GC invocations=8 (full 0):
 garbage-first heap   total 63488K, used 20992K [0x00000000c0000000, 0x00000000c01001f0, 0x0000000100000000)
  region size 1024K, 5 young (5120K), 5 survivors (5120K)
 Metaspace       used 26237K, capacity 27522K, committed 27648K, reserved 1073152K
  class space    used 2845K, capacity 3306K, committed 3328K, reserved 1048576K
}

