# JRE version: Java(TM) SE Runtime Environment (8.0_171-b11) (build 1.8.0_171-b11)
# Java VM: Java HotSpot(TM) 64-Bit Server VM (25.171-b11 mixed mode windows-amd64 compressed oops)
Heap:
 garbage-first heap   total 120832K, used 110264K [0x00000000c0000000, 0x00000000c01003b0, 0x0000000100000000)
  region size 1024K, 3 young (3072K), 1 survivors (1024K)
 Metaspace       used 41447K, capacity 43828K, committed 43904K, reserved 1087488K
  class space    used 4456K, capacity 5194K, committed 5248K, reserved 1048576K
GC Heap History (10 events):
Event: 43.376 GC heap before
{Heap before GC invocations=27 (full 0):
 garbage-first heap   total 120832K, used 101676K [0x00000000c0000000, 0x00000000c01003b0, 0x0000000100000000)
  region size 1024K, 17 young (17408K), 4 survivors (4096K)
 Metaspace       used 41441K, capacity 43828K, committed 43904K, reserved 1087488K
  class space    used 4456K, capacity 5194K, committed 5248K, reserved 1048576K
Event: 43.400 GC heap after
Heap after GC invocations=28 (full 0):
 garbage-first heap   total 120832K, used 96044K [0x00000000c0000000, 0x00000000c01003b0, 0x0000000100000000)
  region size 1024K, 3 young (3072K), 3 survivors (3072K)
 Metaspace       used 41441K, capacity 43828K, committed 43904K, reserved 1087488K
  class space    used 4456K, capacity 5194K, committed 5248K, reserved 1048576K
}
Event: 43.431 GC heap before
{Heap before GC invocations=28 (full 0):
 garbage-first heap   total 120832K, used 103212K [0x00000000c0000000, 0x00000000c01003b0, 0x0000000100000000)
  region size 1024K, 10 young (10240K), 3 survivors (3072K)
 Metaspace       used 41441K, capacity 43828K, committed 43904K, reserved 1087488K
  class space    used 4456K, capacity 5194K, committed 5248K, reserved 1048576K
Event: 43.454 GC heap after
Heap after GC invocations=29 (full 0):
 garbage-first heap   total 120832K, used 100140K [0x00000000c0000000, 0x00000000c01003b0, 0x0000000100000000)
  region size 1024K, 2 young (2048K), 2 survivors (2048K)
 Metaspace       used 41441K, capacity 43828K, committed 43904K, reserved 1087488K
  class space    used 4456K, capacity 5194K, committed 5248K, reserved 1048576K
}
Event: 43.472 GC heap before
{Heap before GC invocations=29 (full 0):
 garbage-first heap   total 120832K, used 104236K [0x00000000c0000000, 0x00000000c01003b0, 0x0000000100000000)
  region size 1024K, 6 young (6144K), 2 survivors (2048K)
 Metaspace       used 41441K, capacity 43828K, committed 43904K, reserved 1087488K
  class space    used 4456K, capacity 5194K, committed 5248K, reserved 1048576K
Event: 43.497 GC heap after
Heap after GC invocations=30 (full 0):
 garbage-first heap   total 120832K, used 103212K [0x00000000c0000000, 0x00000000c01003b0, 0x0000000100000000)
  region size 1024K, 1 young (1024K), 1 survivors (1024K)
 Metaspace       used 41441K, capacity 43828K, committed 43904K, reserved 1087488K
  class space    used 4456K, capacity 5194K, committed 5248K, reserved 1048576K
}
Event: 43.513 GC heap before
{Heap before GC invocations=30 (full 0):
 garbage-first heap   total 120832K, used 107308K [0x00000000c0000000, 0x00000000c01003b0, 0x0000000100000000)
  region size 1024K, 5 young (5120K), 1 survivors (1024K)
 Metaspace       used 41441K, capacity 43828K, committed 43904K, reserved 1087488K
  class space    used 4456K, capacity 5194K, committed 5248K, reserved 1048576K
Event: 43.524 GC heap after
Heap after GC invocations=31 (full 0):
 garbage-first heap   total 120832K, used 106284K [0x00000000c0000000, 0x00000000c01003b0, 0x0000000100000000)
  region size 1024K, 1 young (1024K), 1 survivors (1024K)
 Metaspace       used 41441K, capacity 43828K, committed 43904K, reserved 1087488K
  class space    used 4456K, capacity 5194K, committed 5248K, reserved 1048576K
}
Event: 43.540 GC heap before
{Heap before GC invocations=31 (full 0):
 garbage-first heap   total 120832K, used 110380K [0x00000000c0000000, 0x00000000c01003b0, 0x0000000100000000)
  region size 1024K, 5 young (5120K), 1 survivors (1024K)
 Metaspace       used 41442K, capacity 43828K, committed 43904K, reserved 1087488K
  class space    used 4456K, capacity 5194K, committed 5248K, reserved 1048576K
Event: 43.551 GC heap after
Heap after GC invocations=32 (full 0):
 garbage-first heap   total 120832K, used 110264K [0x00000000c0000000, 0x00000000c01003b0, 0x0000000100000000)
  region size 1024K, 1 young (1024K), 1 survivors (1024K)
 Metaspace       used 41442K, capacity 43828K, committed 43904K, reserved 1087488K
  class space    used 4456K, capacity 5194K, committed 5248K, reserved 1048576K
}

