# JRE version: Java(TM) SE Runtime Environment (8.0_171-b11) (build 1.8.0_171-b11)
# Java VM: Java HotSpot(TM) 64-Bit Server VM (25.171-b11 mixed mode windows-amd64 compressed oops)
Heap:
 garbage-first heap   total 411648K, used 172268K [0x00000000c0000000, 0x00000000c0100c90, 0x0000000100000000)
  region size 1024K, 59 young (60416K), 17 survivors (17408K)
 Metaspace       used 57087K, capacity 60016K, committed 60160K, reserved 1103872K
  class space    used 5660K, capacity 6620K, committed 6656K, reserved 1048576K
GC Heap History (10 events):
Event: 259.615 GC heap before
{Heap before GC invocations=47 (full 0):
 garbage-first heap   total 411648K, used 354028K [0x00000000c0000000, 0x00000000c0100c90, 0x0000000100000000)
  region size 1024K, 235 young (240640K), 13 survivors (13312K)
 Metaspace       used 56634K, capacity 59712K, committed 59904K, reserved 1101824K
  class space    used 5639K, capacity 6588K, committed 6656K, reserved 1048576K
Event: 259.639 GC heap after
Heap after GC invocations=48 (full 0):
 garbage-first heap   total 411648K, used 128236K [0x00000000c0000000, 0x00000000c0100c90, 0x0000000100000000)
  region size 1024K, 15 young (15360K), 15 survivors (15360K)
 Metaspace       used 56634K, capacity 59712K, committed 59904K, reserved 1101824K
  class space    used 5639K, capacity 6588K, committed 6656K, reserved 1048576K
}
Event: 267.414 GC heap before
{Heap before GC invocations=48 (full 0):
 garbage-first heap   total 411648K, used 355625K [0x00000000c0000000, 0x00000000c0100c90, 0x0000000100000000)
  region size 1024K, 233 young (238592K), 15 survivors (15360K)
 Metaspace       used 56711K, capacity 59776K, committed 59904K, reserved 1101824K
  class space    used 5642K, capacity 6588K, committed 6656K, reserved 1048576K
Event: 267.436 GC heap after
Heap after GC invocations=49 (full 0):
 garbage-first heap   total 411648K, used 126700K [0x00000000c0000000, 0x00000000c0100c90, 0x0000000100000000)
  region size 1024K, 13 young (13312K), 13 survivors (13312K)
 Metaspace       used 56711K, capacity 59776K, committed 59904K, reserved 1101824K
  class space    used 5642K, capacity 6588K, committed 6656K, reserved 1048576K
}
Event: 272.998 GC heap before
{Heap before GC invocations=49 (full 0):
 garbage-first heap   total 411648K, used 354028K [0x00000000c0000000, 0x00000000c0100c90, 0x0000000100000000)
  region size 1024K, 235 young (240640K), 13 survivors (13312K)
 Metaspace       used 56787K, capacity 59780K, committed 59904K, reserved 1101824K
  class space    used 5642K, capacity 6588K, committed 6656K, reserved 1048576K
Event: 273.022 GC heap after
Heap after GC invocations=50 (full 0):
 garbage-first heap   total 411648K, used 128748K [0x00000000c0000000, 0x00000000c0100c90, 0x0000000100000000)
  region size 1024K, 15 young (15360K), 15 survivors (15360K)
 Metaspace       used 56787K, capacity 59780K, committed 59904K, reserved 1101824K
  class space    used 5642K, capacity 6588K, committed 6656K, reserved 1048576K
}
Event: 282.507 GC heap before
{Heap before GC invocations=50 (full 0):
 garbage-first heap   total 411648K, used 351980K [0x00000000c0000000, 0x00000000c0100c90, 0x0000000100000000)
  region size 1024K, 233 young (238592K), 15 survivors (15360K)
 Metaspace       used 56886K, capacity 59852K, committed 60160K, reserved 1103872K
  class space    used 5647K, capacity 6588K, committed 6656K, reserved 1048576K
Event: 282.531 GC heap after
Heap after GC invocations=51 (full 0):
 garbage-first heap   total 411648K, used 128748K [0x00000000c0000000, 0x00000000c0100c90, 0x0000000100000000)
  region size 1024K, 15 young (15360K), 15 survivors (15360K)
 Metaspace       used 56886K, capacity 59852K, committed 60160K, reserved 1103872K
  class space    used 5647K, capacity 6588K, committed 6656K, reserved 1048576K
}
Event: 290.175 GC heap before
{Heap before GC invocations=51 (full 0):
 garbage-first heap   total 411648K, used 357328K [0x00000000c0000000, 0x00000000c0100c90, 0x0000000100000000)
  region size 1024K, 233 young (238592K), 15 survivors (15360K)
 Metaspace       used 56974K, capacity 59920K, committed 60160K, reserved 1103872K
  class space    used 5651K, capacity 6588K, committed 6656K, reserved 1048576K
Event: 290.202 GC heap after
Heap after GC invocations=52 (full 0):
 garbage-first heap   total 411648K, used 130284K [0x00000000c0000000, 0x00000000c0100c90, 0x0000000100000000)
  region size 1024K, 17 young (17408K), 17 survivors (17408K)
 Metaspace       used 56974K, capacity 59920K, committed 60160K, reserved 1103872K
  class space    used 5651K, capacity 6588K, committed 6656K, reserved 1048576K
}

