# JRE version: Java(TM) SE Runtime Environment (8.0_171-b11) (build 1.8.0_171-b11)
# Java VM: Java HotSpot(TM) 64-Bit Server VM (25.171-b11 mixed mode windows-amd64 compressed oops)
Heap:
 garbage-first heap   total 409600K, used 223401K [0x00000000c0000000, 0x00000000c0100c80, 0x0000000100000000)
  region size 1024K, 111 young (113664K), 15 survivors (15360K)
 Metaspace       used 56853K, capacity 59594K, committed 59776K, reserved 1101824K
  class space    used 5608K, capacity 6498K, committed 6528K, reserved 1048576K
GC Heap History (10 events):
Event: 1390.372 GC heap before
{Heap before GC invocations=46 (full 0):
 garbage-first heap   total 409600K, used 354306K [0x00000000c0000000, 0x00000000c0100c80, 0x0000000100000000)
  region size 1024K, 240 young (245760K), 12 survivors (12288K)
 Metaspace       used 53915K, capacity 56932K, committed 57216K, reserved 1099776K
  class space    used 5342K, capacity 6258K, committed 6272K, reserved 1048576K
Event: 1390.404 GC heap after
Heap after GC invocations=47 (full 0):
 garbage-first heap   total 409600K, used 118786K [0x00000000c0000000, 0x00000000c0100c80, 0x0000000100000000)
  region size 1024K, 10 young (10240K), 10 survivors (10240K)
 Metaspace       used 53915K, capacity 56932K, committed 57216K, reserved 1099776K
  class space    used 5342K, capacity 6258K, committed 6272K, reserved 1048576K
}
Event: 1435.295 GC heap before
{Heap before GC invocations=47 (full 0):
 garbage-first heap   total 409600K, used 354306K [0x00000000c0000000, 0x00000000c0100c80, 0x0000000100000000)
  region size 1024K, 240 young (245760K), 10 survivors (10240K)
 Metaspace       used 54701K, capacity 57652K, committed 57856K, reserved 1101824K
  class space    used 5427K, capacity 6328K, committed 6400K, reserved 1048576K
Event: 1435.337 GC heap after
Heap after GC invocations=48 (full 0):
 garbage-first heap   total 409600K, used 120834K [0x00000000c0000000, 0x00000000c0100c80, 0x0000000100000000)
  region size 1024K, 12 young (12288K), 12 survivors (12288K)
 Metaspace       used 54701K, capacity 57652K, committed 57856K, reserved 1101824K
  class space    used 5427K, capacity 6328K, committed 6400K, reserved 1048576K
}
Event: 1465.611 GC heap before
{Heap before GC invocations=48 (full 0):
 garbage-first heap   total 409600K, used 354306K [0x00000000c0000000, 0x00000000c0100c80, 0x0000000100000000)
  region size 1024K, 240 young (245760K), 12 survivors (12288K)
 Metaspace       used 54922K, capacity 57804K, committed 58112K, reserved 1101824K
  class space    used 5433K, capacity 6330K, committed 6400K, reserved 1048576K
Event: 1465.643 GC heap after
Heap after GC invocations=49 (full 0):
 garbage-first heap   total 409600K, used 118786K [0x00000000c0000000, 0x00000000c0100c80, 0x0000000100000000)
  region size 1024K, 10 young (10240K), 10 survivors (10240K)
 Metaspace       used 54922K, capacity 57804K, committed 58112K, reserved 1101824K
  class space    used 5433K, capacity 6330K, committed 6400K, reserved 1048576K
}
Event: 1483.703 GC heap before
{Heap before GC invocations=49 (full 0):
 garbage-first heap   total 409600K, used 354306K [0x00000000c0000000, 0x00000000c0100c80, 0x0000000100000000)
  region size 1024K, 240 young (245760K), 10 survivors (10240K)
 Metaspace       used 55035K, capacity 57932K, committed 58112K, reserved 1101824K
  class space    used 5433K, capacity 6330K, committed 6400K, reserved 1048576K
Event: 1483.735 GC heap after
Heap after GC invocations=50 (full 0):
 garbage-first heap   total 409600K, used 118786K [0x00000000c0000000, 0x00000000c0100c80, 0x0000000100000000)
  region size 1024K, 10 young (10240K), 10 survivors (10240K)
 Metaspace       used 55035K, capacity 57932K, committed 58112K, reserved 1101824K
  class space    used 5433K, capacity 6330K, committed 6400K, reserved 1048576K
}
Event: 1554.239 GC heap before
{Heap before GC invocations=50 (full 0):
 garbage-first heap   total 409600K, used 357729K [0x00000000c0000000, 0x00000000c0100c80, 0x0000000100000000)
  region size 1024K, 240 young (245760K), 10 survivors (10240K)
 Metaspace       used 55835K, capacity 58692K, committed 58880K, reserved 1101824K
  class space    used 5480K, capacity 6364K, committed 6400K, reserved 1048576K
Event: 1554.287 GC heap after
Heap after GC invocations=51 (full 0):
 garbage-first heap   total 409600K, used 124644K [0x00000000c0000000, 0x00000000c0100c80, 0x0000000100000000)
  region size 1024K, 15 young (15360K), 15 survivors (15360K)
 Metaspace       used 55835K, capacity 58692K, committed 58880K, reserved 1101824K
  class space    used 5480K, capacity 6364K, committed 6400K, reserved 1048576K
}

