# JRE version: Java(TM) SE Runtime Environment (8.0_171-b11) (build 1.8.0_171-b11)
# Java VM: Java HotSpot(TM) 64-Bit Server VM (25.171-b11 mixed mode windows-amd64 compressed oops)
Heap:
 garbage-first heap   total 253952K, used 98660K [0x00000000c0000000, 0x00000000c01007c0, 0x0000000100000000)
  region size 1024K, 52 young (53248K), 12 survivors (12288K)
 Metaspace       used 54418K, capacity 57396K, committed 57472K, reserved 1099776K
  class space    used 5402K, capacity 6268K, committed 6272K, reserved 1048576K
GC Heap History (10 events):
Event: 75.917 GC heap before
{Heap before GC invocations=87 (full 0):
 garbage-first heap   total 253952K, used 196834K [0x00000000c0000000, 0x00000000c01007c0, 0x0000000100000000)
  region size 1024K, 148 young (151552K), 10 survivors (10240K)
 Metaspace       used 53880K, capacity 56788K, committed 56960K, reserved 1099776K
  class space    used 5397K, capacity 6265K, committed 6272K, reserved 1048576K
Event: 75.932 GC heap after
Heap after GC invocations=88 (full 0):
 garbage-first heap   total 253952K, used 56546K [0x00000000c0000000, 0x00000000c01007c0, 0x0000000100000000)
  region size 1024K, 11 young (11264K), 11 survivors (11264K)
 Metaspace       used 53880K, capacity 56788K, committed 56960K, reserved 1099776K
  class space    used 5397K, capacity 6265K, committed 6272K, reserved 1048576K
}
Event: 85.064 GC heap before
{Heap before GC invocations=88 (full 0):
 garbage-first heap   total 253952K, used 196834K [0x00000000c0000000, 0x00000000c01007c0, 0x0000000100000000)
  region size 1024K, 148 young (151552K), 11 survivors (11264K)
 Metaspace       used 53975K, capacity 56866K, committed 56960K, reserved 1099776K
  class space    used 5398K, capacity 6266K, committed 6272K, reserved 1048576K
Event: 85.077 GC heap after
Heap after GC invocations=89 (full 0):
 garbage-first heap   total 253952K, used 55522K [0x00000000c0000000, 0x00000000c01007c0, 0x0000000100000000)
  region size 1024K, 10 young (10240K), 10 survivors (10240K)
 Metaspace       used 53975K, capacity 56866K, committed 56960K, reserved 1099776K
  class space    used 5398K, capacity 6266K, committed 6272K, reserved 1048576K
}
Event: 89.642 GC heap before
{Heap before GC invocations=89 (full 0):
 garbage-first heap   total 253952K, used 196834K [0x00000000c0000000, 0x00000000c01007c0, 0x0000000100000000)
  region size 1024K, 148 young (151552K), 10 survivors (10240K)
 Metaspace       used 54065K, capacity 56998K, committed 57216K, reserved 1099776K
  class space    used 5398K, capacity 6266K, committed 6272K, reserved 1048576K
Event: 89.656 GC heap after
Heap after GC invocations=90 (full 0):
 garbage-first heap   total 253952K, used 55010K [0x00000000c0000000, 0x00000000c01007c0, 0x0000000100000000)
  region size 1024K, 10 young (10240K), 10 survivors (10240K)
 Metaspace       used 54065K, capacity 56998K, committed 57216K, reserved 1099776K
  class space    used 5398K, capacity 6266K, committed 6272K, reserved 1048576K
}
Event: 104.568 GC heap before
{Heap before GC invocations=90 (full 0):
 garbage-first heap   total 253952K, used 196898K [0x00000000c0000000, 0x00000000c01007c0, 0x0000000100000000)
  region size 1024K, 148 young (151552K), 10 survivors (10240K)
 Metaspace       used 54239K, capacity 57130K, committed 57216K, reserved 1099776K
  class space    used 5399K, capacity 6266K, committed 6272K, reserved 1048576K
Event: 104.581 GC heap after
Heap after GC invocations=91 (full 0):
 garbage-first heap   total 253952K, used 55074K [0x00000000c0000000, 0x00000000c01007c0, 0x0000000100000000)
  region size 1024K, 9 young (9216K), 9 survivors (9216K)
 Metaspace       used 54239K, capacity 57130K, committed 57216K, reserved 1099776K
  class space    used 5399K, capacity 6266K, committed 6272K, reserved 1048576K
}
Event: 107.442 GC heap before
{Heap before GC invocations=91 (full 0):
 garbage-first heap   total 253952K, used 211671K [0x00000000c0000000, 0x00000000c01007c0, 0x0000000100000000)
  region size 1024K, 148 young (151552K), 9 survivors (9216K)
 Metaspace       used 54381K, capacity 57322K, committed 57472K, reserved 1099776K
  class space    used 5401K, capacity 6266K, committed 6272K, reserved 1048576K
Event: 107.460 GC heap after
Heap after GC invocations=92 (full 0):
 garbage-first heap   total 253952K, used 57058K [0x00000000c0000000, 0x00000000c01007c0, 0x0000000100000000)
  region size 1024K, 12 young (12288K), 12 survivors (12288K)
 Metaspace       used 54381K, capacity 57322K, committed 57472K, reserved 1099776K
  class space    used 5401K, capacity 6266K, committed 6272K, reserved 1048576K
}

