# JRE version: Java(TM) SE Runtime Environment (8.0_171-b11) (build 1.8.0_171-b11)
# Java VM: Java HotSpot(TM) 64-Bit Server VM (25.171-b11 mixed mode windows-amd64 compressed oops)
Heap:
 garbage-first heap   total 581632K, used 159599K [0x00000000c0000000, 0x00000000c01011c0, 0x0000000100000000)
  region size 1024K, 30 young (30720K), 30 survivors (30720K)
 Metaspace       used 46589K, capacity 49504K, committed 49664K, reserved 1093632K
  class space    used 4943K, capacity 5808K, committed 5888K, reserved 1048576K
GC Heap History (10 events):
Event: 27.543 GC heap after
Heap after GC invocations=51 (full 0):
 garbage-first heap   total 317440K, used 156244K [0x00000000c0000000, 0x00000000c01009b0, 0x0000000100000000)
  region size 1024K, 13 young (13312K), 13 survivors (13312K)
 Metaspace       used 46580K, capacity 49504K, committed 49664K, reserved 1093632K
  class space    used 4943K, capacity 5808K, committed 5888K, reserved 1048576K
}
Event: 27.996 GC heap before
{Heap before GC invocations=51 (full 0):
 garbage-first heap   total 317440K, used 199252K [0x00000000c0000000, 0x00000000c01009b0, 0x0000000100000000)
  region size 1024K, 56 young (57344K), 13 survivors (13312K)
 Metaspace       used 46583K, capacity 49504K, committed 49664K, reserved 1093632K
  class space    used 4943K, capacity 5808K, committed 5888K, reserved 1048576K
Event: 28.038 GC heap after
Heap after GC invocations=52 (full 0):
 garbage-first heap   total 317440K, used 163924K [0x00000000c0000000, 0x00000000c01009b0, 0x0000000100000000)
  region size 1024K, 7 young (7168K), 7 survivors (7168K)
 Metaspace       used 46583K, capacity 49504K, committed 49664K, reserved 1093632K
  class space    used 4943K, capacity 5808K, committed 5888K, reserved 1048576K
}
Event: 28.804 GC heap before
{Heap before GC invocations=53 (full 0):
 garbage-first heap   total 317440K, used 222240K [0x00000000c0000000, 0x00000000c01009b0, 0x0000000100000000)
  region size 1024K, 99 young (101376K), 7 survivors (7168K)
 Metaspace       used 46583K, capacity 49504K, committed 49664K, reserved 1093632K
  class space    used 4943K, capacity 5808K, committed 5888K, reserved 1048576K
Event: 28.854 GC heap after
Heap after GC invocations=54 (full 0):
 garbage-first heap   total 317440K, used 137760K [0x00000000c0000000, 0x00000000c01009b0, 0x0000000100000000)
  region size 1024K, 13 young (13312K), 13 survivors (13312K)
 Metaspace       used 46583K, capacity 49504K, committed 49664K, reserved 1093632K
  class space    used 4943K, capacity 5808K, committed 5888K, reserved 1048576K
}
Event: 28.872 GC heap before
{Heap before GC invocations=54 (full 0):
 garbage-first heap   total 317440K, used 139808K [0x00000000c0000000, 0x00000000c01009b0, 0x0000000100000000)
  region size 1024K, 15 young (15360K), 13 survivors (13312K)
 Metaspace       used 46583K, capacity 49504K, committed 49664K, reserved 1093632K
  class space    used 4943K, capacity 5808K, committed 5888K, reserved 1048576K
Event: 28.981 GC heap after
Heap after GC invocations=55 (full 0):
 garbage-first heap   total 317440K, used 125984K [0x00000000c0000000, 0x00000000c01009b0, 0x0000000100000000)
  region size 1024K, 2 young (2048K), 2 survivors (2048K)
 Metaspace       used 46583K, capacity 49504K, committed 49664K, reserved 1093632K
  class space    used 4943K, capacity 5808K, committed 5888K, reserved 1048576K
}
Event: 29.090 GC heap before
{Heap before GC invocations=55 (full 0):
 garbage-first heap   total 317440K, used 139296K [0x00000000c0000000, 0x00000000c01009b0, 0x0000000100000000)
  region size 1024K, 15 young (15360K), 2 survivors (2048K)
 Metaspace       used 46583K, capacity 49504K, committed 49664K, reserved 1093632K
  class space    used 4943K, capacity 5808K, committed 5888K, reserved 1048576K
Event: 29.122 GC heap after
Heap after GC invocations=56 (full 0):
 garbage-first heap   total 463872K, used 127520K [0x00000000c0000000, 0x00000000c0100e28, 0x0000000100000000)
  region size 1024K, 2 young (2048K), 2 survivors (2048K)
 Metaspace       used 46583K, capacity 49504K, committed 49664K, reserved 1093632K
  class space    used 4943K, capacity 5808K, committed 5888K, reserved 1048576K
}
Event: 31.361 GC heap before
{Heap before GC invocations=56 (full 0):
 garbage-first heap   total 463872K, used 368544K [0x00000000c0000000, 0x00000000c0100e28, 0x0000000100000000)
  region size 1024K, 234 young (239616K), 2 survivors (2048K)
 Metaspace       used 46589K, capacity 49504K, committed 49664K, reserved 1093632K
  class space    used 4943K, capacity 5808K, committed 5888K, reserved 1048576K

