# JRE version: Java(TM) SE Runtime Environment (8.0_171-b11) (build 1.8.0_171-b11)
# Java VM: Java HotSpot(TM) 64-Bit Server VM (25.171-b11 mixed mode windows-amd64 compressed oops)
Heap:
 garbage-first heap   total 64512K, used 46676K [0x00000000c0000000, 0x00000000c01001f8, 0x0000000100000000)
  region size 1024K, 20 young (20480K), 4 survivors (4096K)
 Metaspace       used 40526K, capacity 42634K, committed 42880K, reserved 1087488K
  class space    used 4225K, capacity 4936K, committed 4992K, reserved 1048576K
GC Heap History (10 events):
Event: 10.619 GC heap before
{Heap before GC invocations=12 (full 0):
 garbage-first heap   total 64512K, used 29184K [0x00000000c0000000, 0x00000000c01001f8, 0x0000000100000000)
  region size 1024K, 4 young (4096K), 3 survivors (3072K)
 Metaspace       used 35610K, capacity 37520K, committed 37760K, reserved 1083392K
  class space    used 3843K, capacity 4446K, committed 4480K, reserved 1048576K
Event: 10.629 GC heap after
Heap after GC invocations=13 (full 0):
 garbage-first heap   total 64512K, used 25942K [0x00000000c0000000, 0x00000000c01001f8, 0x0000000100000000)
  region size 1024K, 1 young (1024K), 1 survivors (1024K)
 Metaspace       used 35610K, capacity 37520K, committed 37760K, reserved 1083392K
  class space    used 3843K, capacity 4446K, committed 4480K, reserved 1048576K
}
Event: 10.803 GC heap before
{Heap before GC invocations=13 (full 0):
 garbage-first heap   total 64512K, used 27990K [0x00000000c0000000, 0x00000000c01001f8, 0x0000000100000000)
  region size 1024K, 3 young (3072K), 1 survivors (1024K)
 Metaspace       used 35837K, capacity 37744K, committed 38016K, reserved 1083392K
  class space    used 3864K, capacity 4478K, committed 4480K, reserved 1048576K
Event: 10.811 GC heap after
Heap after GC invocations=14 (full 0):
 garbage-first heap   total 64512K, used 25520K [0x00000000c0000000, 0x00000000c01001f8, 0x0000000100000000)
  region size 1024K, 1 young (1024K), 1 survivors (1024K)
 Metaspace       used 35837K, capacity 37744K, committed 38016K, reserved 1083392K
  class space    used 3864K, capacity 4478K, committed 4480K, reserved 1048576K
}
Event: 15.975 GC heap before
{Heap before GC invocations=14 (full 0):
 garbage-first heap   total 64512K, used 53168K [0x00000000c0000000, 0x00000000c01001f8, 0x0000000100000000)
  region size 1024K, 28 young (28672K), 1 survivors (1024K)
 Metaspace       used 36137K, capacity 37988K, committed 38400K, reserved 1083392K
  class space    used 3879K, capacity 4516K, committed 4608K, reserved 1048576K
Event: 15.980 GC heap after
Heap after GC invocations=15 (full 0):
 garbage-first heap   total 64512K, used 25554K [0x00000000c0000000, 0x00000000c01001f8, 0x0000000100000000)
  region size 1024K, 1 young (1024K), 1 survivors (1024K)
 Metaspace       used 36137K, capacity 37988K, committed 38400K, reserved 1083392K
  class space    used 3879K, capacity 4516K, committed 4608K, reserved 1048576K
}
Event: 18.019 GC heap before
{Heap before GC invocations=15 (full 0):
 garbage-first heap   total 64512K, used 54226K [0x00000000c0000000, 0x00000000c01001f8, 0x0000000100000000)
  region size 1024K, 29 young (29696K), 1 survivors (1024K)
 Metaspace       used 37523K, capacity 39434K, committed 39808K, reserved 1085440K
  class space    used 3967K, capacity 4615K, committed 4736K, reserved 1048576K
Event: 18.023 GC heap after
Heap after GC invocations=16 (full 0):
 garbage-first heap   total 64512K, used 27030K [0x00000000c0000000, 0x00000000c01001f8, 0x0000000100000000)
  region size 1024K, 3 young (3072K), 3 survivors (3072K)
 Metaspace       used 37523K, capacity 39434K, committed 39808K, reserved 1085440K
  class space    used 3967K, capacity 4615K, committed 4736K, reserved 1048576K
}
Event: 19.232 GC heap before
{Heap before GC invocations=16 (full 0):
 garbage-first heap   total 64512K, used 53654K [0x00000000c0000000, 0x00000000c01001f8, 0x0000000100000000)
  region size 1024K, 29 young (29696K), 3 survivors (3072K)
 Metaspace       used 40520K, capacity 42634K, committed 42880K, reserved 1087488K
  class space    used 4225K, capacity 4936K, committed 4992K, reserved 1048576K
Event: 19.241 GC heap after
Heap after GC invocations=17 (full 0):
 garbage-first heap   total 64512K, used 31316K [0x00000000c0000000, 0x00000000c01001f8, 0x0000000100000000)
  region size 1024K, 4 young (4096K), 4 survivors (4096K)
 Metaspace       used 40520K, capacity 42634K, committed 42880K, reserved 1087488K
  class space    used 4225K, capacity 4936K, committed 4992K, reserved 1048576K
}

