# JRE version: Java(TM) SE Runtime Environment (8.0_171-b11) (build 1.8.0_171-b11)
# Java VM: Java HotSpot(TM) 64-Bit Server VM (25.171-b11 mixed mode windows-amd64 compressed oops)
Heap:
 garbage-first heap   total 63488K, used 39424K [0x00000000c0000000, 0x00000000c01001f0, 0x0000000100000000)
  region size 1024K, 24 young (24576K), 1 survivors (1024K)
 Metaspace       used 25544K, capacity 26828K, committed 27008K, reserved 1073152K
  class space    used 2764K, capacity 3112K, committed 3200K, reserved 1048576K
GC Heap History (10 events):
Event: 5.058 GC heap before
{Heap before GC invocations=1 (full 0):
 garbage-first heap   total 63488K, used 19856K [0x00000000c0000000, 0x00000000c01001f0, 0x0000000100000000)
  region size 1024K, 18 young (18432K), 2 survivors (2048K)
 Metaspace       used 9851K, capacity 10142K, committed 10368K, reserved 1058816K
  class space    used 1023K, capacity 1099K, committed 1152K, reserved 1048576K
Event: 5.074 GC heap after
Heap after GC invocations=2 (full 0):
 garbage-first heap   total 63488K, used 9209K [0x00000000c0000000, 0x00000000c01001f0, 0x0000000100000000)
  region size 1024K, 3 young (3072K), 3 survivors (3072K)
 Metaspace       used 9851K, capacity 10142K, committed 10368K, reserved 1058816K
  class space    used 1023K, capacity 1099K, committed 1152K, reserved 1048576K
}
Event: 6.145 GC heap before
{Heap before GC invocations=2 (full 0):
 garbage-first heap   total 63488K, used 30713K [0x00000000c0000000, 0x00000000c01001f0, 0x0000000100000000)
  region size 1024K, 24 young (24576K), 3 survivors (3072K)
 Metaspace       used 17239K, capacity 18194K, committed 18432K, reserved 1064960K
  class space    used 1699K, capacity 1977K, committed 2048K, reserved 1048576K
Event: 6.168 GC heap after
Heap after GC invocations=3 (full 0):
 garbage-first heap   total 63488K, used 17408K [0x00000000c0000000, 0x00000000c01001f0, 0x0000000100000000)
  region size 1024K, 3 young (3072K), 3 survivors (3072K)
 Metaspace       used 17239K, capacity 18194K, committed 18432K, reserved 1064960K
  class space    used 1699K, capacity 1977K, committed 2048K, reserved 1048576K
}
Event: 6.789 GC heap before
{Heap before GC invocations=3 (full 0):
 garbage-first heap   total 63488K, used 38912K [0x00000000c0000000, 0x00000000c01001f0, 0x0000000100000000)
  region size 1024K, 25 young (25600K), 3 survivors (3072K)
 Metaspace       used 19986K, capacity 21048K, committed 21296K, reserved 1069056K
  class space    used 2028K, capacity 2362K, committed 2432K, reserved 1048576K
Event: 6.800 GC heap after
Heap after GC invocations=4 (full 0):
 garbage-first heap   total 63488K, used 20480K [0x00000000c0000000, 0x00000000c01001f0, 0x0000000100000000)
  region size 1024K, 5 young (5120K), 5 survivors (5120K)
 Metaspace       used 19986K, capacity 21048K, committed 21296K, reserved 1069056K
  class space    used 2028K, capacity 2362K, committed 2432K, reserved 1048576K
}
Event: 7.854 GC heap before
{Heap before GC invocations=5 (full 0):
 garbage-first heap   total 63488K, used 47104K [0x00000000c0000000, 0x00000000c01001f0, 0x0000000100000000)
  region size 1024K, 35 young (35840K), 5 survivors (5120K)
 Metaspace       used 23481K, capacity 24520K, committed 24832K, reserved 1071104K
  class space    used 2480K, capacity 2791K, committed 2816K, reserved 1048576K
Event: 7.868 GC heap after
Heap after GC invocations=6 (full 0):
 garbage-first heap   total 63488K, used 20972K [0x00000000c0000000, 0x00000000c01001f0, 0x0000000100000000)
  region size 1024K, 5 young (5120K), 5 survivors (5120K)
 Metaspace       used 23481K, capacity 24520K, committed 24832K, reserved 1071104K
  class space    used 2480K, capacity 2791K, committed 2816K, reserved 1048576K
}
Event: 7.904 GC heap before
{Heap before GC invocations=6 (full 0):
 garbage-first heap   total 63488K, used 21996K [0x00000000c0000000, 0x00000000c01001f0, 0x0000000100000000)
  region size 1024K, 6 young (6144K), 5 survivors (5120K)
 Metaspace       used 23660K, capacity 24712K, committed 24960K, reserved 1071104K
  class space    used 2503K, capacity 2855K, committed 2944K, reserved 1048576K
Event: 7.914 GC heap after
Heap after GC invocations=7 (full 0):
 garbage-first heap   total 63488K, used 16896K [0x00000000c0000000, 0x00000000c01001f0, 0x0000000100000000)
  region size 1024K, 1 young (1024K), 1 survivors (1024K)
 Metaspace       used 23660K, capacity 24712K, committed 24960K, reserved 1071104K
  class space    used 2503K, capacity 2855K, committed 2944K, reserved 1048576K
}

