# JRE version: Java(TM) SE Runtime Environment (8.0_171-b11) (build 1.8.0_171-b11)
# Java VM: Java HotSpot(TM) 64-Bit Server VM (25.171-b11 mixed mode windows-amd64 compressed oops)
Heap:
 garbage-first heap   total 253952K, used 106498K [0x00000000c0000000, 0x00000000c01007c0, 0x0000000100000000)
  region size 1024K, 1 young (1024K), 1 survivors (1024K)
 Metaspace       used 46740K, capacity 49298K, committed 49536K, reserved 1093632K
  class space    used 4845K, capacity 5646K, committed 5760K, reserved 1048576K
GC Heap History (10 events):
Event: 25.760 GC heap after
Heap after GC invocations=33 (full 0):
 garbage-first heap   total 125952K, used 104748K [0x00000000c0000000, 0x00000000c01003d8, 0x0000000100000000)
  region size 1024K, 1 young (1024K), 1 survivors (1024K)
 Metaspace       used 46314K, capacity 48910K, committed 49152K, reserved 1093632K
  class space    used 4806K, capacity 5622K, committed 5632K, reserved 1048576K
}
Event: 25.880 GC heap before
{Heap before GC invocations=33 (full 0):
 garbage-first heap   total 125952K, used 109868K [0x00000000c0000000, 0x00000000c01003d8, 0x0000000100000000)
  region size 1024K, 6 young (6144K), 1 survivors (1024K)
 Metaspace       used 46322K, capacity 48910K, committed 49152K, reserved 1093632K
  class space    used 4806K, capacity 5622K, committed 5632K, reserved 1048576K
Event: 25.897 GC heap after
Heap after GC invocations=34 (full 0):
 garbage-first heap   total 125952K, used 108332K [0x00000000c0000000, 0x00000000c01003d8, 0x0000000100000000)
  region size 1024K, 1 young (1024K), 1 survivors (1024K)
 Metaspace       used 46322K, capacity 48910K, committed 49152K, reserved 1093632K
  class space    used 4806K, capacity 5622K, committed 5632K, reserved 1048576K
}
Event: 25.954 GC heap before
{Heap before GC invocations=35 (full 0):
 garbage-first heap   total 125952K, used 112428K [0x00000000c0000000, 0x00000000c01003d8, 0x0000000100000000)
  region size 1024K, 6 young (6144K), 1 survivors (1024K)
 Metaspace       used 46322K, capacity 48910K, committed 49152K, reserved 1093632K
  class space    used 4806K, capacity 5622K, committed 5632K, reserved 1048576K
Event: 25.967 GC heap after
Heap after GC invocations=36 (full 0):
 garbage-first heap   total 125952K, used 109868K [0x00000000c0000000, 0x00000000c01003d8, 0x0000000100000000)
  region size 1024K, 1 young (1024K), 1 survivors (1024K)
 Metaspace       used 46322K, capacity 48910K, committed 49152K, reserved 1093632K
  class space    used 4806K, capacity 5622K, committed 5632K, reserved 1048576K
}
Event: 26.020 GC heap before
{Heap before GC invocations=36 (full 0):
 garbage-first heap   total 125952K, used 114988K [0x00000000c0000000, 0x00000000c01003d8, 0x0000000100000000)
  region size 1024K, 6 young (6144K), 1 survivors (1024K)
 Metaspace       used 46353K, capacity 48910K, committed 49152K, reserved 1093632K
  class space    used 4806K, capacity 5622K, committed 5632K, reserved 1048576K
Event: 26.054 GC heap after
Heap after GC invocations=37 (full 0):
 garbage-first heap   total 126976K, used 105260K [0x00000000c0000000, 0x00000000c01003e0, 0x0000000100000000)
  region size 1024K, 1 young (1024K), 1 survivors (1024K)
 Metaspace       used 46353K, capacity 48910K, committed 49152K, reserved 1093632K
  class space    used 4806K, capacity 5622K, committed 5632K, reserved 1048576K
}
Event: 26.091 GC heap before
{Heap before GC invocations=37 (full 0):
 garbage-first heap   total 126976K, used 110380K [0x00000000c0000000, 0x00000000c01003e0, 0x0000000100000000)
  region size 1024K, 6 young (6144K), 1 survivors (1024K)
 Metaspace       used 46355K, capacity 48910K, committed 49152K, reserved 1093632K
  class space    used 4806K, capacity 5622K, committed 5632K, reserved 1048576K
Event: 26.142 GC heap after
Heap after GC invocations=38 (full 0):
 garbage-first heap   total 126976K, used 105260K [0x00000000c0000000, 0x00000000c01003e0, 0x0000000100000000)
  region size 1024K, 1 young (1024K), 1 survivors (1024K)
 Metaspace       used 46355K, capacity 48910K, committed 49152K, reserved 1093632K
  class space    used 4806K, capacity 5622K, committed 5632K, reserved 1048576K
}
Event: 28.328 GC heap before
{Heap before GC invocations=38 (full 0):
 garbage-first heap   total 126976K, used 110380K [0x00000000c0000000, 0x00000000c01003e0, 0x0000000100000000)
  region size 1024K, 6 young (6144K), 1 survivors (1024K)
 Metaspace       used 46740K, capacity 49298K, committed 49536K, reserved 1093632K
  class space    used 4845K, capacity 5646K, committed 5760K, reserved 1048576K

