# JRE version: Java(TM) SE Runtime Environment (8.0_171-b11) (build 1.8.0_171-b11)
# Java VM: Java HotSpot(TM) 64-Bit Server VM (25.171-b11 mixed mode windows-amd64 compressed oops)
Heap:
 garbage-first heap   total 413696K, used 57021K [0x00000000c0000000, 0x00000000c0100ca0, 0x0000000100000000)
  region size 1024K, 9 young (9216K), 9 survivors (9216K)
 Metaspace       used 49076K, capacity 51940K, committed 51968K, reserved 1095680K
  class space    used 5033K, capacity 5883K, committed 5888K, reserved 1048576K
GC Heap History (10 events):
Event: 19.233 GC heap after
Heap after GC invocations=37 (full 0):
 garbage-first heap   total 63488K, used 56898K [0x00000000c0000000, 0x00000000c01001f0, 0x0000000100000000)
  region size 1024K, 1 young (1024K), 1 survivors (1024K)
 Metaspace       used 46351K, capacity 48914K, committed 49152K, reserved 1093632K
  class space    used 4802K, capacity 5590K, committed 5632K, reserved 1048576K
}
Event: 19.293 GC heap before
{Heap before GC invocations=37 (full 0):
 garbage-first heap   total 63488K, used 59684K [0x00000000c0000000, 0x00000000c01001f0, 0x0000000100000000)
  region size 1024K, 3 young (3072K), 1 survivors (1024K)
 Metaspace       used 46407K, capacity 48932K, committed 49152K, reserved 1093632K
  class space    used 4807K, capacity 5597K, committed 5632K, reserved 1048576K
Event: 19.299 GC heap after
Heap after GC invocations=38 (full 0):
 garbage-first heap   total 63488K, used 51778K [0x00000000c0000000, 0x00000000c01001f0, 0x0000000100000000)
  region size 1024K, 1 young (1024K), 1 survivors (1024K)
 Metaspace       used 46407K, capacity 48932K, committed 49152K, reserved 1093632K
  class space    used 4807K, capacity 5597K, committed 5632K, reserved 1048576K
}
Event: 19.374 GC heap before
{Heap before GC invocations=38 (full 0):
 garbage-first heap   total 63488K, used 53826K [0x00000000c0000000, 0x00000000c01001f0, 0x0000000100000000)
  region size 1024K, 3 young (3072K), 1 survivors (1024K)
 Metaspace       used 46413K, capacity 48932K, committed 49152K, reserved 1093632K
  class space    used 4807K, capacity 5597K, committed 5632K, reserved 1048576K
Event: 19.384 GC heap after
Heap after GC invocations=39 (full 0):
 garbage-first heap   total 63488K, used 48768K [0x00000000c0000000, 0x00000000c01001f0, 0x0000000100000000)
  region size 1024K, 1 young (1024K), 1 survivors (1024K)
 Metaspace       used 46413K, capacity 48932K, committed 49152K, reserved 1093632K
  class space    used 4807K, capacity 5597K, committed 5632K, reserved 1048576K
}
Event: 19.445 GC heap before
{Heap before GC invocations=39 (full 0):
 garbage-first heap   total 63488K, used 51554K [0x00000000c0000000, 0x00000000c01001f0, 0x0000000100000000)
  region size 1024K, 3 young (3072K), 1 survivors (1024K)
 Metaspace       used 46439K, capacity 48932K, committed 49152K, reserved 1093632K
  class space    used 4807K, capacity 5597K, committed 5632K, reserved 1048576K
Event: 19.463 GC heap after
Heap after GC invocations=40 (full 0):
 garbage-first heap   total 126976K, used 48439K [0x00000000c0000000, 0x00000000c01003e0, 0x0000000100000000)
  region size 1024K, 1 young (1024K), 1 survivors (1024K)
 Metaspace       used 46439K, capacity 48932K, committed 49152K, reserved 1093632K
  class space    used 4807K, capacity 5597K, committed 5632K, reserved 1048576K
}
Event: 19.533 GC heap before
{Heap before GC invocations=40 (full 0):
 garbage-first heap   total 126976K, used 53559K [0x00000000c0000000, 0x00000000c01003e0, 0x0000000100000000)
  region size 1024K, 6 young (6144K), 1 survivors (1024K)
 Metaspace       used 46465K, capacity 48932K, committed 49152K, reserved 1093632K
  class space    used 4809K, capacity 5597K, committed 5632K, reserved 1048576K
Event: 19.552 GC heap after
Heap after GC invocations=41 (full 0):
 garbage-first heap   total 253952K, used 49378K [0x00000000c0000000, 0x00000000c01007c0, 0x0000000100000000)
  region size 1024K, 1 young (1024K), 1 survivors (1024K)
 Metaspace       used 46465K, capacity 48932K, committed 49152K, reserved 1093632K
  class space    used 4809K, capacity 5597K, committed 5632K, reserved 1048576K
}
Event: 21.622 GC heap before
{Heap before GC invocations=41 (full 0):
 garbage-first heap   total 253952K, used 186052K [0x00000000c0000000, 0x00000000c01007c0, 0x0000000100000000)
  region size 1024K, 130 young (133120K), 1 survivors (1024K)
 Metaspace       used 49076K, capacity 51940K, committed 51968K, reserved 1095680K
  class space    used 5033K, capacity 5883K, committed 5888K, reserved 1048576K

