# JRE version: Java(TM) SE Runtime Environment (8.0_171-b11) (build 1.8.0_171-b11)
# Java VM: Java HotSpot(TM) 64-Bit Server VM (25.171-b11 mixed mode windows-amd64 compressed oops)
Heap:
 garbage-first heap   total 353280K, used 61404K [0x00000000c0000000, 0x00000000c0100ac8, 0x0000000100000000)
  region size 1024K, 8 young (8192K), 8 survivors (8192K)
 Metaspace       used 50756K, capacity 53478K, committed 53660K, reserved 1097728K
  class space    used 5332K, capacity 6202K, committed 6300K, reserved 1048576K
GC Heap History (10 events):
Event: 362.259 GC heap after
Heap after GC invocations=57 (full 19):
 garbage-first heap   total 179200K, used 53583K [0x00000000c0000000, 0x00000000c0100578, 0x0000000100000000)
  region size 1024K, 0 young (0K), 0 survivors (0K)
 Metaspace       used 49023K, capacity 51712K, committed 51868K, reserved 1095680K
  class space    used 5182K, capacity 5987K, committed 6044K, reserved 1048576K
}
Event: 372.651 GC heap before
{Heap before GC invocations=57 (full 19):
 garbage-first heap   total 179200K, used 53583K [0x00000000c0000000, 0x00000000c0100578, 0x0000000100000000)
  region size 1024K, 1 young (1024K), 0 survivors (0K)
 Metaspace       used 49023K, capacity 51712K, committed 51868K, reserved 1095680K
  class space    used 5182K, capacity 5987K, committed 6044K, reserved 1048576K
Event: 373.079 GC heap after
Heap after GC invocations=58 (full 20):
 garbage-first heap   total 179200K, used 53583K [0x00000000c0000000, 0x00000000c0100578, 0x0000000100000000)
  region size 1024K, 0 young (0K), 0 survivors (0K)
 Metaspace       used 49023K, capacity 51712K, committed 51868K, reserved 1095680K
  class space    used 5182K, capacity 5987K, committed 6044K, reserved 1048576K
}
Event: 443.505 GC heap before
{Heap before GC invocations=58 (full 20):
 garbage-first heap   total 179200K, used 55631K [0x00000000c0000000, 0x00000000c0100578, 0x0000000100000000)
  region size 1024K, 3 young (3072K), 0 survivors (0K)
 Metaspace       used 49166K, capacity 51782K, committed 51868K, reserved 1095680K
  class space    used 5194K, capacity 5988K, committed 6044K, reserved 1048576K
Event: 443.997 GC heap after
Heap after GC invocations=59 (full 21):
 garbage-first heap   total 179200K, used 53701K [0x00000000c0000000, 0x00000000c0100578, 0x0000000100000000)
  region size 1024K, 0 young (0K), 0 survivors (0K)
 Metaspace       used 49166K, capacity 51782K, committed 51868K, reserved 1095680K
  class space    used 5194K, capacity 5988K, committed 6044K, reserved 1048576K
}
Event: 454.386 GC heap before
{Heap before GC invocations=59 (full 21):
 garbage-first heap   total 179200K, used 53701K [0x00000000c0000000, 0x00000000c0100578, 0x0000000100000000)
  region size 1024K, 1 young (1024K), 0 survivors (0K)
 Metaspace       used 49166K, capacity 51782K, committed 51868K, reserved 1095680K
  class space    used 5194K, capacity 5988K, committed 6044K, reserved 1048576K
Event: 454.810 GC heap after
Heap after GC invocations=60 (full 22):
 garbage-first heap   total 179200K, used 53579K [0x00000000c0000000, 0x00000000c0100578, 0x0000000100000000)
  region size 1024K, 0 young (0K), 0 survivors (0K)
 Metaspace       used 49166K, capacity 51782K, committed 51868K, reserved 1095680K
  class space    used 5194K, capacity 5988K, committed 6044K, reserved 1048576K
}
Event: 465.201 GC heap before
{Heap before GC invocations=60 (full 22):
 garbage-first heap   total 179200K, used 53579K [0x00000000c0000000, 0x00000000c0100578, 0x0000000100000000)
  region size 1024K, 1 young (1024K), 0 survivors (0K)
 Metaspace       used 49166K, capacity 51782K, committed 51868K, reserved 1095680K
  class space    used 5194K, capacity 5988K, committed 6044K, reserved 1048576K
Event: 465.625 GC heap after
Heap after GC invocations=61 (full 23):
 garbage-first heap   total 179200K, used 53579K [0x00000000c0000000, 0x00000000c0100578, 0x0000000100000000)
  region size 1024K, 0 young (0K), 0 survivors (0K)
 Metaspace       used 49166K, capacity 51782K, committed 51868K, reserved 1095680K
  class space    used 5194K, capacity 5988K, committed 6044K, reserved 1048576K
}
Event: 478.329 GC heap before
{Heap before GC invocations=61 (full 23):
 garbage-first heap   total 179200K, used 123411K [0x00000000c0000000, 0x00000000c0100578, 0x0000000100000000)
  region size 1024K, 67 young (68608K), 0 survivors (0K)
 Metaspace       used 50756K, capacity 53478K, committed 53660K, reserved 1097728K
  class space    used 5332K, capacity 6202K, committed 6300K, reserved 1048576K

