# JRE version: Java(TM) SE Runtime Environment (8.0_171-b11) (build 1.8.0_171-b11)
# Java VM: Java HotSpot(TM) 64-Bit Server VM (25.171-b11 mixed mode windows-amd64 compressed oops)
Heap:
 garbage-first heap   total 124928K, used 117662K [0x00000000c0000000, 0x00000000c01003d0, 0x0000000100000000)
  region size 1024K, 8 young (8192K), 2 survivors (2048K)
 Metaspace       used 49366K, capacity 52370K, committed 52480K, reserved 1095680K
  class space    used 5144K, capacity 6049K, committed 6144K, reserved 1048576K
GC Heap History (10 events):
Event: 42.088 GC heap before
{Heap before GC invocations=26 (full 0):
 garbage-first heap   total 63488K, used 46492K [0x00000000c0000000, 0x00000000c01001f0, 0x0000000100000000)
  region size 1024K, 19 young (19456K), 4 survivors (4096K)
 Metaspace       used 45035K, capacity 47550K, committed 47744K, reserved 1091584K
  class space    used 4677K, capacity 5463K, committed 5504K, reserved 1048576K
Event: 42.099 GC heap after
Heap after GC invocations=27 (full 0):
 garbage-first heap   total 63488K, used 34142K [0x00000000c0000000, 0x00000000c01001f0, 0x0000000100000000)
  region size 1024K, 3 young (3072K), 3 survivors (3072K)
 Metaspace       used 45035K, capacity 47550K, committed 47744K, reserved 1091584K
  class space    used 4677K, capacity 5463K, committed 5504K, reserved 1048576K
}
Event: 43.890 GC heap before
{Heap before GC invocations=28 (full 0):
 garbage-first heap   total 63488K, used 53895K [0x00000000c0000000, 0x00000000c01001f0, 0x0000000100000000)
  region size 1024K, 21 young (21504K), 3 survivors (3072K)
 Metaspace       used 48029K, capacity 50990K, committed 51200K, reserved 1095680K
  class space    used 5009K, capacity 5876K, committed 5888K, reserved 1048576K
Event: 43.906 GC heap after
Heap after GC invocations=29 (full 0):
 garbage-first heap   total 63488K, used 39155K [0x00000000c0000000, 0x00000000c01001f0, 0x0000000100000000)
  region size 1024K, 3 young (3072K), 3 survivors (3072K)
 Metaspace       used 48029K, capacity 50990K, committed 51200K, reserved 1095680K
  class space    used 5009K, capacity 5876K, committed 5888K, reserved 1048576K
}
Event: 43.927 GC heap before
{Heap before GC invocations=29 (full 0):
 garbage-first heap   total 63488K, used 40179K [0x00000000c0000000, 0x00000000c01001f0, 0x0000000100000000)
  region size 1024K, 4 young (4096K), 3 survivors (3072K)
 Metaspace       used 48082K, capacity 51004K, committed 51200K, reserved 1095680K
  class space    used 5014K, capacity 5881K, committed 5888K, reserved 1048576K
Event: 43.941 GC heap after
Heap after GC invocations=30 (full 0):
 garbage-first heap   total 63488K, used 37673K [0x00000000c0000000, 0x00000000c01001f0, 0x0000000100000000)
  region size 1024K, 1 young (1024K), 1 survivors (1024K)
 Metaspace       used 48082K, capacity 51004K, committed 51200K, reserved 1095680K
  class space    used 5014K, capacity 5881K, committed 5888K, reserved 1048576K
}
Event: 45.137 GC heap before
{Heap before GC invocations=30 (full 0):
 garbage-first heap   total 63488K, used 53033K [0x00000000c0000000, 0x00000000c01001f0, 0x0000000100000000)
  region size 1024K, 16 young (16384K), 1 survivors (1024K)
 Metaspace       used 48455K, capacity 51394K, committed 51584K, reserved 1095680K
  class space    used 5056K, capacity 5945K, committed 6016K, reserved 1048576K
Event: 45.150 GC heap after
Heap after GC invocations=31 (full 0):
 garbage-first heap   total 63488K, used 42793K [0x00000000c0000000, 0x00000000c01001f0, 0x0000000100000000)
  region size 1024K, 2 young (2048K), 2 survivors (2048K)
 Metaspace       used 48455K, capacity 51394K, committed 51584K, reserved 1095680K
  class space    used 5056K, capacity 5945K, committed 6016K, reserved 1048576K
}
Event: 47.096 GC heap before
{Heap before GC invocations=31 (full 0):
 garbage-first heap   total 63488K, used 52009K [0x00000000c0000000, 0x00000000c01001f0, 0x0000000100000000)
  region size 1024K, 11 young (11264K), 2 survivors (2048K)
 Metaspace       used 49195K, capacity 52236K, committed 52480K, reserved 1095680K
  class space    used 5133K, capacity 6048K, committed 6144K, reserved 1048576K
Event: 47.104 GC heap after
Heap after GC invocations=32 (full 0):
 garbage-first heap   total 63488K, used 46889K [0x00000000c0000000, 0x00000000c01001f0, 0x0000000100000000)
  region size 1024K, 2 young (2048K), 2 survivors (2048K)
 Metaspace       used 49195K, capacity 52236K, committed 52480K, reserved 1095680K
  class space    used 5133K, capacity 6048K, committed 6144K, reserved 1048576K
}

