# JRE version: Java(TM) SE Runtime Environment (8.0_171-b11) (build 1.8.0_171-b11)
# Java VM: Java HotSpot(TM) 64-Bit Server VM (25.171-b11 mixed mode windows-amd64 compressed oops)
Heap:
 garbage-first heap   total 64512K, used 45564K [0x00000000c0000000, 0x00000000c01001f8, 0x0000000100000000)
  region size 1024K, 5 young (5120K), 1 survivors (1024K)
 Metaspace       used 47978K, capacity 50780K, committed 50816K, reserved 1093632K
  class space    used 4950K, capacity 5740K, committed 5760K, reserved 1048576K
GC Heap History (10 events):
Event: 21.710 GC heap before
{Heap before GC invocations=48 (full 0):
 garbage-first heap   total 64512K, used 53887K [0x00000000c0000000, 0x00000000c01001f8, 0x0000000100000000)
  region size 1024K, 10 young (10240K), 1 survivors (1024K)
 Metaspace       used 47510K, capacity 50332K, committed 50560K, reserved 1093632K
  class space    used 4927K, capacity 5740K, committed 5760K, reserved 1048576K
Event: 21.719 GC heap after
Heap after GC invocations=49 (full 0):
 garbage-first heap   total 64512K, used 44610K [0x00000000c0000000, 0x00000000c01001f8, 0x0000000100000000)
  region size 1024K, 1 young (1024K), 1 survivors (1024K)
 Metaspace       used 47510K, capacity 50332K, committed 50560K, reserved 1093632K
  class space    used 4927K, capacity 5740K, committed 5760K, reserved 1048576K
}
Event: 21.738 GC heap before
{Heap before GC invocations=49 (full 0):
 garbage-first heap   total 64512K, used 45634K [0x00000000c0000000, 0x00000000c01001f8, 0x0000000100000000)
  region size 1024K, 3 young (3072K), 1 survivors (1024K)
 Metaspace       used 47511K, capacity 50332K, committed 50560K, reserved 1093632K
  class space    used 4927K, capacity 5740K, committed 5760K, reserved 1048576K
Event: 21.743 GC heap after
Heap after GC invocations=50 (full 0):
 garbage-first heap   total 64512K, used 44931K [0x00000000c0000000, 0x00000000c01001f8, 0x0000000100000000)
  region size 1024K, 1 young (1024K), 1 survivors (1024K)
 Metaspace       used 47511K, capacity 50332K, committed 50560K, reserved 1093632K
  class space    used 4927K, capacity 5740K, committed 5760K, reserved 1048576K
}
Event: 21.999 GC heap before
{Heap before GC invocations=51 (full 0):
 garbage-first heap   total 64512K, used 55237K [0x00000000c0000000, 0x00000000c01001f8, 0x0000000100000000)
  region size 1024K, 10 young (10240K), 1 survivors (1024K)
 Metaspace       used 47916K, capacity 50716K, committed 50816K, reserved 1093632K
  class space    used 4950K, capacity 5740K, committed 5760K, reserved 1048576K
Event: 22.006 GC heap after
Heap after GC invocations=52 (full 0):
 garbage-first heap   total 64512K, used 45460K [0x00000000c0000000, 0x00000000c01001f8, 0x0000000100000000)
  region size 1024K, 2 young (2048K), 2 survivors (2048K)
 Metaspace       used 47916K, capacity 50716K, committed 50816K, reserved 1093632K
  class space    used 4950K, capacity 5740K, committed 5760K, reserved 1048576K
}
Event: 22.021 GC heap before
{Heap before GC invocations=52 (full 0):
 garbage-first heap   total 64512K, used 46484K [0x00000000c0000000, 0x00000000c01001f8, 0x0000000100000000)
  region size 1024K, 3 young (3072K), 2 survivors (2048K)
 Metaspace       used 47921K, capacity 50716K, committed 50816K, reserved 1093632K
  class space    used 4950K, capacity 5740K, committed 5760K, reserved 1048576K
Event: 22.034 GC heap after
Heap after GC invocations=53 (full 0):
 garbage-first heap   total 64512K, used 42306K [0x00000000c0000000, 0x00000000c01001f8, 0x0000000100000000)
  region size 1024K, 1 young (1024K), 1 survivors (1024K)
 Metaspace       used 47921K, capacity 50716K, committed 50816K, reserved 1093632K
  class space    used 4950K, capacity 5740K, committed 5760K, reserved 1048576K
}
Event: 22.077 GC heap before
{Heap before GC invocations=53 (full 0):
 garbage-first heap   total 64512K, used 44354K [0x00000000c0000000, 0x00000000c01001f8, 0x0000000100000000)
  region size 1024K, 3 young (3072K), 1 survivors (1024K)
 Metaspace       used 47922K, capacity 50716K, committed 50816K, reserved 1093632K
  class space    used 4950K, capacity 5740K, committed 5760K, reserved 1048576K
Event: 22.094 GC heap after
Heap after GC invocations=54 (full 0):
 garbage-first heap   total 64512K, used 42492K [0x00000000c0000000, 0x00000000c01001f8, 0x0000000100000000)
  region size 1024K, 1 young (1024K), 1 survivors (1024K)
 Metaspace       used 47922K, capacity 50716K, committed 50816K, reserved 1093632K
  class space    used 4950K, capacity 5740K, committed 5760K, reserved 1048576K
}

