# JRE version: Java(TM) SE Runtime Environment (8.0_171-b11) (build 1.8.0_171-b11)
# Java VM: Java HotSpot(TM) 64-Bit Server VM (25.171-b11 mixed mode windows-amd64 compressed oops)
Heap:
 garbage-first heap   total 119808K, used 79169K [0x00000000c0000000, 0x00000000c01003a8, 0x0000000100000000)
  region size 1024K, 5 young (5120K), 2 survivors (2048K)
 Metaspace       used 40873K, capacity 43396K, committed 43648K, reserved 1087488K
  class space    used 4424K, capacity 5196K, committed 5248K, reserved 1048576K
GC Heap History (10 events):
Event: 14.151 GC heap before
{Heap before GC invocations=17 (full 0):
 garbage-first heap   total 64512K, used 55799K [0x00000000c0000000, 0x00000000c01001f8, 0x0000000100000000)
  region size 1024K, 21 young (21504K), 3 survivors (3072K)
 Metaspace       used 40452K, capacity 42996K, committed 43136K, reserved 1087488K
  class space    used 4381K, capacity 5156K, committed 5248K, reserved 1048576K
Event: 14.159 GC heap after
Heap after GC invocations=18 (full 0):
 garbage-first heap   total 64512K, used 40745K [0x00000000c0000000, 0x00000000c01001f8, 0x0000000100000000)
  region size 1024K, 3 young (3072K), 3 survivors (3072K)
 Metaspace       used 40452K, capacity 42996K, committed 43136K, reserved 1087488K
  class space    used 4381K, capacity 5156K, committed 5248K, reserved 1048576K
}
Event: 14.276 GC heap before
{Heap before GC invocations=18 (full 0):
 garbage-first heap   total 64512K, used 41769K [0x00000000c0000000, 0x00000000c01001f8, 0x0000000100000000)
  region size 1024K, 4 young (4096K), 3 survivors (3072K)
 Metaspace       used 40504K, capacity 42996K, committed 43136K, reserved 1087488K
  class space    used 4391K, capacity 5156K, committed 5248K, reserved 1048576K
Event: 14.285 GC heap after
Heap after GC invocations=19 (full 0):
 garbage-first heap   total 64512K, used 36221K [0x00000000c0000000, 0x00000000c01001f8, 0x0000000100000000)
  region size 1024K, 1 young (1024K), 1 survivors (1024K)
 Metaspace       used 40504K, capacity 42996K, committed 43136K, reserved 1087488K
  class space    used 4391K, capacity 5156K, committed 5248K, reserved 1048576K
}
Event: 14.333 GC heap before
{Heap before GC invocations=19 (full 0):
 garbage-first heap   total 64512K, used 38269K [0x00000000c0000000, 0x00000000c01001f8, 0x0000000100000000)
  region size 1024K, 3 young (3072K), 1 survivors (1024K)
 Metaspace       used 40518K, capacity 42996K, committed 43136K, reserved 1087488K
  class space    used 4391K, capacity 5156K, committed 5248K, reserved 1048576K
Event: 14.348 GC heap after
Heap after GC invocations=20 (full 0):
 garbage-first heap   total 64512K, used 34071K [0x00000000c0000000, 0x00000000c01001f8, 0x0000000100000000)
  region size 1024K, 1 young (1024K), 1 survivors (1024K)
 Metaspace       used 40518K, capacity 42996K, committed 43136K, reserved 1087488K
  class space    used 4391K, capacity 5156K, committed 5248K, reserved 1048576K
}
Event: 14.409 GC heap before
{Heap before GC invocations=20 (full 0):
 garbage-first heap   total 64512K, used 36119K [0x00000000c0000000, 0x00000000c01001f8, 0x0000000100000000)
  region size 1024K, 3 young (3072K), 1 survivors (1024K)
 Metaspace       used 40676K, capacity 43226K, committed 43392K, reserved 1087488K
  class space    used 4407K, capacity 5189K, committed 5248K, reserved 1048576K
Event: 14.418 GC heap after
Heap after GC invocations=21 (full 0):
 garbage-first heap   total 64512K, used 34927K [0x00000000c0000000, 0x00000000c01001f8, 0x0000000100000000)
  region size 1024K, 1 young (1024K), 1 survivors (1024K)
 Metaspace       used 40676K, capacity 43226K, committed 43392K, reserved 1087488K
  class space    used 4407K, capacity 5189K, committed 5248K, reserved 1048576K
}
Event: 14.538 GC heap before
{Heap before GC invocations=21 (full 0):
 garbage-first heap   total 64512K, used 40047K [0x00000000c0000000, 0x00000000c01001f8, 0x0000000100000000)
  region size 1024K, 7 young (7168K), 1 survivors (1024K)
 Metaspace       used 40852K, capacity 43396K, committed 43648K, reserved 1087488K
  class space    used 4421K, capacity 5196K, committed 5248K, reserved 1048576K
Event: 14.543 GC heap after
Heap after GC invocations=22 (full 0):
 garbage-first heap   total 64512K, used 35502K [0x00000000c0000000, 0x00000000c01001f8, 0x0000000100000000)
  region size 1024K, 2 young (2048K), 2 survivors (2048K)
 Metaspace       used 40852K, capacity 43396K, committed 43648K, reserved 1087488K
  class space    used 4421K, capacity 5196K, committed 5248K, reserved 1048576K
}

