# JRE version: Java(TM) SE Runtime Environment (8.0_171-b11) (build 1.8.0_171-b11)
# Java VM: Java HotSpot(TM) 64-Bit Server VM (25.171-b11 mixed mode windows-amd64 compressed oops)
Heap:
 garbage-first heap   total 115712K, used 105500K [0x00000000c0000000, 0x00000000c0100388, 0x0000000100000000)
  region size 1024K, 9 young (9216K), 2 survivors (2048K)
 Metaspace       used 41443K, capacity 43908K, committed 44160K, reserved 1087488K
  class space    used 4454K, capacity 5224K, committed 5248K, reserved 1048576K
GC Heap History (10 events):
Event: 12.631 GC heap after
Heap after GC invocations=16 (full 0):
 garbage-first heap   total 63488K, used 34816K [0x00000000c0000000, 0x00000000c01001f0, 0x0000000100000000)
  region size 1024K, 4 young (4096K), 4 survivors (4096K)
 Metaspace       used 40006K, capacity 42252K, committed 42496K, reserved 1087488K
  class space    used 4315K, capacity 5050K, committed 5120K, reserved 1048576K
}
Event: 15.379 GC heap before
{Heap before GC invocations=17 (full 0):
 garbage-first heap   total 63488K, used 51497K [0x00000000c0000000, 0x00000000c01001f0, 0x0000000100000000)
  region size 1024K, 20 young (20480K), 4 survivors (4096K)
 Metaspace       used 41028K, capacity 43508K, committed 43648K, reserved 1087488K
  class space    used 4414K, capacity 5184K, committed 5248K, reserved 1048576K
Event: 15.389 GC heap after
Heap after GC invocations=18 (full 0):
 garbage-first heap   total 63488K, used 38185K [0x00000000c0000000, 0x00000000c01001f0, 0x0000000100000000)
  region size 1024K, 3 young (3072K), 3 survivors (3072K)
 Metaspace       used 41028K, capacity 43508K, committed 43648K, reserved 1087488K
  class space    used 4414K, capacity 5184K, committed 5248K, reserved 1048576K
}
Event: 15.535 GC heap before
{Heap before GC invocations=18 (full 0):
 garbage-first heap   total 63488K, used 39209K [0x00000000c0000000, 0x00000000c01001f0, 0x0000000100000000)
  region size 1024K, 4 young (4096K), 3 survivors (3072K)
 Metaspace       used 41071K, capacity 43508K, committed 43648K, reserved 1087488K
  class space    used 4421K, capacity 5184K, committed 5248K, reserved 1048576K
Event: 15.547 GC heap after
Heap after GC invocations=19 (full 0):
 garbage-first heap   total 63488K, used 33577K [0x00000000c0000000, 0x00000000c01001f0, 0x0000000100000000)
  region size 1024K, 1 young (1024K), 1 survivors (1024K)
 Metaspace       used 41071K, capacity 43508K, committed 43648K, reserved 1087488K
  class space    used 4421K, capacity 5184K, committed 5248K, reserved 1048576K
}
Event: 15.587 GC heap before
{Heap before GC invocations=19 (full 0):
 garbage-first heap   total 63488K, used 35625K [0x00000000c0000000, 0x00000000c01001f0, 0x0000000100000000)
  region size 1024K, 3 young (3072K), 1 survivors (1024K)
 Metaspace       used 41074K, capacity 43508K, committed 43648K, reserved 1087488K
  class space    used 4421K, capacity 5184K, committed 5248K, reserved 1048576K
Event: 15.597 GC heap after
Heap after GC invocations=20 (full 0):
 garbage-first heap   total 63488K, used 33786K [0x00000000c0000000, 0x00000000c01001f0, 0x0000000100000000)
  region size 1024K, 1 young (1024K), 1 survivors (1024K)
 Metaspace       used 41074K, capacity 43508K, committed 43648K, reserved 1087488K
  class space    used 4421K, capacity 5184K, committed 5248K, reserved 1048576K
}
Event: 15.748 GC heap before
{Heap before GC invocations=20 (full 0):
 garbage-first heap   total 63488K, used 40954K [0x00000000c0000000, 0x00000000c01001f0, 0x0000000100000000)
  region size 1024K, 9 young (9216K), 1 survivors (1024K)
 Metaspace       used 41410K, capacity 43908K, committed 44160K, reserved 1087488K
  class space    used 4451K, capacity 5224K, committed 5248K, reserved 1048576K
Event: 15.754 GC heap after
Heap after GC invocations=21 (full 0):
 garbage-first heap   total 63488K, used 34694K [0x00000000c0000000, 0x00000000c01001f0, 0x0000000100000000)
  region size 1024K, 2 young (2048K), 2 survivors (2048K)
 Metaspace       used 41410K, capacity 43908K, committed 44160K, reserved 1087488K
  class space    used 4451K, capacity 5224K, committed 5248K, reserved 1048576K
}
Event: 16.086 GC heap before
{Heap before GC invocations=22 (full 0):
 garbage-first heap   total 111616K, used 105500K [0x00000000c0000000, 0x00000000c0100368, 0x0000000100000000)
  region size 1024K, 9 young (9216K), 2 survivors (2048K)
 Metaspace       used 41443K, capacity 43908K, committed 44160K, reserved 1087488K
  class space    used 4454K, capacity 5224K, committed 5248K, reserved 1048576K

