# JRE version: Java(TM) SE Runtime Environment (8.0_171-b11) (build 1.8.0_171-b11)
# Java VM: Java HotSpot(TM) 64-Bit Server VM (25.171-b11 mixed mode windows-amd64 compressed oops)
Heap:
 garbage-first heap   total 112640K, used 105456K [0x00000000c0000000, 0x00000000c0100370, 0x0000000100000000)
  region size 1024K, 10 young (10240K), 3 survivors (3072K)
 Metaspace       used 42257K, capacity 44756K, committed 45056K, reserved 1089536K
  class space    used 4517K, capacity 5328K, committed 5376K, reserved 1048576K
GC Heap History (10 events):
Event: 24.408 GC heap after
Heap after GC invocations=17 (full 0):
 garbage-first heap   total 63488K, used 40960K [0x00000000c0000000, 0x00000000c01001f0, 0x0000000100000000)
  region size 1024K, 3 young (3072K), 3 survivors (3072K)
 Metaspace       used 39462K, capacity 41754K, committed 41856K, reserved 1085440K
  class space    used 4240K, capacity 4947K, committed 4992K, reserved 1048576K
}
Event: 25.868 GC heap before
{Heap before GC invocations=18 (full 0):
 garbage-first heap   total 63488K, used 48937K [0x00000000c0000000, 0x00000000c01001f0, 0x0000000100000000)
  region size 1024K, 14 young (14336K), 3 survivors (3072K)
 Metaspace       used 41277K, capacity 43778K, committed 43904K, reserved 1087488K
  class space    used 4434K, capacity 5247K, committed 5248K, reserved 1048576K
Event: 25.878 GC heap after
Heap after GC invocations=19 (full 0):
 garbage-first heap   total 63488K, used 38697K [0x00000000c0000000, 0x00000000c01001f0, 0x0000000100000000)
  region size 1024K, 2 young (2048K), 2 survivors (2048K)
 Metaspace       used 41277K, capacity 43778K, committed 43904K, reserved 1087488K
  class space    used 4434K, capacity 5247K, committed 5248K, reserved 1048576K
}
Event: 25.950 GC heap before
{Heap before GC invocations=19 (full 0):
 garbage-first heap   total 63488K, used 39721K [0x00000000c0000000, 0x00000000c01001f0, 0x0000000100000000)
  region size 1024K, 3 young (3072K), 2 survivors (2048K)
 Metaspace       used 41615K, capacity 44098K, committed 44160K, reserved 1087488K
  class space    used 4450K, capacity 5247K, committed 5248K, reserved 1048576K
Event: 25.962 GC heap after
Heap after GC invocations=20 (full 0):
 garbage-first heap   total 63488K, used 36025K [0x00000000c0000000, 0x00000000c01001f0, 0x0000000100000000)
  region size 1024K, 1 young (1024K), 1 survivors (1024K)
 Metaspace       used 41615K, capacity 44098K, committed 44160K, reserved 1087488K
  class space    used 4450K, capacity 5247K, committed 5248K, reserved 1048576K
}
Event: 27.051 GC heap before
{Heap before GC invocations=20 (full 0):
 garbage-first heap   total 63488K, used 38073K [0x00000000c0000000, 0x00000000c01001f0, 0x0000000100000000)
  region size 1024K, 3 young (3072K), 1 survivors (1024K)
 Metaspace       used 41766K, capacity 44286K, committed 44544K, reserved 1089536K
  class space    used 4471K, capacity 5287K, committed 5376K, reserved 1048576K
Event: 27.066 GC heap after
Heap after GC invocations=21 (full 0):
 garbage-first heap   total 63488K, used 33040K [0x00000000c0000000, 0x00000000c01001f0, 0x0000000100000000)
  region size 1024K, 1 young (1024K), 1 survivors (1024K)
 Metaspace       used 41766K, capacity 44286K, committed 44544K, reserved 1089536K
  class space    used 4471K, capacity 5287K, committed 5376K, reserved 1048576K
}
Event: 28.978 GC heap before
{Heap before GC invocations=21 (full 0):
 garbage-first heap   total 63488K, used 48400K [0x00000000c0000000, 0x00000000c01001f0, 0x0000000100000000)
  region size 1024K, 17 young (17408K), 1 survivors (1024K)
 Metaspace       used 42223K, capacity 44750K, committed 45056K, reserved 1089536K
  class space    used 4512K, capacity 5327K, committed 5376K, reserved 1048576K
Event: 28.986 GC heap after
Heap after GC invocations=22 (full 0):
 garbage-first heap   total 63488K, used 34650K [0x00000000c0000000, 0x00000000c01001f0, 0x0000000100000000)
  region size 1024K, 3 young (3072K), 3 survivors (3072K)
 Metaspace       used 42223K, capacity 44750K, committed 45056K, reserved 1089536K
  class space    used 4512K, capacity 5327K, committed 5376K, reserved 1048576K
}
Event: 29.680 GC heap before
{Heap before GC invocations=23 (full 0):
 garbage-first heap   total 111616K, used 105456K [0x00000000c0000000, 0x00000000c0100368, 0x0000000100000000)
  region size 1024K, 10 young (10240K), 3 survivors (3072K)
 Metaspace       used 42257K, capacity 44756K, committed 45056K, reserved 1089536K
  class space    used 4517K, capacity 5328K, committed 5376K, reserved 1048576K

