# JRE version: Java(TM) SE Runtime Environment (8.0_171-b11) (build 1.8.0_171-b11)
# Java VM: Java HotSpot(TM) 64-Bit Server VM (25.171-b11 mixed mode windows-amd64 compressed oops)
Heap:
 garbage-first heap   total 63488K, used 27136K [0x00000000c0000000, 0x00000000c01001f0, 0x0000000100000000)
  region size 1024K, 12 young (12288K), 1 survivors (1024K)
 Metaspace       used 25252K, capacity 26382K, committed 26620K, reserved 1073152K
  class space    used 2707K, capacity 3048K, committed 3120K, reserved 1048576K
GC Heap History (10 events):
Event: 35.365 GC heap before
{Heap before GC invocations=2 (full 0):
 garbage-first heap   total 63488K, used 26787K [0x00000000c0000000, 0x00000000c01001f0, 0x0000000100000000)
  region size 1024K, 20 young (20480K), 3 survivors (3072K)
 Metaspace       used 15638K, capacity 16538K, committed 16768K, reserved 1064960K
  class space    used 1599K, capacity 1877K, committed 1920K, reserved 1048576K
Event: 35.385 GC heap after
Heap after GC invocations=3 (full 0):
 garbage-first heap   total 63488K, used 16384K [0x00000000c0000000, 0x00000000c01001f0, 0x0000000100000000)
  region size 1024K, 3 young (3072K), 3 survivors (3072K)
 Metaspace       used 15638K, capacity 16538K, committed 16768K, reserved 1064960K
  class space    used 1599K, capacity 1877K, committed 1920K, reserved 1048576K
}
Event: 39.700 GC heap before
{Heap before GC invocations=3 (full 0):
 garbage-first heap   total 63488K, used 48128K [0x00000000c0000000, 0x00000000c01001f0, 0x0000000100000000)
  region size 1024K, 34 young (34816K), 3 survivors (3072K)
 Metaspace       used 18442K, capacity 19474K, committed 19840K, reserved 1067008K
  class space    used 1791K, capacity 2089K, committed 2176K, reserved 1048576K
Event: 39.711 GC heap after
Heap after GC invocations=4 (full 0):
 garbage-first heap   total 63488K, used 19456K [0x00000000c0000000, 0x00000000c01001f0, 0x0000000100000000)
  region size 1024K, 5 young (5120K), 5 survivors (5120K)
 Metaspace       used 18442K, capacity 19474K, committed 19840K, reserved 1067008K
  class space    used 1791K, capacity 2089K, committed 2176K, reserved 1048576K
}
Event: 53.715 GC heap before
{Heap before GC invocations=4 (full 0):
 garbage-first heap   total 63488K, used 32768K [0x00000000c0000000, 0x00000000c01001f0, 0x0000000100000000)
  region size 1024K, 19 young (19456K), 5 survivors (5120K)
 Metaspace       used 20078K, capacity 21190K, committed 21296K, reserved 1069056K
  class space    used 2009K, capacity 2325K, committed 2352K, reserved 1048576K
Event: 53.725 GC heap after
Heap after GC invocations=5 (full 0):
 garbage-first heap   total 63488K, used 21345K [0x00000000c0000000, 0x00000000c01001f0, 0x0000000100000000)
  region size 1024K, 4 young (4096K), 4 survivors (4096K)
 Metaspace       used 20078K, capacity 21190K, committed 21296K, reserved 1069056K
  class space    used 2009K, capacity 2325K, committed 2352K, reserved 1048576K
}
Event: 54.853 GC heap before
{Heap before GC invocations=6 (full 0):
 garbage-first heap   total 63488K, used 45921K [0x00000000c0000000, 0x00000000c01001f0, 0x0000000100000000)
  region size 1024K, 33 young (33792K), 4 survivors (4096K)
 Metaspace       used 23785K, capacity 24890K, committed 25084K, reserved 1071104K
  class space    used 2501K, capacity 2850K, committed 2864K, reserved 1048576K
Event: 54.865 GC heap after
Heap after GC invocations=7 (full 0):
 garbage-first heap   total 63488K, used 20380K [0x00000000c0000000, 0x00000000c01001f0, 0x0000000100000000)
  region size 1024K, 5 young (5120K), 5 survivors (5120K)
 Metaspace       used 23785K, capacity 24890K, committed 25084K, reserved 1071104K
  class space    used 2501K, capacity 2850K, committed 2864K, reserved 1048576K
}
Event: 54.911 GC heap before
{Heap before GC invocations=7 (full 0):
 garbage-first heap   total 63488K, used 21404K [0x00000000c0000000, 0x00000000c01001f0, 0x0000000100000000)
  region size 1024K, 6 young (6144K), 5 survivors (5120K)
 Metaspace       used 23989K, capacity 25050K, committed 25212K, reserved 1071104K
  class space    used 2526K, capacity 2882K, committed 2992K, reserved 1048576K
Event: 54.926 GC heap after
Heap after GC invocations=8 (full 0):
 garbage-first heap   total 63488K, used 16896K [0x00000000c0000000, 0x00000000c01001f0, 0x0000000100000000)
  region size 1024K, 1 young (1024K), 1 survivors (1024K)
 Metaspace       used 23989K, capacity 25050K, committed 25212K, reserved 1071104K
  class space    used 2526K, capacity 2882K, committed 2992K, reserved 1048576K
}

