# JRE version: Java(TM) SE Runtime Environment (8.0_171-b11) (build 1.8.0_171-b11)
# Java VM: Java HotSpot(TM) 64-Bit Server VM (25.171-b11 mixed mode windows-amd64 compressed oops)
Heap:
 garbage-first heap   total 260096K, used 132098K [0x00000000c0000000, 0x00000000c01007f0, 0x0000000100000000)
  region size 1024K, 26 young (26624K), 1 survivors (1024K)
 Metaspace       used 47648K, capacity 50462K, committed 50764K, reserved 1093632K
  class space    used 4987K, capacity 5891K, committed 5964K, reserved 1048576K
GC Heap History (10 events):
Event: 22.842 GC heap before
{Heap before GC invocations=30 (full 0):
 garbage-first heap   total 125952K, used 107820K [0x00000000c0000000, 0x00000000c01003d8, 0x0000000100000000)
  region size 1024K, 6 young (6144K), 2 survivors (2048K)
 Metaspace       used 46255K, capacity 49030K, committed 49228K, reserved 1093632K
  class space    used 4879K, capacity 5692K, committed 5708K, reserved 1048576K
Event: 22.856 GC heap after
Heap after GC invocations=31 (full 0):
 garbage-first heap   total 125952K, used 106284K [0x00000000c0000000, 0x00000000c01003d8, 0x0000000100000000)
  region size 1024K, 1 young (1024K), 1 survivors (1024K)
 Metaspace       used 46255K, capacity 49030K, committed 49228K, reserved 1093632K
  class space    used 4879K, capacity 5692K, committed 5708K, reserved 1048576K
}
Event: 22.886 GC heap before
{Heap before GC invocations=31 (full 0):
 garbage-first heap   total 125952K, used 111404K [0x00000000c0000000, 0x00000000c01003d8, 0x0000000100000000)
  region size 1024K, 6 young (6144K), 1 survivors (1024K)
 Metaspace       used 46255K, capacity 49030K, committed 49228K, reserved 1093632K
  class space    used 4879K, capacity 5692K, committed 5708K, reserved 1048576K
Event: 22.903 GC heap after
Heap after GC invocations=32 (full 0):
 garbage-first heap   total 125952K, used 109356K [0x00000000c0000000, 0x00000000c01003d8, 0x0000000100000000)
  region size 1024K, 1 young (1024K), 1 survivors (1024K)
 Metaspace       used 46255K, capacity 49030K, committed 49228K, reserved 1093632K
  class space    used 4879K, capacity 5692K, committed 5708K, reserved 1048576K
}
Event: 23.014 GC heap before
{Heap before GC invocations=33 (full 0):
 garbage-first heap   total 125952K, used 113452K [0x00000000c0000000, 0x00000000c01003d8, 0x0000000100000000)
  region size 1024K, 6 young (6144K), 1 survivors (1024K)
 Metaspace       used 46253K, capacity 49024K, committed 49228K, reserved 1093632K
  class space    used 4878K, capacity 5691K, committed 5708K, reserved 1048576K
Event: 23.029 GC heap after
Heap after GC invocations=34 (full 0):
 garbage-first heap   total 125952K, used 111404K [0x00000000c0000000, 0x00000000c01003d8, 0x0000000100000000)
  region size 1024K, 1 young (1024K), 1 survivors (1024K)
 Metaspace       used 46253K, capacity 49024K, committed 49228K, reserved 1093632K
  class space    used 4878K, capacity 5691K, committed 5708K, reserved 1048576K
}
Event: 23.047 GC heap before
{Heap before GC invocations=34 (full 0):
 garbage-first heap   total 125952K, used 116524K [0x00000000c0000000, 0x00000000c01003d8, 0x0000000100000000)
  region size 1024K, 6 young (6144K), 1 survivors (1024K)
 Metaspace       used 46253K, capacity 49024K, committed 49228K, reserved 1093632K
  class space    used 4878K, capacity 5691K, committed 5708K, reserved 1048576K
Event: 23.078 GC heap after
Heap after GC invocations=35 (full 0):
 garbage-first heap   total 130048K, used 108332K [0x00000000c0000000, 0x00000000c01003f8, 0x0000000100000000)
  region size 1024K, 1 young (1024K), 1 survivors (1024K)
 Metaspace       used 46253K, capacity 49024K, committed 49228K, reserved 1093632K
  class space    used 4878K, capacity 5691K, committed 5708K, reserved 1048576K
}
Event: 85.375 GC heap before
{Heap before GC invocations=35 (full 0):
 garbage-first heap   total 130048K, used 113452K [0x00000000c0000000, 0x00000000c01003f8, 0x0000000100000000)
  region size 1024K, 6 young (6144K), 1 survivors (1024K)
 Metaspace       used 46762K, capacity 49612K, committed 49868K, reserved 1093632K
  class space    used 4926K, capacity 5798K, committed 5836K, reserved 1048576K
Event: 85.418 GC heap after
Heap after GC invocations=36 (full 0):
 garbage-first heap   total 260096K, used 107522K [0x00000000c0000000, 0x00000000c01007f0, 0x0000000100000000)
  region size 1024K, 1 young (1024K), 1 survivors (1024K)
 Metaspace       used 46762K, capacity 49612K, committed 49868K, reserved 1093632K
  class space    used 4926K, capacity 5798K, committed 5836K, reserved 1048576K
}

