# JRE version: Java(TM) SE Runtime Environment (8.0_171-b11) (build 1.8.0_171-b11)
# Java VM: Java HotSpot(TM) 64-Bit Server VM (25.171-b11 mixed mode windows-amd64 compressed oops)
Heap:
 garbage-first heap   total 129024K, used 114827K [0x00000000c0000000, 0x00000000c01003f0, 0x0000000100000000)
  region size 1024K, 19 young (19456K), 2 survivors (2048K)
 Metaspace       used 41470K, capacity 43958K, committed 44236K, reserved 1087488K
  class space    used 4443K, capacity 5223K, committed 5324K, reserved 1048576K
GC Heap History (10 events):
Event: 22.757 GC heap after
Heap after GC invocations=20 (full 0):
 garbage-first heap   total 63488K, used 34117K [0x00000000c0000000, 0x00000000c01001f0, 0x0000000100000000)
  region size 1024K, 3 young (3072K), 3 survivors (3072K)
 Metaspace       used 39636K, capacity 41958K, committed 42188K, reserved 1087488K
  class space    used 4254K, capacity 4963K, committed 5068K, reserved 1048576K
}
Event: 26.579 GC heap before
{Heap before GC invocations=21 (full 0):
 garbage-first heap   total 63488K, used 54383K [0x00000000c0000000, 0x00000000c01001f0, 0x0000000100000000)
  region size 1024K, 21 young (21504K), 3 survivors (3072K)
 Metaspace       used 41043K, capacity 43494K, committed 43596K, reserved 1087488K
  class space    used 4402K, capacity 5183K, committed 5196K, reserved 1048576K
Event: 26.587 GC heap after
Heap after GC invocations=22 (full 0):
 garbage-first heap   total 63488K, used 37608K [0x00000000c0000000, 0x00000000c01001f0, 0x0000000100000000)
  region size 1024K, 3 young (3072K), 3 survivors (3072K)
 Metaspace       used 41043K, capacity 43494K, committed 43596K, reserved 1087488K
  class space    used 4402K, capacity 5183K, committed 5196K, reserved 1048576K
}
Event: 26.618 GC heap before
{Heap before GC invocations=22 (full 0):
 garbage-first heap   total 63488K, used 38632K [0x00000000c0000000, 0x00000000c01001f0, 0x0000000100000000)
  region size 1024K, 4 young (4096K), 3 survivors (3072K)
 Metaspace       used 41090K, capacity 43558K, committed 43596K, reserved 1087488K
  class space    used 4410K, capacity 5183K, committed 5196K, reserved 1048576K
Event: 26.628 GC heap after
Heap after GC invocations=23 (full 0):
 garbage-first heap   total 63488K, used 31493K [0x00000000c0000000, 0x00000000c01001f0, 0x0000000100000000)
  region size 1024K, 1 young (1024K), 1 survivors (1024K)
 Metaspace       used 41090K, capacity 43558K, committed 43596K, reserved 1087488K
  class space    used 4410K, capacity 5183K, committed 5196K, reserved 1048576K
}
Event: 26.668 GC heap before
{Heap before GC invocations=23 (full 0):
 garbage-first heap   total 63488K, used 33541K [0x00000000c0000000, 0x00000000c01001f0, 0x0000000100000000)
  region size 1024K, 3 young (3072K), 1 survivors (1024K)
 Metaspace       used 41101K, capacity 43558K, committed 43596K, reserved 1087488K
  class space    used 4410K, capacity 5183K, committed 5196K, reserved 1048576K
Event: 26.681 GC heap after
Heap after GC invocations=24 (full 0):
 garbage-first heap   total 63488K, used 30218K [0x00000000c0000000, 0x00000000c01001f0, 0x0000000100000000)
  region size 1024K, 1 young (1024K), 1 survivors (1024K)
 Metaspace       used 41101K, capacity 43558K, committed 43596K, reserved 1087488K
  class space    used 4410K, capacity 5183K, committed 5196K, reserved 1048576K
}
Event: 26.871 GC heap before
{Heap before GC invocations=24 (full 0):
 garbage-first heap   total 63488K, used 36362K [0x00000000c0000000, 0x00000000c01001f0, 0x0000000100000000)
  region size 1024K, 8 young (8192K), 1 survivors (1024K)
 Metaspace       used 41439K, capacity 43958K, committed 44236K, reserved 1087488K
  class space    used 4440K, capacity 5223K, committed 5324K, reserved 1048576K
Event: 26.879 GC heap after
Heap after GC invocations=25 (full 0):
 garbage-first heap   total 63488K, used 30743K [0x00000000c0000000, 0x00000000c01001f0, 0x0000000100000000)
  region size 1024K, 2 young (2048K), 2 survivors (2048K)
 Metaspace       used 41439K, capacity 43958K, committed 44236K, reserved 1087488K
  class space    used 4440K, capacity 5223K, committed 5324K, reserved 1048576K
}
Event: 27.546 GC heap before
{Heap before GC invocations=26 (full 0):
 garbage-first heap   total 120832K, used 114827K [0x00000000c0000000, 0x00000000c01003b0, 0x0000000100000000)
  region size 1024K, 19 young (19456K), 2 survivors (2048K)
 Metaspace       used 41470K, capacity 43958K, committed 44236K, reserved 1087488K
  class space    used 4443K, capacity 5223K, committed 5324K, reserved 1048576K

