# JRE version: Java(TM) SE Runtime Environment (8.0_171-b11) (build 1.8.0_171-b11)
# Java VM: Java HotSpot(TM) 64-Bit Server VM (25.171-b11 mixed mode windows-amd64 compressed oops)
Heap:
 garbage-first heap   total 409600K, used 126453K [0x00000000c0000000, 0x00000000c0100c80, 0x0000000100000000)
  region size 1024K, 17 young (17408K), 2 survivors (2048K)
 Metaspace       used 51947K, capacity 54926K, committed 55120K, reserved 1097728K
  class space    used 5481K, capacity 6403K, committed 6480K, reserved 1048576K
GC Heap History (10 events):
Event: 16.377 GC heap before
{Heap before GC invocations=36 (full 0):
 garbage-first heap   total 124928K, used 109356K [0x00000000c0000000, 0x00000000c01003d0, 0x0000000100000000)
  region size 1024K, 6 young (6144K), 1 survivors (1024K)
 Metaspace       used 48723K, capacity 51544K, committed 51920K, reserved 1095680K
  class space    used 5139K, capacity 5994K, committed 6096K, reserved 1048576K
Event: 16.391 GC heap after
Heap after GC invocations=37 (full 0):
 garbage-first heap   total 124928K, used 107820K [0x00000000c0000000, 0x00000000c01003d0, 0x0000000100000000)
  region size 1024K, 1 young (1024K), 1 survivors (1024K)
 Metaspace       used 48723K, capacity 51544K, committed 51920K, reserved 1095680K
  class space    used 5139K, capacity 5994K, committed 6096K, reserved 1048576K
}
Event: 16.414 GC heap before
{Heap before GC invocations=37 (full 0):
 garbage-first heap   total 124928K, used 112940K [0x00000000c0000000, 0x00000000c01003d0, 0x0000000100000000)
  region size 1024K, 6 young (6144K), 1 survivors (1024K)
 Metaspace       used 48723K, capacity 51544K, committed 51920K, reserved 1095680K
  class space    used 5139K, capacity 5994K, committed 6096K, reserved 1048576K
Event: 16.429 GC heap after
Heap after GC invocations=38 (full 0):
 garbage-first heap   total 124928K, used 111404K [0x00000000c0000000, 0x00000000c01003d0, 0x0000000100000000)
  region size 1024K, 1 young (1024K), 1 survivors (1024K)
 Metaspace       used 48723K, capacity 51544K, committed 51920K, reserved 1095680K
  class space    used 5139K, capacity 5994K, committed 6096K, reserved 1048576K
}
Event: 16.455 GC heap before
{Heap before GC invocations=38 (full 0):
 garbage-first heap   total 124928K, used 116524K [0x00000000c0000000, 0x00000000c01003d0, 0x0000000100000000)
  region size 1024K, 6 young (6144K), 1 survivors (1024K)
 Metaspace       used 48723K, capacity 51544K, committed 51920K, reserved 1095680K
  class space    used 5139K, capacity 5994K, committed 6096K, reserved 1048576K
Event: 16.471 GC heap after
Heap after GC invocations=39 (full 0):
 garbage-first heap   total 124928K, used 114476K [0x00000000c0000000, 0x00000000c01003d0, 0x0000000100000000)
  region size 1024K, 1 young (1024K), 1 survivors (1024K)
 Metaspace       used 48723K, capacity 51544K, committed 51920K, reserved 1095680K
  class space    used 5139K, capacity 5994K, committed 6096K, reserved 1048576K
}
Event: 16.992 GC heap before
{Heap before GC invocations=40 (full 0):
 garbage-first heap   total 124928K, used 119596K [0x00000000c0000000, 0x00000000c01003d0, 0x0000000100000000)
  region size 1024K, 6 young (6144K), 1 survivors (1024K)
 Metaspace       used 48830K, capacity 51616K, committed 51920K, reserved 1095680K
  class space    used 5145K, capacity 5996K, committed 6096K, reserved 1048576K
Event: 17.007 GC heap after
Heap after GC invocations=41 (full 0):
 garbage-first heap   total 249856K, used 115714K [0x00000000c0000000, 0x00000000c01007a0, 0x0000000100000000)
  region size 1024K, 1 young (1024K), 1 survivors (1024K)
 Metaspace       used 48830K, capacity 51616K, committed 51920K, reserved 1095680K
  class space    used 5145K, capacity 5996K, committed 6096K, reserved 1048576K
}
Event: 28.511 GC heap before
{Heap before GC invocations=41 (full 0):
 garbage-first heap   total 249856K, used 126978K [0x00000000c0000000, 0x00000000c01007a0, 0x0000000100000000)
  region size 1024K, 12 young (12288K), 1 survivors (1024K)
 Metaspace       used 50990K, capacity 53904K, committed 54224K, reserved 1097728K
  class space    used 5387K, capacity 6274K, committed 6352K, reserved 1048576K
Event: 28.543 GC heap after
Heap after GC invocations=42 (full 0):
 garbage-first heap   total 409600K, used 112117K [0x00000000c0000000, 0x00000000c0100c80, 0x0000000100000000)
  region size 1024K, 2 young (2048K), 2 survivors (2048K)
 Metaspace       used 50990K, capacity 53904K, committed 54224K, reserved 1097728K
  class space    used 5387K, capacity 6274K, committed 6352K, reserved 1048576K
}

