# JRE version: Java(TM) SE Runtime Environment (8.0_171-b11) (build 1.8.0_171-b11)
# Java VM: Java HotSpot(TM) 64-Bit Server VM (25.171-b11 mixed mode windows-amd64 compressed oops)
Heap:
 garbage-first heap   total 133120K, used 48178K [0x00000000c0000000, 0x00000000c0100410, 0x0000000100000000)
  region size 1024K, 2 young (2048K), 2 survivors (2048K)
 Metaspace       used 54679K, capacity 57466K, committed 57728K, reserved 1101824K
  class space    used 5370K, capacity 6248K, committed 6272K, reserved 1048576K
GC Heap History (10 events):
Event: 126.906 GC heap after
Heap after GC invocations=234 (full 0):
 garbage-first heap   total 66560K, used 42942K [0x00000000c0000000, 0x00000000c0100208, 0x0000000100000000)
  region size 1024K, 1 young (1024K), 1 survivors (1024K)
 Metaspace       used 54672K, capacity 57466K, committed 57728K, reserved 1101824K
  class space    used 5370K, capacity 6248K, committed 6272K, reserved 1048576K
}
Event: 126.922 GC heap before
{Heap before GC invocations=234 (full 0):
 garbage-first heap   total 66560K, used 44990K [0x00000000c0000000, 0x00000000c0100208, 0x0000000100000000)
  region size 1024K, 3 young (3072K), 1 survivors (1024K)
 Metaspace       used 54673K, capacity 57466K, committed 57728K, reserved 1101824K
  class space    used 5370K, capacity 6248K, committed 6272K, reserved 1048576K
Event: 126.934 GC heap after
Heap after GC invocations=235 (full 0):
 garbage-first heap   total 66560K, used 42765K [0x00000000c0000000, 0x00000000c0100208, 0x0000000100000000)
  region size 1024K, 1 young (1024K), 1 survivors (1024K)
 Metaspace       used 54673K, capacity 57466K, committed 57728K, reserved 1101824K
  class space    used 5370K, capacity 6248K, committed 6272K, reserved 1048576K
}
Event: 127.121 GC heap before
{Heap before GC invocations=235 (full 0):
 garbage-first heap   total 66560K, used 55053K [0x00000000c0000000, 0x00000000c0100208, 0x0000000100000000)
  region size 1024K, 13 young (13312K), 1 survivors (1024K)
 Metaspace       used 54675K, capacity 57466K, committed 57728K, reserved 1101824K
  class space    used 5370K, capacity 6248K, committed 6272K, reserved 1048576K
Event: 127.129 GC heap after
Heap after GC invocations=236 (full 0):
 garbage-first heap   total 66560K, used 43510K [0x00000000c0000000, 0x00000000c0100208, 0x0000000100000000)
  region size 1024K, 2 young (2048K), 2 survivors (2048K)
 Metaspace       used 54675K, capacity 57466K, committed 57728K, reserved 1101824K
  class space    used 5370K, capacity 6248K, committed 6272K, reserved 1048576K
}
Event: 127.134 GC heap before
{Heap before GC invocations=236 (full 0):
 garbage-first heap   total 66560K, used 43510K [0x00000000c0000000, 0x00000000c0100208, 0x0000000100000000)
  region size 1024K, 3 young (3072K), 2 survivors (2048K)
 Metaspace       used 54675K, capacity 57466K, committed 57728K, reserved 1101824K
  class space    used 5370K, capacity 6248K, committed 6272K, reserved 1048576K
Event: 127.139 GC heap after
Heap after GC invocations=237 (full 0):
 garbage-first heap   total 66560K, used 44341K [0x00000000c0000000, 0x00000000c0100208, 0x0000000100000000)
  region size 1024K, 2 young (2048K), 2 survivors (2048K)
 Metaspace       used 54675K, capacity 57466K, committed 57728K, reserved 1101824K
  class space    used 5370K, capacity 6248K, committed 6272K, reserved 1048576K
}
Event: 127.252 GC heap before
{Heap before GC invocations=237 (full 0):
 garbage-first heap   total 66560K, used 58124K [0x00000000c0000000, 0x00000000c0100208, 0x0000000100000000)
  region size 1024K, 12 young (12288K), 2 survivors (2048K)
 Metaspace       used 54679K, capacity 57466K, committed 57728K, reserved 1101824K
  class space    used 5370K, capacity 6248K, committed 6272K, reserved 1048576K
Event: 127.259 GC heap after
Heap after GC invocations=238 (full 0):
 garbage-first heap   total 66560K, used 45431K [0x00000000c0000000, 0x00000000c0100208, 0x0000000100000000)
  region size 1024K, 2 young (2048K), 2 survivors (2048K)
 Metaspace       used 54679K, capacity 57466K, committed 57728K, reserved 1101824K
  class space    used 5370K, capacity 6248K, committed 6272K, reserved 1048576K
}
Event: 127.340 GC heap before
{Heap before GC invocations=239 (full 0):
 garbage-first heap   total 66560K, used 55671K [0x00000000c0000000, 0x00000000c0100208, 0x0000000100000000)
  region size 1024K, 12 young (12288K), 2 survivors (2048K)
 Metaspace       used 54679K, capacity 57466K, committed 57728K, reserved 1101824K
  class space    used 5370K, capacity 6248K, committed 6272K, reserved 1048576K

