# JRE version: Java(TM) SE Runtime Environment (8.0_171-b11) (build 1.8.0_171-b11)
# Java VM: Java HotSpot(TM) 64-Bit Server VM (25.171-b11 mixed mode windows-amd64 compressed oops)
Heap:
 garbage-first heap   total 63488K, used 23820K [0x00000000c0000000, 0x00000000c01001f0, 0x0000000100000000)
  region size 1024K, 2 young (2048K), 0 survivors (0K)
 Metaspace       used 44227K, capacity 46536K, committed 46672K, reserved 1091584K
  class space    used 4624K, capacity 5404K, committed 5456K, reserved 1048576K
GC Heap History (10 events):
Event: 193.198 GC heap before
{Heap before GC invocations=33 (full 12):
 garbage-first heap   total 63488K, used 22796K [0x00000000c0000000, 0x00000000c01001f0, 0x0000000100000000)
  region size 1024K, 1 young (1024K), 0 survivors (0K)
 Metaspace       used 44061K, capacity 46312K, committed 46416K, reserved 1089536K
  class space    used 4600K, capacity 5372K, committed 5456K, reserved 1048576K
Event: 193.314 GC heap after
Heap after GC invocations=34 (full 13):
 garbage-first heap   total 63488K, used 22796K [0x00000000c0000000, 0x00000000c01001f0, 0x0000000100000000)
  region size 1024K, 0 young (0K), 0 survivors (0K)
 Metaspace       used 44061K, capacity 46312K, committed 46416K, reserved 1089536K
  class space    used 4600K, capacity 5372K, committed 5456K, reserved 1048576K
}
Event: 203.550 GC heap before
{Heap before GC invocations=34 (full 13):
 garbage-first heap   total 63488K, used 22796K [0x00000000c0000000, 0x00000000c01001f0, 0x0000000100000000)
  region size 1024K, 1 young (1024K), 0 survivors (0K)
 Metaspace       used 44061K, capacity 46312K, committed 46416K, reserved 1089536K
  class space    used 4600K, capacity 5372K, committed 5456K, reserved 1048576K
Event: 203.646 GC heap after
Heap after GC invocations=35 (full 14):
 garbage-first heap   total 63488K, used 22796K [0x00000000c0000000, 0x00000000c01001f0, 0x0000000100000000)
  region size 1024K, 0 young (0K), 0 survivors (0K)
 Metaspace       used 44061K, capacity 46312K, committed 46416K, reserved 1089536K
  class space    used 4600K, capacity 5372K, committed 5456K, reserved 1048576K
}
Event: 213.883 GC heap before
{Heap before GC invocations=35 (full 14):
 garbage-first heap   total 63488K, used 22796K [0x00000000c0000000, 0x00000000c01001f0, 0x0000000100000000)
  region size 1024K, 1 young (1024K), 0 survivors (0K)
 Metaspace       used 44061K, capacity 46312K, committed 46416K, reserved 1089536K
  class space    used 4600K, capacity 5372K, committed 5456K, reserved 1048576K
Event: 213.976 GC heap after
Heap after GC invocations=36 (full 15):
 garbage-first heap   total 63488K, used 22796K [0x00000000c0000000, 0x00000000c01001f0, 0x0000000100000000)
  region size 1024K, 0 young (0K), 0 survivors (0K)
 Metaspace       used 44061K, capacity 46312K, committed 46416K, reserved 1089536K
  class space    used 4600K, capacity 5372K, committed 5456K, reserved 1048576K
}
Event: 224.207 GC heap before
{Heap before GC invocations=36 (full 15):
 garbage-first heap   total 63488K, used 22796K [0x00000000c0000000, 0x00000000c01001f0, 0x0000000100000000)
  region size 1024K, 1 young (1024K), 0 survivors (0K)
 Metaspace       used 44061K, capacity 46312K, committed 46416K, reserved 1089536K
  class space    used 4600K, capacity 5372K, committed 5456K, reserved 1048576K
Event: 224.305 GC heap after
Heap after GC invocations=37 (full 16):
 garbage-first heap   total 63488K, used 22796K [0x00000000c0000000, 0x00000000c01001f0, 0x0000000100000000)
  region size 1024K, 0 young (0K), 0 survivors (0K)
 Metaspace       used 44061K, capacity 46312K, committed 46416K, reserved 1089536K
  class space    used 4600K, capacity 5372K, committed 5456K, reserved 1048576K
}
Event: 234.382 GC heap before
{Heap before GC invocations=37 (full 16):
 garbage-first heap   total 63488K, used 22796K [0x00000000c0000000, 0x00000000c01001f0, 0x0000000100000000)
  region size 1024K, 1 young (1024K), 0 survivors (0K)
 Metaspace       used 44061K, capacity 46312K, committed 46416K, reserved 1089536K
  class space    used 4600K, capacity 5372K, committed 5456K, reserved 1048576K
Event: 234.478 GC heap after
Heap after GC invocations=38 (full 17):
 garbage-first heap   total 63488K, used 22796K [0x00000000c0000000, 0x00000000c01001f0, 0x0000000100000000)
  region size 1024K, 0 young (0K), 0 survivors (0K)
 Metaspace       used 44061K, capacity 46312K, committed 46416K, reserved 1089536K
  class space    used 4600K, capacity 5372K, committed 5456K, reserved 1048576K
}

