# JRE version: Java(TM) SE Runtime Environment (8.0_171-b11) (build 1.8.0_171-b11)
# Java VM: Java HotSpot(TM) 64-Bit Server VM (25.171-b11 mixed mode windows-amd64 compressed oops)
Heap:
 garbage-first heap   total 416768K, used 114952K [0x00000000c0000000, 0x00000000c0100cb8, 0x0000000100000000)
  region size 1024K, 1 young (1024K), 1 survivors (1024K)
 Metaspace       used 46685K, capacity 49280K, committed 49536K, reserved 1093632K
  class space    used 4887K, capacity 5684K, committed 5760K, reserved 1048576K
GC Heap History (10 events):
Event: 16.599 GC heap after
Heap after GC invocations=29 (full 0):
 garbage-first heap   total 123904K, used 106284K [0x00000000c0000000, 0x00000000c01003c8, 0x0000000100000000)
  region size 1024K, 1 young (1024K), 1 survivors (1024K)
 Metaspace       used 45889K, capacity 48532K, committed 48640K, reserved 1091584K
  class space    used 4791K, capacity 5584K, committed 5632K, reserved 1048576K
}
Event: 16.611 GC heap before
{Heap before GC invocations=29 (full 0):
 garbage-first heap   total 123904K, used 111404K [0x00000000c0000000, 0x00000000c01003c8, 0x0000000100000000)
  region size 1024K, 6 young (6144K), 1 survivors (1024K)
 Metaspace       used 45889K, capacity 48532K, committed 48640K, reserved 1091584K
  class space    used 4791K, capacity 5584K, committed 5632K, reserved 1048576K
Event: 16.623 GC heap after
Heap after GC invocations=30 (full 0):
 garbage-first heap   total 123904K, used 110380K [0x00000000c0000000, 0x00000000c01003c8, 0x0000000100000000)
  region size 1024K, 1 young (1024K), 1 survivors (1024K)
 Metaspace       used 45889K, capacity 48532K, committed 48640K, reserved 1091584K
  class space    used 4791K, capacity 5584K, committed 5632K, reserved 1048576K
}
Event: 16.642 GC heap before
{Heap before GC invocations=30 (full 0):
 garbage-first heap   total 123904K, used 115500K [0x00000000c0000000, 0x00000000c01003c8, 0x0000000100000000)
  region size 1024K, 6 young (6144K), 1 survivors (1024K)
 Metaspace       used 45889K, capacity 48532K, committed 48640K, reserved 1091584K
  class space    used 4791K, capacity 5584K, committed 5632K, reserved 1048576K
Event: 16.655 GC heap after
Heap after GC invocations=31 (full 0):
 garbage-first heap   total 123904K, used 114366K [0x00000000c0000000, 0x00000000c01003c8, 0x0000000100000000)
  region size 1024K, 1 young (1024K), 1 survivors (1024K)
 Metaspace       used 45889K, capacity 48532K, committed 48640K, reserved 1091584K
  class space    used 4791K, capacity 5584K, committed 5632K, reserved 1048576K
}
Event: 16.671 GC heap before
{Heap before GC invocations=31 (full 0):
 garbage-first heap   total 123904K, used 119486K [0x00000000c0000000, 0x00000000c01003c8, 0x0000000100000000)
  region size 1024K, 6 young (6144K), 1 survivors (1024K)
 Metaspace       used 45889K, capacity 48532K, committed 48640K, reserved 1091584K
  class space    used 4791K, capacity 5584K, committed 5632K, reserved 1048576K
Event: 16.686 GC heap after
Heap after GC invocations=32 (full 0):
 garbage-first heap   total 126976K, used 118572K [0x00000000c0000000, 0x00000000c01003e0, 0x0000000100000000)
  region size 1024K, 1 young (1024K), 1 survivors (1024K)
 Metaspace       used 45889K, capacity 48532K, committed 48640K, reserved 1091584K
  class space    used 4791K, capacity 5584K, committed 5632K, reserved 1048576K
}
Event: 17.422 GC heap before
{Heap before GC invocations=33 (full 0):
 garbage-first heap   total 126976K, used 122668K [0x00000000c0000000, 0x00000000c01003e0, 0x0000000100000000)
  region size 1024K, 6 young (6144K), 1 survivors (1024K)
 Metaspace       used 46685K, capacity 49280K, committed 49536K, reserved 1093632K
  class space    used 4887K, capacity 5684K, committed 5760K, reserved 1048576K
Event: 17.439 GC heap after
Heap after GC invocations=34 (full 0):
 garbage-first heap   total 258048K, used 119147K [0x00000000c0000000, 0x00000000c01007e0, 0x0000000100000000)
  region size 1024K, 1 young (1024K), 1 survivors (1024K)
 Metaspace       used 46685K, capacity 49280K, committed 49536K, reserved 1093632K
  class space    used 4887K, capacity 5684K, committed 5760K, reserved 1048576K
}
Event: 17.509 GC heap before
{Heap before GC invocations=34 (full 0):
 garbage-first heap   total 258048K, used 130411K [0x00000000c0000000, 0x00000000c01007e0, 0x0000000100000000)
  region size 1024K, 12 young (12288K), 1 survivors (1024K)
 Metaspace       used 46685K, capacity 49280K, committed 49536K, reserved 1093632K
  class space    used 4887K, capacity 5684K, committed 5760K, reserved 1048576K

