# JRE version: Java(TM) SE Runtime Environment (8.0_171-b11) (build 1.8.0_171-b11)
# Java VM: Java HotSpot(TM) 64-Bit Server VM (25.171-b11 mixed mode windows-amd64 compressed oops)
Heap:
 garbage-first heap   total 268288K, used 172468K [0x00000000c0000000, 0x00000000c0100830, 0x0000000100000000)
  region size 1024K, 64 young (65536K), 5 survivors (5120K)
 Metaspace       used 57095K, capacity 59900K, committed 60160K, reserved 1103872K
  class space    used 5604K, capacity 6542K, committed 6656K, reserved 1048576K
GC Heap History (10 events):
Event: 361.840 GC heap before
{Heap before GC invocations=74 (full 0):
 garbage-first heap   total 268288K, used 138978K [0x00000000c0000000, 0x00000000c0100830, 0x0000000100000000)
  region size 1024K, 13 young (13312K), 11 survivors (11264K)
 Metaspace       used 56692K, capacity 59638K, committed 59904K, reserved 1101824K
  class space    used 5590K, capacity 6541K, committed 6656K, reserved 1048576K
Event: 361.905 GC heap after
Heap after GC invocations=75 (full 0):
 garbage-first heap   total 268288K, used 115938K [0x00000000c0000000, 0x00000000c0100830, 0x0000000100000000)
  region size 1024K, 2 young (2048K), 2 survivors (2048K)
 Metaspace       used 56692K, capacity 59638K, committed 59904K, reserved 1101824K
  class space    used 5590K, capacity 6541K, committed 6656K, reserved 1048576K
}
Event: 362.822 GC heap before
{Heap before GC invocations=75 (full 0):
 garbage-first heap   total 268288K, used 127202K [0x00000000c0000000, 0x00000000c0100830, 0x0000000100000000)
  region size 1024K, 13 young (13312K), 2 survivors (2048K)
 Metaspace       used 56697K, capacity 59638K, committed 59904K, reserved 1101824K
  class space    used 5590K, capacity 6541K, committed 6656K, reserved 1048576K
Event: 362.925 GC heap after
Heap after GC invocations=76 (full 0):
 garbage-first heap   total 268288K, used 107234K [0x00000000c0000000, 0x00000000c0100830, 0x0000000100000000)
  region size 1024K, 2 young (2048K), 2 survivors (2048K)
 Metaspace       used 56697K, capacity 59638K, committed 59904K, reserved 1101824K
  class space    used 5590K, capacity 6541K, committed 6656K, reserved 1048576K
}
Event: 374.932 GC heap before
{Heap before GC invocations=76 (full 0):
 garbage-first heap   total 268288K, used 222946K [0x00000000c0000000, 0x00000000c0100830, 0x0000000100000000)
  region size 1024K, 115 young (117760K), 2 survivors (2048K)
 Metaspace       used 56792K, capacity 59708K, committed 59904K, reserved 1101824K
  class space    used 5593K, capacity 6542K, committed 6656K, reserved 1048576K
Event: 374.976 GC heap after
Heap after GC invocations=77 (full 0):
 garbage-first heap   total 268288K, used 108794K [0x00000000c0000000, 0x00000000c0100830, 0x0000000100000000)
  region size 1024K, 4 young (4096K), 4 survivors (4096K)
 Metaspace       used 56792K, capacity 59708K, committed 59904K, reserved 1101824K
  class space    used 5593K, capacity 6542K, committed 6656K, reserved 1048576K
}
Event: 402.544 GC heap before
{Heap before GC invocations=77 (full 0):
 garbage-first heap   total 268288K, used 225530K [0x00000000c0000000, 0x00000000c0100830, 0x0000000100000000)
  region size 1024K, 118 young (120832K), 4 survivors (4096K)
 Metaspace       used 56986K, capacity 59836K, committed 60160K, reserved 1103872K
  class space    used 5604K, capacity 6542K, committed 6656K, reserved 1048576K
Event: 402.569 GC heap after
Heap after GC invocations=78 (full 0):
 garbage-first heap   total 268288K, used 109794K [0x00000000c0000000, 0x00000000c0100830, 0x0000000100000000)
  region size 1024K, 5 young (5120K), 5 survivors (5120K)
 Metaspace       used 56986K, capacity 59836K, committed 60160K, reserved 1103872K
  class space    used 5604K, capacity 6542K, committed 6656K, reserved 1048576K
}
Event: 408.866 GC heap before
{Heap before GC invocations=78 (full 0):
 garbage-first heap   total 268288K, used 226530K [0x00000000c0000000, 0x00000000c0100830, 0x0000000100000000)
  region size 1024K, 119 young (121856K), 5 survivors (5120K)
 Metaspace       used 57054K, capacity 59900K, committed 60160K, reserved 1103872K
  class space    used 5604K, capacity 6542K, committed 6656K, reserved 1048576K
Event: 408.889 GC heap after
Heap after GC invocations=79 (full 0):
 garbage-first heap   total 268288K, used 109794K [0x00000000c0000000, 0x00000000c0100830, 0x0000000100000000)
  region size 1024K, 5 young (5120K), 5 survivors (5120K)
 Metaspace       used 57054K, capacity 59900K, committed 60160K, reserved 1103872K
  class space    used 5604K, capacity 6542K, committed 6656K, reserved 1048576K
}

