# JRE version: Java(TM) SE Runtime Environment (8.0_171-b11) (build 1.8.0_171-b11)
# Java VM: Java HotSpot(TM) 64-Bit Server VM (25.171-b11 mixed mode windows-amd64 compressed oops)
Heap:
 garbage-first heap   total 130048K, used 105923K [0x00000000c0000000, 0x00000000c01003f8, 0x0000000100000000)
  region size 1024K, 46 young (47104K), 3 survivors (3072K)
 Metaspace       used 46813K, capacity 49712K, committed 49868K, reserved 1093632K
  class space    used 4928K, capacity 5773K, committed 5836K, reserved 1048576K
GC Heap History (10 events):
Event: 16.627 GC heap after
Heap after GC invocations=24 (full 0):
 garbage-first heap   total 63488K, used 38923K [0x00000000c0000000, 0x00000000c01001f0, 0x0000000100000000)
  region size 1024K, 2 young (2048K), 2 survivors (2048K)
 Metaspace       used 46584K, capacity 49478K, committed 49612K, reserved 1093632K
  class space    used 4908K, capacity 5766K, committed 5836K, reserved 1048576K
}
Event: 16.650 GC heap before
{Heap before GC invocations=24 (full 0):
 garbage-first heap   total 63488K, used 39947K [0x00000000c0000000, 0x00000000c01001f0, 0x0000000100000000)
  region size 1024K, 3 young (3072K), 2 survivors (2048K)
 Metaspace       used 46629K, capacity 49630K, committed 49868K, reserved 1093632K
  class space    used 4913K, capacity 5770K, committed 5836K, reserved 1048576K
Event: 16.658 GC heap after
Heap after GC invocations=25 (full 0):
 garbage-first heap   total 63488K, used 33894K [0x00000000c0000000, 0x00000000c01001f0, 0x0000000100000000)
  region size 1024K, 1 young (1024K), 1 survivors (1024K)
 Metaspace       used 46629K, capacity 49630K, committed 49868K, reserved 1093632K
  class space    used 4913K, capacity 5770K, committed 5836K, reserved 1048576K
}
Event: 16.692 GC heap before
{Heap before GC invocations=25 (full 0):
 garbage-first heap   total 63488K, used 35942K [0x00000000c0000000, 0x00000000c01001f0, 0x0000000100000000)
  region size 1024K, 3 young (3072K), 1 survivors (1024K)
 Metaspace       used 46668K, capacity 49642K, committed 49868K, reserved 1093632K
  class space    used 4915K, capacity 5772K, committed 5836K, reserved 1048576K
Event: 16.705 GC heap after
Heap after GC invocations=26 (full 0):
 garbage-first heap   total 63488K, used 33375K [0x00000000c0000000, 0x00000000c01001f0, 0x0000000100000000)
  region size 1024K, 1 young (1024K), 1 survivors (1024K)
 Metaspace       used 46668K, capacity 49642K, committed 49868K, reserved 1093632K
  class space    used 4915K, capacity 5772K, committed 5836K, reserved 1048576K
}
Event: 16.797 GC heap before
{Heap before GC invocations=26 (full 0):
 garbage-first heap   total 63488K, used 35423K [0x00000000c0000000, 0x00000000c01001f0, 0x0000000100000000)
  region size 1024K, 4 young (4096K), 1 survivors (1024K)
 Metaspace       used 46783K, capacity 49712K, committed 49868K, reserved 1093632K
  class space    used 4925K, capacity 5773K, committed 5836K, reserved 1048576K
Event: 16.805 GC heap after
Heap after GC invocations=27 (full 0):
 garbage-first heap   total 63488K, used 33886K [0x00000000c0000000, 0x00000000c01001f0, 0x0000000100000000)
  region size 1024K, 2 young (2048K), 2 survivors (2048K)
 Metaspace       used 46783K, capacity 49712K, committed 49868K, reserved 1093632K
  class space    used 4925K, capacity 5773K, committed 5836K, reserved 1048576K
}
Event: 17.302 GC heap before
{Heap before GC invocations=28 (full 0):
 garbage-first heap   total 120832K, used 114898K [0x00000000c0000000, 0x00000000c01003b0, 0x0000000100000000)
  region size 1024K, 16 young (16384K), 2 survivors (2048K)
 Metaspace       used 46811K, capacity 49712K, committed 49868K, reserved 1093632K
  class space    used 4928K, capacity 5773K, committed 5836K, reserved 1048576K
Event: 17.316 GC heap after
Heap after GC invocations=29 (full 0):
 garbage-first heap   total 129024K, used 61891K [0x00000000c0000000, 0x00000000c01003f0, 0x0000000100000000)
  region size 1024K, 3 young (3072K), 3 survivors (3072K)
 Metaspace       used 46811K, capacity 49712K, committed 49868K, reserved 1093632K
  class space    used 4928K, capacity 5773K, committed 5836K, reserved 1048576K
}
Event: 17.509 GC heap before
{Heap before GC invocations=29 (full 0):
 garbage-first heap   total 129024K, used 105923K [0x00000000c0000000, 0x00000000c01003f0, 0x0000000100000000)
  region size 1024K, 46 young (47104K), 3 survivors (3072K)
 Metaspace       used 46813K, capacity 49712K, committed 49868K, reserved 1093632K
  class space    used 4928K, capacity 5773K, committed 5836K, reserved 1048576K

