# JRE version: Java(TM) SE Runtime Environment (8.0_171-b11) (build 1.8.0_171-b11)
# Java VM: Java HotSpot(TM) 64-Bit Server VM (25.171-b11 mixed mode windows-amd64 compressed oops)
Heap:
 garbage-first heap   total 129024K, used 70863K [0x00000000c0000000, 0x00000000c01003f0, 0x0000000100000000)
  region size 1024K, 26 young (26624K), 1 survivors (1024K)
 Metaspace       used 50851K, capacity 53714K, committed 53888K, reserved 1097728K
  class space    used 5122K, capacity 5908K, committed 6016K, reserved 1048576K
GC Heap History (10 events):
Event: 35.187 GC heap before
{Heap before GC invocations=68 (full 0):
 garbage-first heap   total 63488K, used 44505K [0x00000000c0000000, 0x00000000c01001f0, 0x0000000100000000)
  region size 1024K, 3 young (3072K), 1 survivors (1024K)
 Metaspace       used 50727K, capacity 53580K, committed 53888K, reserved 1097728K
  class space    used 5122K, capacity 5907K, committed 6016K, reserved 1048576K
Event: 35.203 GC heap after
Heap after GC invocations=69 (full 0):
 garbage-first heap   total 63488K, used 41472K [0x00000000c0000000, 0x00000000c01001f0, 0x0000000100000000)
  region size 1024K, 1 young (1024K), 1 survivors (1024K)
 Metaspace       used 50727K, capacity 53580K, committed 53888K, reserved 1097728K
  class space    used 5122K, capacity 5907K, committed 6016K, reserved 1048576K
}
Event: 35.379 GC heap before
{Heap before GC invocations=69 (full 0):
 garbage-first heap   total 63488K, used 53760K [0x00000000c0000000, 0x00000000c01001f0, 0x0000000100000000)
  region size 1024K, 13 young (13312K), 1 survivors (1024K)
 Metaspace       used 50811K, capacity 53708K, committed 53888K, reserved 1097728K
  class space    used 5122K, capacity 5907K, committed 6016K, reserved 1048576K
Event: 35.391 GC heap after
Heap after GC invocations=70 (full 0):
 garbage-first heap   total 63488K, used 42248K [0x00000000c0000000, 0x00000000c01001f0, 0x0000000100000000)
  region size 1024K, 2 young (2048K), 2 survivors (2048K)
 Metaspace       used 50811K, capacity 53708K, committed 53888K, reserved 1097728K
  class space    used 5122K, capacity 5907K, committed 6016K, reserved 1048576K
}
Event: 35.451 GC heap before
{Heap before GC invocations=70 (full 0):
 garbage-first heap   total 63488K, used 45320K [0x00000000c0000000, 0x00000000c01001f0, 0x0000000100000000)
  region size 1024K, 6 young (6144K), 2 survivors (2048K)
 Metaspace       used 50811K, capacity 53708K, committed 53888K, reserved 1097728K
  class space    used 5122K, capacity 5907K, committed 6016K, reserved 1048576K
Event: 35.457 GC heap after
Heap after GC invocations=71 (full 0):
 garbage-first heap   total 63488K, used 43975K [0x00000000c0000000, 0x00000000c01001f0, 0x0000000100000000)
  region size 1024K, 2 young (2048K), 2 survivors (2048K)
 Metaspace       used 50811K, capacity 53708K, committed 53888K, reserved 1097728K
  class space    used 5122K, capacity 5907K, committed 6016K, reserved 1048576K
}
Event: 35.848 GC heap before
{Heap before GC invocations=72 (full 0):
 garbage-first heap   total 63488K, used 56749K [0x00000000c0000000, 0x00000000c01001f0, 0x0000000100000000)
  region size 1024K, 11 young (11264K), 2 survivors (2048K)
 Metaspace       used 50845K, capacity 53714K, committed 53888K, reserved 1097728K
  class space    used 5122K, capacity 5908K, committed 6016K, reserved 1048576K
Event: 35.860 GC heap after
Heap after GC invocations=73 (full 0):
 garbage-first heap   total 129024K, used 46105K [0x00000000c0000000, 0x00000000c01003f0, 0x0000000100000000)
  region size 1024K, 2 young (2048K), 2 survivors (2048K)
 Metaspace       used 50845K, capacity 53714K, committed 53888K, reserved 1097728K
  class space    used 5122K, capacity 5908K, committed 6016K, reserved 1048576K
}
Event: 35.932 GC heap before
{Heap before GC invocations=73 (full 0):
 garbage-first heap   total 129024K, used 50201K [0x00000000c0000000, 0x00000000c01003f0, 0x0000000100000000)
  region size 1024K, 6 young (6144K), 2 survivors (2048K)
 Metaspace       used 50845K, capacity 53714K, committed 53888K, reserved 1097728K
  class space    used 5122K, capacity 5908K, committed 6016K, reserved 1048576K
Event: 35.940 GC heap after
Heap after GC invocations=74 (full 0):
 garbage-first heap   total 129024K, used 46287K [0x00000000c0000000, 0x00000000c01003f0, 0x0000000100000000)
  region size 1024K, 1 young (1024K), 1 survivors (1024K)
 Metaspace       used 50845K, capacity 53714K, committed 53888K, reserved 1097728K
  class space    used 5122K, capacity 5908K, committed 6016K, reserved 1048576K
}

