# JRE version: Java(TM) SE Runtime Environment (8.0_171-b11) (build 1.8.0_171-b11)
# Java VM: Java HotSpot(TM) 64-Bit Server VM (25.171-b11 mixed mode windows-amd64 compressed oops)
Heap:
 garbage-first heap   total 64512K, used 39547K [0x00000000c0000000, 0x00000000c01001f8, 0x0000000100000000)
  region size 1024K, 13 young (13312K), 4 survivors (4096K)
 Metaspace       used 32342K, capacity 34392K, committed 34688K, reserved 1081344K
  class space    used 3567K, capacity 4179K, committed 4224K, reserved 1048576K
GC Heap History (10 events):
Event: 6.401 GC heap before
{Heap before GC invocations=3 (full 0):
 garbage-first heap   total 63488K, used 43008K [0x00000000c0000000, 0x00000000c01001f0, 0x0000000100000000)
  region size 1024K, 29 young (29696K), 3 survivors (3072K)
 Metaspace       used 20197K, capacity 21212K, committed 21296K, reserved 1069056K
  class space    used 2067K, capacity 2419K, committed 2432K, reserved 1048576K
Event: 6.412 GC heap after
Heap after GC invocations=4 (full 0):
 garbage-first heap   total 63488K, used 20992K [0x00000000c0000000, 0x00000000c01001f0, 0x0000000100000000)
  region size 1024K, 5 young (5120K), 5 survivors (5120K)
 Metaspace       used 20197K, capacity 21212K, committed 21296K, reserved 1069056K
  class space    used 2067K, capacity 2419K, committed 2432K, reserved 1048576K
}
Event: 7.277 GC heap before
{Heap before GC invocations=5 (full 0):
 garbage-first heap   total 63488K, used 46592K [0x00000000c0000000, 0x00000000c01001f0, 0x0000000100000000)
  region size 1024K, 34 young (34816K), 5 survivors (5120K)
 Metaspace       used 24214K, capacity 25396K, committed 25600K, reserved 1071104K
  class space    used 2600K, capacity 2978K, committed 3072K, reserved 1048576K
Event: 7.294 GC heap after
Heap after GC invocations=6 (full 0):
 garbage-first heap   total 63488K, used 23040K [0x00000000c0000000, 0x00000000c01001f0, 0x0000000100000000)
  region size 1024K, 5 young (5120K), 5 survivors (5120K)
 Metaspace       used 24214K, capacity 25396K, committed 25600K, reserved 1071104K
  class space    used 2600K, capacity 2978K, committed 3072K, reserved 1048576K
}
Event: 7.324 GC heap before
{Heap before GC invocations=6 (full 0):
 garbage-first heap   total 63488K, used 24064K [0x00000000c0000000, 0x00000000c01001f0, 0x0000000100000000)
  region size 1024K, 6 young (6144K), 5 survivors (5120K)
 Metaspace       used 24357K, capacity 25556K, committed 25856K, reserved 1073152K
  class space    used 2627K, capacity 3010K, committed 3072K, reserved 1048576K
Event: 7.335 GC heap after
Heap after GC invocations=7 (full 0):
 garbage-first heap   total 63488K, used 19456K [0x00000000c0000000, 0x00000000c01001f0, 0x0000000100000000)
  region size 1024K, 1 young (1024K), 1 survivors (1024K)
 Metaspace       used 24357K, capacity 25556K, committed 25856K, reserved 1073152K
  class space    used 2627K, capacity 3010K, committed 3072K, reserved 1048576K
}
Event: 12.121 GC heap before
{Heap before GC invocations=7 (full 0):
 garbage-first heap   total 63488K, used 52224K [0x00000000c0000000, 0x00000000c01001f0, 0x0000000100000000)
  region size 1024K, 33 young (33792K), 1 survivors (1024K)
 Metaspace       used 25555K, capacity 26936K, committed 27136K, reserved 1073152K
  class space    used 2780K, capacity 3300K, committed 3328K, reserved 1048576K
Event: 12.129 GC heap after
Heap after GC invocations=8 (full 0):
 garbage-first heap   total 63488K, used 22774K [0x00000000c0000000, 0x00000000c01001f0, 0x0000000100000000)
  region size 1024K, 5 young (5120K), 5 survivors (5120K)
 Metaspace       used 25555K, capacity 26936K, committed 27136K, reserved 1073152K
  class space    used 2780K, capacity 3300K, committed 3328K, reserved 1048576K
}
Event: 13.656 GC heap before
{Heap before GC invocations=8 (full 0):
 garbage-first heap   total 63488K, used 50422K [0x00000000c0000000, 0x00000000c01001f0, 0x0000000100000000)
  region size 1024K, 32 young (32768K), 5 survivors (5120K)
 Metaspace       used 32234K, capacity 34264K, committed 34432K, reserved 1079296K
  class space    used 3556K, capacity 4179K, committed 4224K, reserved 1048576K
Event: 13.675 GC heap after
Heap after GC invocations=9 (full 0):
 garbage-first heap   total 64512K, used 31355K [0x00000000c0000000, 0x00000000c01001f8, 0x0000000100000000)
  region size 1024K, 4 young (4096K), 4 survivors (4096K)
 Metaspace       used 32234K, capacity 34264K, committed 34432K, reserved 1079296K
  class space    used 3556K, capacity 4179K, committed 4224K, reserved 1048576K
}

