# JRE version: Java(TM) SE Runtime Environment (8.0_171-b11) (build 1.8.0_171-b11)
# Java VM: Java HotSpot(TM) 64-Bit Server VM (25.171-b11 mixed mode windows-amd64 compressed oops)
Heap:
 garbage-first heap   total 411648K, used 156530K [0x00000000c0000000, 0x00000000c0100c90, 0x0000000100000000)
  region size 1024K, 52 young (53248K), 16 survivors (16384K)
 Metaspace       used 57221K, capacity 60100K, committed 60160K, reserved 1103872K
  class space    used 5669K, capacity 6617K, committed 6656K, reserved 1048576K
GC Heap History (10 events):
Event: 66.687 GC heap before
{Heap before GC invocations=40 (full 0):
 garbage-first heap   total 411648K, used 351090K [0x00000000c0000000, 0x00000000c0100c90, 0x0000000100000000)
  region size 1024K, 241 young (246784K), 13 survivors (13312K)
 Metaspace       used 53052K, capacity 55820K, committed 56064K, reserved 1099776K
  class space    used 5237K, capacity 6083K, committed 6144K, reserved 1048576K
Event: 66.712 GC heap after
Heap after GC invocations=41 (full 0):
 garbage-first heap   total 411648K, used 116594K [0x00000000c0000000, 0x00000000c0100c90, 0x0000000100000000)
  region size 1024K, 12 young (12288K), 12 survivors (12288K)
 Metaspace       used 53052K, capacity 55820K, committed 56064K, reserved 1099776K
  class space    used 5237K, capacity 6083K, committed 6144K, reserved 1048576K
}
Event: 80.821 GC heap before
{Heap before GC invocations=41 (full 0):
 garbage-first heap   total 411648K, used 351090K [0x00000000c0000000, 0x00000000c0100c90, 0x0000000100000000)
  region size 1024K, 241 young (246784K), 12 survivors (12288K)
 Metaspace       used 54785K, capacity 57592K, committed 57856K, reserved 1101824K
  class space    used 5443K, capacity 6312K, committed 6400K, reserved 1048576K
Event: 80.850 GC heap after
Heap after GC invocations=42 (full 0):
 garbage-first heap   total 411648K, used 121714K [0x00000000c0000000, 0x00000000c0100c90, 0x0000000100000000)
  region size 1024K, 17 young (17408K), 17 survivors (17408K)
 Metaspace       used 54785K, capacity 57592K, committed 57856K, reserved 1101824K
  class space    used 5443K, capacity 6312K, committed 6400K, reserved 1048576K
}
Event: 93.169 GC heap before
{Heap before GC invocations=42 (full 0):
 garbage-first heap   total 411648K, used 351090K [0x00000000c0000000, 0x00000000c0100c90, 0x0000000100000000)
  region size 1024K, 241 young (246784K), 17 survivors (17408K)
 Metaspace       used 56478K, capacity 59346K, committed 59648K, reserved 1101824K
  class space    used 5646K, capacity 6582K, committed 6656K, reserved 1048576K
Event: 93.199 GC heap after
Heap after GC invocations=43 (full 0):
 garbage-first heap   total 411648K, used 121714K [0x00000000c0000000, 0x00000000c0100c90, 0x0000000100000000)
  region size 1024K, 17 young (17408K), 17 survivors (17408K)
 Metaspace       used 56478K, capacity 59346K, committed 59648K, reserved 1101824K
  class space    used 5646K, capacity 6582K, committed 6656K, reserved 1048576K
}
Event: 121.810 GC heap before
{Heap before GC invocations=43 (full 0):
 garbage-first heap   total 411648K, used 351090K [0x00000000c0000000, 0x00000000c0100c90, 0x0000000100000000)
  region size 1024K, 241 young (246784K), 17 survivors (17408K)
 Metaspace       used 56899K, capacity 59774K, committed 59904K, reserved 1101824K
  class space    used 5663K, capacity 6616K, committed 6656K, reserved 1048576K
Event: 121.838 GC heap after
Heap after GC invocations=44 (full 0):
 garbage-first heap   total 411648K, used 120178K [0x00000000c0000000, 0x00000000c0100c90, 0x0000000100000000)
  region size 1024K, 16 young (16384K), 16 survivors (16384K)
 Metaspace       used 56899K, capacity 59774K, committed 59904K, reserved 1101824K
  class space    used 5663K, capacity 6616K, committed 6656K, reserved 1048576K
}
Event: 137.071 GC heap before
{Heap before GC invocations=44 (full 0):
 garbage-first heap   total 411648K, used 350578K [0x00000000c0000000, 0x00000000c0100c90, 0x0000000100000000)
  region size 1024K, 241 young (246784K), 16 survivors (16384K)
 Metaspace       used 57216K, capacity 60100K, committed 60160K, reserved 1103872K
  class space    used 5669K, capacity 6617K, committed 6656K, reserved 1048576K
Event: 137.098 GC heap after
Heap after GC invocations=45 (full 0):
 garbage-first heap   total 411648K, used 120690K [0x00000000c0000000, 0x00000000c0100c90, 0x0000000100000000)
  region size 1024K, 16 young (16384K), 16 survivors (16384K)
 Metaspace       used 57216K, capacity 60100K, committed 60160K, reserved 1103872K
  class space    used 5669K, capacity 6617K, committed 6656K, reserved 1048576K
}

