# JRE version: Java(TM) SE Runtime Environment (8.0_171-b11) (build 1.8.0_171-b11)
# Java VM: Java HotSpot(TM) 64-Bit Server VM (25.171-b11 mixed mode windows-amd64 compressed oops)
Heap:
 garbage-first heap   total 63488K, used 49564K [0x00000000c0000000, 0x00000000c01001f0, 0x0000000100000000)
  region size 1024K, 23 young (23552K), 4 survivors (4096K)
 Metaspace       used 40694K, capacity 42772K, committed 42960K, reserved 1087488K
  class space    used 4355K, capacity 5056K, committed 5072K, reserved 1048576K
GC Heap History (10 events):
Event: 13.270 GC heap before
{Heap before GC invocations=10 (full 0):
 garbage-first heap   total 63488K, used 41984K [0x00000000c0000000, 0x00000000c01001f0, 0x0000000100000000)
  region size 1024K, 14 young (14336K), 4 survivors (4096K)
 Metaspace       used 33935K, capacity 35840K, committed 35920K, reserved 1081344K
  class space    used 3729K, capacity 4358K, committed 4432K, reserved 1048576K
Event: 13.281 GC heap after
Heap after GC invocations=11 (full 0):
 garbage-first heap   total 63488K, used 32768K [0x00000000c0000000, 0x00000000c01001f0, 0x0000000100000000)
  region size 1024K, 3 young (3072K), 3 survivors (3072K)
 Metaspace       used 33935K, capacity 35840K, committed 35920K, reserved 1081344K
  class space    used 3729K, capacity 4358K, committed 4432K, reserved 1048576K
}
Event: 15.273 GC heap before
{Heap before GC invocations=12 (full 0):
 garbage-first heap   total 63488K, used 47104K [0x00000000c0000000, 0x00000000c01001f0, 0x0000000100000000)
  region size 1024K, 23 young (23552K), 3 survivors (3072K)
 Metaspace       used 35510K, capacity 37694K, committed 37968K, reserved 1083392K
  class space    used 3906K, capacity 4615K, committed 4688K, reserved 1048576K
Event: 15.286 GC heap after
Heap after GC invocations=13 (full 0):
 garbage-first heap   total 63488K, used 29666K [0x00000000c0000000, 0x00000000c01001f0, 0x0000000100000000)
  region size 1024K, 3 young (3072K), 3 survivors (3072K)
 Metaspace       used 35510K, capacity 37694K, committed 37968K, reserved 1083392K
  class space    used 3906K, capacity 4615K, committed 4688K, reserved 1048576K
}
Event: 15.298 GC heap before
{Heap before GC invocations=13 (full 0):
 garbage-first heap   total 63488K, used 30690K [0x00000000c0000000, 0x00000000c01001f0, 0x0000000100000000)
  region size 1024K, 4 young (4096K), 3 survivors (3072K)
 Metaspace       used 35510K, capacity 37694K, committed 37968K, reserved 1083392K
  class space    used 3906K, capacity 4615K, committed 4688K, reserved 1048576K
Event: 15.310 GC heap after
Heap after GC invocations=14 (full 0):
 garbage-first heap   total 63488K, used 26112K [0x00000000c0000000, 0x00000000c01001f0, 0x0000000100000000)
  region size 1024K, 1 young (1024K), 1 survivors (1024K)
 Metaspace       used 35510K, capacity 37694K, committed 37968K, reserved 1083392K
  class space    used 3906K, capacity 4615K, committed 4688K, reserved 1048576K
}
Event: 15.350 GC heap before
{Heap before GC invocations=14 (full 0):
 garbage-first heap   total 63488K, used 28160K [0x00000000c0000000, 0x00000000c01001f0, 0x0000000100000000)
  region size 1024K, 3 young (3072K), 1 survivors (1024K)
 Metaspace       used 35510K, capacity 37694K, committed 37968K, reserved 1083392K
  class space    used 3906K, capacity 4615K, committed 4688K, reserved 1048576K
Event: 15.363 GC heap after
Heap after GC invocations=15 (full 0):
 garbage-first heap   total 63488K, used 26400K [0x00000000c0000000, 0x00000000c01001f0, 0x0000000100000000)
  region size 1024K, 1 young (1024K), 1 survivors (1024K)
 Metaspace       used 35510K, capacity 37694K, committed 37968K, reserved 1083392K
  class space    used 3906K, capacity 4615K, committed 4688K, reserved 1048576K
}
Event: 22.347 GC heap before
{Heap before GC invocations=15 (full 0):
 garbage-first heap   total 63488K, used 53024K [0x00000000c0000000, 0x00000000c01001f0, 0x0000000100000000)
  region size 1024K, 27 young (27648K), 1 survivors (1024K)
 Metaspace       used 37524K, capacity 39648K, committed 39760K, reserved 1083392K
  class space    used 4116K, capacity 4850K, committed 4944K, reserved 1048576K
Event: 22.361 GC heap after
Heap after GC invocations=16 (full 0):
 garbage-first heap   total 63488K, used 31132K [0x00000000c0000000, 0x00000000c01001f0, 0x0000000100000000)
  region size 1024K, 4 young (4096K), 4 survivors (4096K)
 Metaspace       used 37524K, capacity 39648K, committed 39760K, reserved 1083392K
  class space    used 4116K, capacity 4850K, committed 4944K, reserved 1048576K
}

