# JRE version: Java(TM) SE Runtime Environment (8.0_171-b11) (build 1.8.0_171-b11)
# Java VM: Java HotSpot(TM) 64-Bit Server VM (25.171-b11 mixed mode windows-amd64 compressed oops)
Heap:
 garbage-first heap   total 253952K, used 57054K [0x00000000c0000000, 0x00000000c01007c0, 0x0000000100000000)
  region size 1024K, 9 young (9216K), 7 survivors (7168K)
 Metaspace       used 53957K, capacity 56716K, committed 56960K, reserved 1099776K
  class space    used 5423K, capacity 6270K, committed 6272K, reserved 1048576K
GC Heap History (10 events):
Event: 74.303 GC heap before
{Heap before GC invocations=117 (full 0):
 garbage-first heap   total 63488K, used 52734K [0x00000000c0000000, 0x00000000c01001f0, 0x0000000100000000)
  region size 1024K, 6 young (6144K), 1 survivors (1024K)
 Metaspace       used 53755K, capacity 56588K, committed 56704K, reserved 1099776K
  class space    used 5422K, capacity 6270K, committed 6272K, reserved 1048576K
Event: 74.311 GC heap after
Heap after GC invocations=118 (full 0):
 garbage-first heap   total 63488K, used 49845K [0x00000000c0000000, 0x00000000c01001f0, 0x0000000100000000)
  region size 1024K, 1 young (1024K), 1 survivors (1024K)
 Metaspace       used 53755K, capacity 56588K, committed 56704K, reserved 1099776K
  class space    used 5422K, capacity 6270K, committed 6272K, reserved 1048576K
}
Event: 74.329 GC heap before
{Heap before GC invocations=118 (full 0):
 garbage-first heap   total 63488K, used 51893K [0x00000000c0000000, 0x00000000c01001f0, 0x0000000100000000)
  region size 1024K, 3 young (3072K), 1 survivors (1024K)
 Metaspace       used 53771K, capacity 56588K, committed 56704K, reserved 1099776K
  class space    used 5422K, capacity 6270K, committed 6272K, reserved 1048576K
Event: 74.339 GC heap after
Heap after GC invocations=119 (full 0):
 garbage-first heap   total 63488K, used 46484K [0x00000000c0000000, 0x00000000c01001f0, 0x0000000100000000)
  region size 1024K, 1 young (1024K), 1 survivors (1024K)
 Metaspace       used 53771K, capacity 56588K, committed 56704K, reserved 1099776K
  class space    used 5422K, capacity 6270K, committed 6272K, reserved 1048576K
}
Event: 74.361 GC heap before
{Heap before GC invocations=119 (full 0):
 garbage-first heap   total 63488K, used 48532K [0x00000000c0000000, 0x00000000c01001f0, 0x0000000100000000)
  region size 1024K, 3 young (3072K), 1 survivors (1024K)
 Metaspace       used 53776K, capacity 56588K, committed 56704K, reserved 1099776K
  class space    used 5422K, capacity 6270K, committed 6272K, reserved 1048576K
Event: 74.375 GC heap after
Heap after GC invocations=120 (full 0):
 garbage-first heap   total 63488K, used 45496K [0x00000000c0000000, 0x00000000c01001f0, 0x0000000100000000)
  region size 1024K, 1 young (1024K), 1 survivors (1024K)
 Metaspace       used 53776K, capacity 56588K, committed 56704K, reserved 1099776K
  class space    used 5422K, capacity 6270K, committed 6272K, reserved 1048576K
}
Event: 74.465 GC heap before
{Heap before GC invocations=120 (full 0):
 garbage-first heap   total 63488K, used 53688K [0x00000000c0000000, 0x00000000c01001f0, 0x0000000100000000)
  region size 1024K, 9 young (9216K), 1 survivors (1024K)
 Metaspace       used 53776K, capacity 56588K, committed 56704K, reserved 1099776K
  class space    used 5422K, capacity 6270K, committed 6272K, reserved 1048576K
Event: 74.481 GC heap after
Heap after GC invocations=121 (full 0):
 garbage-first heap   total 126976K, used 49152K [0x00000000c0000000, 0x00000000c01003e0, 0x0000000100000000)
  region size 1024K, 2 young (2048K), 2 survivors (2048K)
 Metaspace       used 53776K, capacity 56588K, committed 56704K, reserved 1099776K
  class space    used 5422K, capacity 6270K, committed 6272K, reserved 1048576K
}
Event: 76.842 GC heap before
{Heap before GC invocations=121 (full 0):
 garbage-first heap   total 126976K, used 105284K [0x00000000c0000000, 0x00000000c01003e0, 0x0000000100000000)
  region size 1024K, 53 young (54272K), 2 survivors (2048K)
 Metaspace       used 53945K, capacity 56716K, committed 56960K, reserved 1099776K
  class space    used 5423K, capacity 6270K, committed 6272K, reserved 1048576K
Event: 76.859 GC heap after
Heap after GC invocations=122 (full 0):
 garbage-first heap   total 253952K, used 56030K [0x00000000c0000000, 0x00000000c01007c0, 0x0000000100000000)
  region size 1024K, 7 young (7168K), 7 survivors (7168K)
 Metaspace       used 53945K, capacity 56716K, committed 56960K, reserved 1099776K
  class space    used 5423K, capacity 6270K, committed 6272K, reserved 1048576K
}

