# JRE version: Java(TM) SE Runtime Environment (8.0_171-b11) (build 1.8.0_171-b11)
# Java VM: Java HotSpot(TM) 64-Bit Server VM (25.171-b11 mixed mode windows-amd64 compressed oops)
Heap:
 garbage-first heap   total 67584K, used 37784K [0x00000000c0000000, 0x00000000c0100210, 0x0000000100000000)
  region size 1024K, 2 young (2048K), 1 survivors (1024K)
 Metaspace       used 45702K, capacity 48450K, committed 48716K, reserved 1091584K
  class space    used 4812K, capacity 5599K, committed 5708K, reserved 1048576K
GC Heap History (10 events):
Event: 11.275 GC heap before
{Heap before GC invocations=14 (full 0):
 garbage-first heap   total 67584K, used 55622K [0x00000000c0000000, 0x00000000c0100210, 0x0000000100000000)
  region size 1024K, 27 young (27648K), 1 survivors (1024K)
 Metaspace       used 39015K, capacity 41464K, committed 41676K, reserved 1085440K
  class space    used 4216K, capacity 4948K, committed 5068K, reserved 1048576K
Event: 11.287 GC heap after
Heap after GC invocations=15 (full 0):
 garbage-first heap   total 67584K, used 34304K [0x00000000c0000000, 0x00000000c0100210, 0x0000000100000000)
  region size 1024K, 4 young (4096K), 4 survivors (4096K)
 Metaspace       used 39015K, capacity 41464K, committed 41676K, reserved 1085440K
  class space    used 4216K, capacity 4948K, committed 5068K, reserved 1048576K
}
Event: 12.326 GC heap before
{Heap before GC invocations=15 (full 0):
 garbage-first heap   total 67584K, used 55808K [0x00000000c0000000, 0x00000000c0100210, 0x0000000100000000)
  region size 1024K, 25 young (25600K), 4 survivors (4096K)
 Metaspace       used 42418K, capacity 44774K, committed 45004K, reserved 1089536K
  class space    used 4495K, capacity 5227K, committed 5324K, reserved 1048576K
Event: 12.338 GC heap after
Heap after GC invocations=16 (full 0):
 garbage-first heap   total 67584K, used 36280K [0x00000000c0000000, 0x00000000c0100210, 0x0000000100000000)
  region size 1024K, 4 young (4096K), 4 survivors (4096K)
 Metaspace       used 42418K, capacity 44774K, committed 45004K, reserved 1089536K
  class space    used 4495K, capacity 5227K, committed 5324K, reserved 1048576K
}
Event: 13.365 GC heap before
{Heap before GC invocations=17 (full 0):
 garbage-first heap   total 67584K, used 53688K [0x00000000c0000000, 0x00000000c0100210, 0x0000000100000000)
  region size 1024K, 23 young (23552K), 4 survivors (4096K)
 Metaspace       used 45655K, capacity 48378K, committed 48716K, reserved 1091584K
  class space    used 4810K, capacity 5597K, committed 5708K, reserved 1048576K
Event: 13.379 GC heap after
Heap after GC invocations=18 (full 0):
 garbage-first heap   total 67584K, used 40902K [0x00000000c0000000, 0x00000000c0100210, 0x0000000100000000)
  region size 1024K, 3 young (3072K), 3 survivors (3072K)
 Metaspace       used 45655K, capacity 48378K, committed 48716K, reserved 1091584K
  class space    used 4810K, capacity 5597K, committed 5708K, reserved 1048576K
}
Event: 13.469 GC heap before
{Heap before GC invocations=18 (full 0):
 garbage-first heap   total 67584K, used 41926K [0x00000000c0000000, 0x00000000c0100210, 0x0000000100000000)
  region size 1024K, 4 young (4096K), 3 survivors (3072K)
 Metaspace       used 45677K, capacity 48386K, committed 48716K, reserved 1091584K
  class space    used 4812K, capacity 5599K, committed 5708K, reserved 1048576K
Event: 13.484 GC heap after
Heap after GC invocations=19 (full 0):
 garbage-first heap   total 67584K, used 38400K [0x00000000c0000000, 0x00000000c0100210, 0x0000000100000000)
  region size 1024K, 1 young (1024K), 1 survivors (1024K)
 Metaspace       used 45677K, capacity 48386K, committed 48716K, reserved 1091584K
  class space    used 4812K, capacity 5599K, committed 5708K, reserved 1048576K
}
Event: 13.580 GC heap before
{Heap before GC invocations=19 (full 0):
 garbage-first heap   total 67584K, used 40448K [0x00000000c0000000, 0x00000000c0100210, 0x0000000100000000)
  region size 1024K, 3 young (3072K), 1 survivors (1024K)
 Metaspace       used 45701K, capacity 48450K, committed 48716K, reserved 1091584K
  class space    used 4812K, capacity 5599K, committed 5708K, reserved 1048576K
Event: 13.597 GC heap after
Heap after GC invocations=20 (full 0):
 garbage-first heap   total 67584K, used 37784K [0x00000000c0000000, 0x00000000c0100210, 0x0000000100000000)
  region size 1024K, 1 young (1024K), 1 survivors (1024K)
 Metaspace       used 45701K, capacity 48450K, committed 48716K, reserved 1091584K
  class space    used 4812K, capacity 5599K, committed 5708K, reserved 1048576K
}

