# JRE version: Java(TM) SE Runtime Environment (8.0_171-b11) (build 1.8.0_171-b11)
# Java VM: Java HotSpot(TM) 64-Bit Server VM (25.171-b11 mixed mode windows-amd64 compressed oops)
Heap:
 garbage-first heap   total 253952K, used 50477K [0x00000000c0000000, 0x00000000c01007c0, 0x0000000100000000)
  region size 1024K, 2 young (2048K), 2 survivors (2048K)
 Metaspace       used 56557K, capacity 59620K, committed 59904K, reserved 1101824K
  class space    used 5735K, capacity 6609K, committed 6656K, reserved 1048576K
GC Heap History (10 events):
Event: 94.789 GC heap after
Heap after GC invocations=113 (full 0):
 garbage-first heap   total 63488K, used 47101K [0x00000000c0000000, 0x00000000c01001f0, 0x0000000100000000)
  region size 1024K, 1 young (1024K), 1 survivors (1024K)
 Metaspace       used 56218K, capacity 59268K, committed 59392K, reserved 1101824K
  class space    used 5711K, capacity 6577K, committed 6656K, reserved 1048576K
}
Event: 94.857 GC heap before
{Heap before GC invocations=113 (full 0):
 garbage-first heap   total 63488K, used 52221K [0x00000000c0000000, 0x00000000c01001f0, 0x0000000100000000)
  region size 1024K, 6 young (6144K), 1 survivors (1024K)
 Metaspace       used 56232K, capacity 59268K, committed 59392K, reserved 1101824K
  class space    used 5711K, capacity 6577K, committed 6656K, reserved 1048576K
Event: 94.867 GC heap after
Heap after GC invocations=114 (full 0):
 garbage-first heap   total 63488K, used 49691K [0x00000000c0000000, 0x00000000c01001f0, 0x0000000100000000)
  region size 1024K, 1 young (1024K), 1 survivors (1024K)
 Metaspace       used 56232K, capacity 59268K, committed 59392K, reserved 1101824K
  class space    used 5711K, capacity 6577K, committed 6656K, reserved 1048576K
}
Event: 94.889 GC heap before
{Heap before GC invocations=114 (full 0):
 garbage-first heap   total 63488K, used 52763K [0x00000000c0000000, 0x00000000c01001f0, 0x0000000100000000)
  region size 1024K, 4 young (4096K), 1 survivors (1024K)
 Metaspace       used 56236K, capacity 59268K, committed 59392K, reserved 1101824K
  class space    used 5711K, capacity 6577K, committed 6656K, reserved 1048576K
Event: 94.896 GC heap after
Heap after GC invocations=115 (full 0):
 garbage-first heap   total 63488K, used 50987K [0x00000000c0000000, 0x00000000c01001f0, 0x0000000100000000)
  region size 1024K, 1 young (1024K), 1 survivors (1024K)
 Metaspace       used 56236K, capacity 59268K, committed 59392K, reserved 1101824K
  class space    used 5711K, capacity 6577K, committed 6656K, reserved 1048576K
}
Event: 94.923 GC heap before
{Heap before GC invocations=115 (full 0):
 garbage-first heap   total 63488K, used 53035K [0x00000000c0000000, 0x00000000c01001f0, 0x0000000100000000)
  region size 1024K, 3 young (3072K), 1 survivors (1024K)
 Metaspace       used 56240K, capacity 59268K, committed 59392K, reserved 1101824K
  class space    used 5711K, capacity 6577K, committed 6656K, reserved 1048576K
Event: 94.929 GC heap after
Heap after GC invocations=116 (full 0):
 garbage-first heap   total 63488K, used 51884K [0x00000000c0000000, 0x00000000c01001f0, 0x0000000100000000)
  region size 1024K, 1 young (1024K), 1 survivors (1024K)
 Metaspace       used 56240K, capacity 59268K, committed 59392K, reserved 1101824K
  class space    used 5711K, capacity 6577K, committed 6656K, reserved 1048576K
}
Event: 95.029 GC heap before
{Heap before GC invocations=116 (full 0):
 garbage-first heap   total 63488K, used 53932K [0x00000000c0000000, 0x00000000c01001f0, 0x0000000100000000)
  region size 1024K, 3 young (3072K), 1 survivors (1024K)
 Metaspace       used 56252K, capacity 59268K, committed 59392K, reserved 1101824K
  class space    used 5711K, capacity 6577K, committed 6656K, reserved 1048576K
Event: 95.038 GC heap after
Heap after GC invocations=117 (full 0):
 garbage-first heap   total 126976K, used 51878K [0x00000000c0000000, 0x00000000c01003e0, 0x0000000100000000)
  region size 1024K, 1 young (1024K), 1 survivors (1024K)
 Metaspace       used 56252K, capacity 59268K, committed 59392K, reserved 1101824K
  class space    used 5711K, capacity 6577K, committed 6656K, reserved 1048576K
}
Event: 101.637 GC heap before
{Heap before GC invocations=118 (full 0):
 garbage-first heap   total 126976K, used 95846K [0x00000000c0000000, 0x00000000c01003e0, 0x0000000100000000)
  region size 1024K, 46 young (47104K), 1 survivors (1024K)
 Metaspace       used 56557K, capacity 59620K, committed 59904K, reserved 1101824K
  class space    used 5735K, capacity 6609K, committed 6656K, reserved 1048576K

