# JRE version: Java(TM) SE Runtime Environment (8.0_171-b11) (build 1.8.0_171-b11)
# Java VM: Java HotSpot(TM) 64-Bit Server VM (25.171-b11 mixed mode windows-amd64 compressed oops)
Heap:
 garbage-first heap   total 63488K, used 46036K [0x00000000c0000000, 0x00000000c01001f0, 0x0000000100000000)
  region size 1024K, 13 young (13312K), 2 survivors (2048K)
 Metaspace       used 53242K, capacity 56231K, committed 56528K, reserved 1099776K
  class space    used 5418K, capacity 6304K, committed 6352K, reserved 1048576K
GC Heap History (10 events):
Event: 1624.355 GC heap before
{Heap before GC invocations=81 (full 0):
 garbage-first heap   total 63488K, used 34721K [0x00000000c0000000, 0x00000000c01001f0, 0x0000000100000000)
  region size 1024K, 4 young (4096K), 3 survivors (3072K)
 Metaspace       used 52839K, capacity 55815K, committed 56016K, reserved 1099776K
  class space    used 5385K, capacity 6272K, committed 6352K, reserved 1048576K
Event: 1624.366 GC heap after
Heap after GC invocations=82 (full 0):
 garbage-first heap   total 63488K, used 32683K [0x00000000c0000000, 0x00000000c01001f0, 0x0000000100000000)
  region size 1024K, 1 young (1024K), 1 survivors (1024K)
 Metaspace       used 52839K, capacity 55815K, committed 56016K, reserved 1099776K
  class space    used 5385K, capacity 6272K, committed 6352K, reserved 1048576K
}
Event: 1624.560 GC heap before
{Heap before GC invocations=82 (full 0):
 garbage-first heap   total 63488K, used 44971K [0x00000000c0000000, 0x00000000c01001f0, 0x0000000100000000)
  region size 1024K, 14 young (14336K), 1 survivors (1024K)
 Metaspace       used 52850K, capacity 55815K, committed 56016K, reserved 1099776K
  class space    used 5389K, capacity 6272K, committed 6352K, reserved 1048576K
Event: 1624.570 GC heap after
Heap after GC invocations=83 (full 0):
 garbage-first heap   total 63488K, used 33452K [0x00000000c0000000, 0x00000000c01001f0, 0x0000000100000000)
  region size 1024K, 2 young (2048K), 2 survivors (2048K)
 Metaspace       used 52850K, capacity 55815K, committed 56016K, reserved 1099776K
  class space    used 5389K, capacity 6272K, committed 6352K, reserved 1048576K
}
Event: 1624.739 GC heap before
{Heap before GC invocations=84 (full 0):
 garbage-first heap   total 63488K, used 54849K [0x00000000c0000000, 0x00000000c01001f0, 0x0000000100000000)
  region size 1024K, 21 young (21504K), 2 survivors (2048K)
 Metaspace       used 52850K, capacity 55815K, committed 56016K, reserved 1099776K
  class space    used 5389K, capacity 6272K, committed 6352K, reserved 1048576K
Event: 1624.745 GC heap after
Heap after GC invocations=85 (full 0):
 garbage-first heap   total 63488K, used 35209K [0x00000000c0000000, 0x00000000c01001f0, 0x0000000100000000)
  region size 1024K, 3 young (3072K), 3 survivors (3072K)
 Metaspace       used 52850K, capacity 55815K, committed 56016K, reserved 1099776K
  class space    used 5389K, capacity 6272K, committed 6352K, reserved 1048576K
}
Event: 1624.755 GC heap before
{Heap before GC invocations=85 (full 0):
 garbage-first heap   total 63488K, used 36233K [0x00000000c0000000, 0x00000000c01001f0, 0x0000000100000000)
  region size 1024K, 4 young (4096K), 3 survivors (3072K)
 Metaspace       used 52850K, capacity 55815K, committed 56016K, reserved 1099776K
  class space    used 5389K, capacity 6272K, committed 6352K, reserved 1048576K
Event: 1624.768 GC heap after
Heap after GC invocations=86 (full 0):
 garbage-first heap   total 63488K, used 33002K [0x00000000c0000000, 0x00000000c01001f0, 0x0000000100000000)
  region size 1024K, 1 young (1024K), 1 survivors (1024K)
 Metaspace       used 52850K, capacity 55815K, committed 56016K, reserved 1099776K
  class space    used 5389K, capacity 6272K, committed 6352K, reserved 1048576K
}
Event: 1624.875 GC heap before
{Heap before GC invocations=86 (full 0):
 garbage-first heap   total 63488K, used 42218K [0x00000000c0000000, 0x00000000c01001f0, 0x0000000100000000)
  region size 1024K, 11 young (11264K), 1 survivors (1024K)
 Metaspace       used 52865K, capacity 55815K, committed 56016K, reserved 1099776K
  class space    used 5390K, capacity 6272K, committed 6352K, reserved 1048576K
Event: 1624.890 GC heap after
Heap after GC invocations=87 (full 0):
 garbage-first heap   total 63488K, used 33853K [0x00000000c0000000, 0x00000000c01001f0, 0x0000000100000000)
  region size 1024K, 2 young (2048K), 2 survivors (2048K)
 Metaspace       used 52865K, capacity 55815K, committed 56016K, reserved 1099776K
  class space    used 5390K, capacity 6272K, committed 6352K, reserved 1048576K
}

