# JRE version: Java(TM) SE Runtime Environment (8.0_171-b11) (build 1.8.0_171-b11)
# Java VM: Java HotSpot(TM) 64-Bit Server VM (25.171-b11 mixed mode windows-amd64 compressed oops)
Heap:
 garbage-first heap   total 126976K, used 48640K [0x00000000c0000000, 0x00000000c01003e0, 0x0000000100000000)
  region size 1024K, 1 young (1024K), 1 survivors (1024K)
 Metaspace       used 48208K, capacity 51116K, committed 51456K, reserved 1095680K
  class space    used 4994K, capacity 5792K, committed 5888K, reserved 1048576K
GC Heap History (10 events):
Event: 19.970 GC heap after
Heap after GC invocations=32 (full 0):
 garbage-first heap   total 63488K, used 53006K [0x00000000c0000000, 0x00000000c01001f0, 0x0000000100000000)
  region size 1024K, 1 young (1024K), 1 survivors (1024K)
 Metaspace       used 48054K, capacity 50988K, committed 51200K, reserved 1095680K
  class space    used 4985K, capacity 5792K, committed 5888K, reserved 1048576K
}
Event: 20.024 GC heap before
{Heap before GC invocations=33 (full 0):
 garbage-first heap   total 63488K, used 54030K [0x00000000c0000000, 0x00000000c01001f0, 0x0000000100000000)
  region size 1024K, 3 young (3072K), 1 survivors (1024K)
 Metaspace       used 48057K, capacity 50988K, committed 51200K, reserved 1095680K
  class space    used 4985K, capacity 5792K, committed 5888K, reserved 1048576K
Event: 20.028 GC heap after
Heap after GC invocations=34 (full 0):
 garbage-first heap   total 63488K, used 52156K [0x00000000c0000000, 0x00000000c01001f0, 0x0000000100000000)
  region size 1024K, 1 young (1024K), 1 survivors (1024K)
 Metaspace       used 48057K, capacity 50988K, committed 51200K, reserved 1095680K
  class space    used 4985K, capacity 5792K, committed 5888K, reserved 1048576K
}
Event: 20.077 GC heap before
{Heap before GC invocations=34 (full 0):
 garbage-first heap   total 63488K, used 54204K [0x00000000c0000000, 0x00000000c01001f0, 0x0000000100000000)
  region size 1024K, 3 young (3072K), 1 survivors (1024K)
 Metaspace       used 48076K, capacity 50988K, committed 51200K, reserved 1095680K
  class space    used 4985K, capacity 5792K, committed 5888K, reserved 1048576K
Event: 20.084 GC heap after
Heap after GC invocations=35 (full 0):
 garbage-first heap   total 63488K, used 46647K [0x00000000c0000000, 0x00000000c01001f0, 0x0000000100000000)
  region size 1024K, 1 young (1024K), 1 survivors (1024K)
 Metaspace       used 48076K, capacity 50988K, committed 51200K, reserved 1095680K
  class space    used 4985K, capacity 5792K, committed 5888K, reserved 1048576K
}
Event: 20.191 GC heap before
{Heap before GC invocations=35 (full 0):
 garbage-first heap   total 63488K, used 48695K [0x00000000c0000000, 0x00000000c01001f0, 0x0000000100000000)
  region size 1024K, 3 young (3072K), 1 survivors (1024K)
 Metaspace       used 48155K, capacity 51052K, committed 51200K, reserved 1095680K
  class space    used 4993K, capacity 5792K, committed 5888K, reserved 1048576K
Event: 20.203 GC heap after
Heap after GC invocations=36 (full 0):
 garbage-first heap   total 63488K, used 46126K [0x00000000c0000000, 0x00000000c01001f0, 0x0000000100000000)
  region size 1024K, 1 young (1024K), 1 survivors (1024K)
 Metaspace       used 48155K, capacity 51052K, committed 51200K, reserved 1095680K
  class space    used 4993K, capacity 5792K, committed 5888K, reserved 1048576K
}
Event: 20.254 GC heap before
{Heap before GC invocations=36 (full 0):
 garbage-first heap   total 63488K, used 48174K [0x00000000c0000000, 0x00000000c01001f0, 0x0000000100000000)
  region size 1024K, 3 young (3072K), 1 survivors (1024K)
 Metaspace       used 48163K, capacity 51052K, committed 51200K, reserved 1095680K
  class space    used 4994K, capacity 5792K, committed 5888K, reserved 1048576K
Event: 20.266 GC heap after
Heap after GC invocations=37 (full 0):
 garbage-first heap   total 63488K, used 47067K [0x00000000c0000000, 0x00000000c01001f0, 0x0000000100000000)
  region size 1024K, 1 young (1024K), 1 survivors (1024K)
 Metaspace       used 48163K, capacity 51052K, committed 51200K, reserved 1095680K
  class space    used 4994K, capacity 5792K, committed 5888K, reserved 1048576K
}
Event: 20.353 GC heap before
{Heap before GC invocations=37 (full 0):
 garbage-first heap   total 63488K, used 50139K [0x00000000c0000000, 0x00000000c01001f0, 0x0000000100000000)
  region size 1024K, 5 young (5120K), 1 survivors (1024K)
 Metaspace       used 48208K, capacity 51116K, committed 51456K, reserved 1095680K
  class space    used 4994K, capacity 5792K, committed 5888K, reserved 1048576K

