# JRE version: Java(TM) SE Runtime Environment (8.0_171-b11) (build 1.8.0_171-b11)
# Java VM: Java HotSpot(TM) 64-Bit Server VM (25.171-b11 mixed mode windows-amd64 compressed oops)
Heap:
 garbage-first heap   total 253952K, used 51684K [0x00000000c0000000, 0x00000000c01007c0, 0x0000000100000000)
  region size 1024K, 5 young (5120K), 5 survivors (5120K)
 Metaspace       used 58360K, capacity 61464K, committed 61824K, reserved 1103872K
  class space    used 5835K, capacity 6755K, committed 6784K, reserved 1048576K
GC Heap History (10 events):
Event: 147.358 GC heap after
Heap after GC invocations=133 (full 0):
 garbage-first heap   total 63488K, used 53826K [0x00000000c0000000, 0x00000000c01001f0, 0x0000000100000000)
  region size 1024K, 1 young (1024K), 1 survivors (1024K)
 Metaspace       used 58091K, capacity 61184K, committed 61568K, reserved 1103872K
  class space    used 5816K, capacity 6750K, committed 6784K, reserved 1048576K
}
Event: 147.420 GC heap before
{Heap before GC invocations=133 (full 0):
 garbage-first heap   total 63488K, used 55874K [0x00000000c0000000, 0x00000000c01001f0, 0x0000000100000000)
  region size 1024K, 3 young (3072K), 1 survivors (1024K)
 Metaspace       used 58148K, capacity 61184K, committed 61568K, reserved 1103872K
  class space    used 5817K, capacity 6750K, committed 6784K, reserved 1048576K
Event: 147.428 GC heap after
Heap after GC invocations=134 (full 0):
 garbage-first heap   total 63488K, used 48168K [0x00000000c0000000, 0x00000000c01001f0, 0x0000000100000000)
  region size 1024K, 1 young (1024K), 1 survivors (1024K)
 Metaspace       used 58148K, capacity 61184K, committed 61568K, reserved 1103872K
  class space    used 5817K, capacity 6750K, committed 6784K, reserved 1048576K
}
Event: 147.449 GC heap before
{Heap before GC invocations=134 (full 0):
 garbage-first heap   total 63488K, used 50216K [0x00000000c0000000, 0x00000000c01001f0, 0x0000000100000000)
  region size 1024K, 3 young (3072K), 1 survivors (1024K)
 Metaspace       used 58163K, capacity 61248K, committed 61568K, reserved 1103872K
  class space    used 5818K, capacity 6750K, committed 6784K, reserved 1048576K
Event: 147.460 GC heap after
Heap after GC invocations=135 (full 0):
 garbage-first heap   total 63488K, used 44830K [0x00000000c0000000, 0x00000000c01001f0, 0x0000000100000000)
  region size 1024K, 1 young (1024K), 1 survivors (1024K)
 Metaspace       used 58163K, capacity 61248K, committed 61568K, reserved 1103872K
  class space    used 5818K, capacity 6750K, committed 6784K, reserved 1048576K
}
Event: 147.475 GC heap before
{Heap before GC invocations=135 (full 0):
 garbage-first heap   total 63488K, used 46878K [0x00000000c0000000, 0x00000000c01001f0, 0x0000000100000000)
  region size 1024K, 3 young (3072K), 1 survivors (1024K)
 Metaspace       used 58166K, capacity 61248K, committed 61568K, reserved 1103872K
  class space    used 5818K, capacity 6750K, committed 6784K, reserved 1048576K
Event: 147.484 GC heap after
Heap after GC invocations=136 (full 0):
 garbage-first heap   total 63488K, used 46592K [0x00000000c0000000, 0x00000000c01001f0, 0x0000000100000000)
  region size 1024K, 1 young (1024K), 1 survivors (1024K)
 Metaspace       used 58166K, capacity 61248K, committed 61568K, reserved 1103872K
  class space    used 5818K, capacity 6750K, committed 6784K, reserved 1048576K
}
Event: 147.522 GC heap before
{Heap before GC invocations=136 (full 0):
 garbage-first heap   total 63488K, used 53760K [0x00000000c0000000, 0x00000000c01001f0, 0x0000000100000000)
  region size 1024K, 8 young (8192K), 1 survivors (1024K)
 Metaspace       used 58166K, capacity 61248K, committed 61568K, reserved 1103872K
  class space    used 5818K, capacity 6750K, committed 6784K, reserved 1048576K
Event: 147.531 GC heap after
Heap after GC invocations=137 (full 0):
 garbage-first heap   total 126976K, used 48406K [0x00000000c0000000, 0x00000000c01003e0, 0x0000000100000000)
  region size 1024K, 1 young (1024K), 1 survivors (1024K)
 Metaspace       used 58166K, capacity 61248K, committed 61568K, reserved 1103872K
  class space    used 5818K, capacity 6750K, committed 6784K, reserved 1048576K
}
Event: 150.027 GC heap before
{Heap before GC invocations=137 (full 0):
 garbage-first heap   total 126976K, used 104741K [0x00000000c0000000, 0x00000000c01003e0, 0x0000000100000000)
  region size 1024K, 52 young (53248K), 1 survivors (1024K)
 Metaspace       used 58360K, capacity 61464K, committed 61824K, reserved 1103872K
  class space    used 5835K, capacity 6755K, committed 6784K, reserved 1048576K

