# JRE version: Java(TM) SE Runtime Environment (8.0_171-b11) (build 1.8.0_171-b11)
# Java VM: Java HotSpot(TM) 64-Bit Server VM (25.171-b11 mixed mode windows-amd64 compressed oops)
Heap:
 garbage-first heap   total 63488K, used 45758K [0x00000000c0000000, 0x00000000c01001f0, 0x0000000100000000)
  region size 1024K, 13 young (13312K), 1 survivors (1024K)
 Metaspace       used 52581K, capacity 55316K, committed 55552K, reserved 1099776K
  class space    used 5198K, capacity 6079K, committed 6144K, reserved 1048576K
GC Heap History (10 events):
Event: 111.916 GC heap before
{Heap before GC invocations=91 (full 0):
 garbage-first heap   total 63488K, used 53171K [0x00000000c0000000, 0x00000000c01001f0, 0x0000000100000000)
  region size 1024K, 17 young (17408K), 1 survivors (1024K)
 Metaspace       used 52522K, capacity 55316K, committed 55552K, reserved 1099776K
  class space    used 5198K, capacity 6079K, committed 6144K, reserved 1048576K
Event: 111.921 GC heap after
Heap after GC invocations=92 (full 0):
 garbage-first heap   total 63488K, used 36516K [0x00000000c0000000, 0x00000000c01001f0, 0x0000000100000000)
  region size 1024K, 1 young (1024K), 1 survivors (1024K)
 Metaspace       used 52522K, capacity 55316K, committed 55552K, reserved 1099776K
  class space    used 5198K, capacity 6079K, committed 6144K, reserved 1048576K
}
Event: 112.763 GC heap before
{Heap before GC invocations=92 (full 0):
 garbage-first heap   total 63488K, used 52900K [0x00000000c0000000, 0x00000000c01001f0, 0x0000000100000000)
  region size 1024K, 17 young (17408K), 1 survivors (1024K)
 Metaspace       used 52539K, capacity 55316K, committed 55552K, reserved 1099776K
  class space    used 5198K, capacity 6079K, committed 6144K, reserved 1048576K
Event: 112.767 GC heap after
Heap after GC invocations=93 (full 0):
 garbage-first heap   total 63488K, used 37339K [0x00000000c0000000, 0x00000000c01001f0, 0x0000000100000000)
  region size 1024K, 1 young (1024K), 1 survivors (1024K)
 Metaspace       used 52539K, capacity 55316K, committed 55552K, reserved 1099776K
  class space    used 5198K, capacity 6079K, committed 6144K, reserved 1048576K
}
Event: 114.599 GC heap before
{Heap before GC invocations=94 (full 0):
 garbage-first heap   total 63488K, used 53723K [0x00000000c0000000, 0x00000000c01001f0, 0x0000000100000000)
  region size 1024K, 17 young (17408K), 1 survivors (1024K)
 Metaspace       used 52556K, capacity 55316K, committed 55552K, reserved 1099776K
  class space    used 5198K, capacity 6079K, committed 6144K, reserved 1048576K
Event: 114.604 GC heap after
Heap after GC invocations=95 (full 0):
 garbage-first heap   total 63488K, used 37828K [0x00000000c0000000, 0x00000000c01001f0, 0x0000000100000000)
  region size 1024K, 2 young (2048K), 2 survivors (2048K)
 Metaspace       used 52556K, capacity 55316K, committed 55552K, reserved 1099776K
  class space    used 5198K, capacity 6079K, committed 6144K, reserved 1048576K
}
Event: 114.611 GC heap before
{Heap before GC invocations=95 (full 0):
 garbage-first heap   total 63488K, used 38852K [0x00000000c0000000, 0x00000000c01001f0, 0x0000000100000000)
  region size 1024K, 3 young (3072K), 2 survivors (2048K)
 Metaspace       used 52561K, capacity 55316K, committed 55552K, reserved 1099776K
  class space    used 5198K, capacity 6079K, committed 6144K, reserved 1048576K
Event: 114.619 GC heap after
Heap after GC invocations=96 (full 0):
 garbage-first heap   total 63488K, used 34223K [0x00000000c0000000, 0x00000000c01001f0, 0x0000000100000000)
  region size 1024K, 1 young (1024K), 1 survivors (1024K)
 Metaspace       used 52561K, capacity 55316K, committed 55552K, reserved 1099776K
  class space    used 5198K, capacity 6079K, committed 6144K, reserved 1048576K
}
Event: 115.643 GC heap before
{Heap before GC invocations=96 (full 0):
 garbage-first heap   total 63488K, used 52655K [0x00000000c0000000, 0x00000000c01001f0, 0x0000000100000000)
  region size 1024K, 19 young (19456K), 1 survivors (1024K)
 Metaspace       used 52571K, capacity 55316K, committed 55552K, reserved 1099776K
  class space    used 5198K, capacity 6079K, committed 6144K, reserved 1048576K
Event: 115.648 GC heap after
Heap after GC invocations=97 (full 0):
 garbage-first heap   total 63488K, used 34494K [0x00000000c0000000, 0x00000000c01001f0, 0x0000000100000000)
  region size 1024K, 1 young (1024K), 1 survivors (1024K)
 Metaspace       used 52571K, capacity 55316K, committed 55552K, reserved 1099776K
  class space    used 5198K, capacity 6079K, committed 6144K, reserved 1048576K
}

