# JRE version: Java(TM) SE Runtime Environment (8.0_171-b11) (build 1.8.0_171-b11)
# Java VM: Java HotSpot(TM) 64-Bit Server VM (25.171-b11 mixed mode windows-amd64 compressed oops)
Heap:
 garbage-first heap   total 63488K, used 48640K [0x00000000c0000000, 0x00000000c01001f0, 0x0000000100000000)
  region size 1024K, 12 young (12288K), 3 survivors (3072K)
 Metaspace       used 45848K, capacity 48478K, committed 48640K, reserved 1091584K
  class space    used 4787K, capacity 5588K, committed 5632K, reserved 1048576K
GC Heap History (10 events):
Event: 14.322 GC heap before
{Heap before GC invocations=15 (full 0):
 garbage-first heap   total 63488K, used 52955K [0x00000000c0000000, 0x00000000c01001f0, 0x0000000100000000)
  region size 1024K, 29 young (29696K), 3 survivors (3072K)
 Metaspace       used 37626K, capacity 39468K, committed 39808K, reserved 1085440K
  class space    used 3990K, capacity 4648K, committed 4736K, reserved 1048576K
Event: 14.327 GC heap after
Heap after GC invocations=16 (full 0):
 garbage-first heap   total 63488K, used 27073K [0x00000000c0000000, 0x00000000c01001f0, 0x0000000100000000)
  region size 1024K, 4 young (4096K), 4 survivors (4096K)
 Metaspace       used 37626K, capacity 39468K, committed 39808K, reserved 1085440K
  class space    used 3990K, capacity 4648K, committed 4736K, reserved 1048576K
}
Event: 15.168 GC heap before
{Heap before GC invocations=16 (full 0):
 garbage-first heap   total 63488K, used 51649K [0x00000000c0000000, 0x00000000c01001f0, 0x0000000100000000)
  region size 1024K, 28 young (28672K), 4 survivors (4096K)
 Metaspace       used 40384K, capacity 42512K, committed 42880K, reserved 1087488K
  class space    used 4230K, capacity 4937K, committed 4992K, reserved 1048576K
Event: 15.176 GC heap after
Heap after GC invocations=17 (full 0):
 garbage-first heap   total 63488K, used 29218K [0x00000000c0000000, 0x00000000c01001f0, 0x0000000100000000)
  region size 1024K, 4 young (4096K), 4 survivors (4096K)
 Metaspace       used 40384K, capacity 42512K, committed 42880K, reserved 1087488K
  class space    used 4230K, capacity 4937K, committed 4992K, reserved 1048576K
}
Event: 15.561 GC heap before
{Heap before GC invocations=17 (full 0):
 garbage-first heap   total 63488K, used 51746K [0x00000000c0000000, 0x00000000c01001f0, 0x0000000100000000)
  region size 1024K, 26 young (26624K), 4 survivors (4096K)
 Metaspace       used 40530K, capacity 42672K, committed 42880K, reserved 1087488K
  class space    used 4248K, capacity 4969K, committed 4992K, reserved 1048576K
Event: 15.573 GC heap after
Heap after GC invocations=18 (full 0):
 garbage-first heap   total 63488K, used 31286K [0x00000000c0000000, 0x00000000c01001f0, 0x0000000100000000)
  region size 1024K, 4 young (4096K), 4 survivors (4096K)
 Metaspace       used 40530K, capacity 42672K, committed 42880K, reserved 1087488K
  class space    used 4248K, capacity 4969K, committed 4992K, reserved 1048576K
}
Event: 16.962 GC heap before
{Heap before GC invocations=18 (full 0):
 garbage-first heap   total 63488K, used 52278K [0x00000000c0000000, 0x00000000c01001f0, 0x0000000100000000)
  region size 1024K, 24 young (24576K), 4 survivors (4096K)
 Metaspace       used 43169K, capacity 45558K, committed 45824K, reserved 1089536K
  class space    used 4554K, capacity 5312K, committed 5376K, reserved 1048576K
Event: 16.980 GC heap after
Heap after GC invocations=19 (full 0):
 garbage-first heap   total 63488K, used 38002K [0x00000000c0000000, 0x00000000c01001f0, 0x0000000100000000)
  region size 1024K, 3 young (3072K), 3 survivors (3072K)
 Metaspace       used 43169K, capacity 45558K, committed 45824K, reserved 1089536K
  class space    used 4554K, capacity 5312K, committed 5376K, reserved 1048576K
}
Event: 17.896 GC heap before
{Heap before GC invocations=19 (full 0):
 garbage-first heap   total 63488K, used 52338K [0x00000000c0000000, 0x00000000c01001f0, 0x0000000100000000)
  region size 1024K, 17 young (17408K), 3 survivors (3072K)
 Metaspace       used 44334K, capacity 46790K, committed 46976K, reserved 1091584K
  class space    used 4644K, capacity 5394K, committed 5504K, reserved 1048576K
Event: 17.912 GC heap after
Heap after GC invocations=20 (full 0):
 garbage-first heap   total 63488K, used 43520K [0x00000000c0000000, 0x00000000c01001f0, 0x0000000100000000)
  region size 1024K, 3 young (3072K), 3 survivors (3072K)
 Metaspace       used 44334K, capacity 46790K, committed 46976K, reserved 1091584K
  class space    used 4644K, capacity 5394K, committed 5504K, reserved 1048576K
}

