# JRE version: Java(TM) SE Runtime Environment (8.0_171-b11) (build 1.8.0_171-b11)
# Java VM: Java HotSpot(TM) 64-Bit Server VM (25.171-b11 mixed mode windows-amd64 compressed oops)
Heap:
 garbage-first heap   total 258048K, used 45146K [0x00000000c0000000, 0x00000000c01007e0, 0x0000000100000000)
  region size 1024K, 4 young (4096K), 4 survivors (4096K)
 Metaspace       used 48330K, capacity 50958K, committed 51072K, reserved 1095680K
  class space    used 4907K, capacity 5658K, committed 5760K, reserved 1048576K
GC Heap History (10 events):
Event: 22.284 GC heap after
Heap after GC invocations=47 (full 0):
 garbage-first heap   total 64512K, used 46294K [0x00000000c0000000, 0x00000000c01001f8, 0x0000000100000000)
  region size 1024K, 1 young (1024K), 1 survivors (1024K)
 Metaspace       used 46814K, capacity 49402K, committed 49664K, reserved 1093632K
  class space    used 4830K, capacity 5569K, committed 5632K, reserved 1048576K
}
Event: 22.335 GC heap before
{Heap before GC invocations=47 (full 0):
 garbage-first heap   total 64512K, used 48342K [0x00000000c0000000, 0x00000000c01001f8, 0x0000000100000000)
  region size 1024K, 3 young (3072K), 1 survivors (1024K)
 Metaspace       used 46814K, capacity 49402K, committed 49664K, reserved 1093632K
  class space    used 4830K, capacity 5569K, committed 5632K, reserved 1048576K
Event: 22.341 GC heap after
Heap after GC invocations=48 (full 0):
 garbage-first heap   total 64512K, used 40949K [0x00000000c0000000, 0x00000000c01001f8, 0x0000000100000000)
  region size 1024K, 1 young (1024K), 1 survivors (1024K)
 Metaspace       used 46814K, capacity 49402K, committed 49664K, reserved 1093632K
  class space    used 4830K, capacity 5569K, committed 5632K, reserved 1048576K
}
Event: 22.378 GC heap before
{Heap before GC invocations=48 (full 0):
 garbage-first heap   total 64512K, used 42997K [0x00000000c0000000, 0x00000000c01001f8, 0x0000000100000000)
  region size 1024K, 3 young (3072K), 1 survivors (1024K)
 Metaspace       used 46828K, capacity 49402K, committed 49664K, reserved 1093632K
  class space    used 4831K, capacity 5569K, committed 5632K, reserved 1048576K
Event: 22.391 GC heap after
Heap after GC invocations=49 (full 0):
 garbage-first heap   total 64512K, used 39749K [0x00000000c0000000, 0x00000000c01001f8, 0x0000000100000000)
  region size 1024K, 1 young (1024K), 1 survivors (1024K)
 Metaspace       used 46828K, capacity 49402K, committed 49664K, reserved 1093632K
  class space    used 4831K, capacity 5569K, committed 5632K, reserved 1048576K
}
Event: 22.450 GC heap before
{Heap before GC invocations=49 (full 0):
 garbage-first heap   total 64512K, used 41797K [0x00000000c0000000, 0x00000000c01001f8, 0x0000000100000000)
  region size 1024K, 3 young (3072K), 1 survivors (1024K)
 Metaspace       used 46842K, capacity 49402K, committed 49664K, reserved 1093632K
  class space    used 4831K, capacity 5569K, committed 5632K, reserved 1048576K
Event: 22.464 GC heap after
Heap after GC invocations=50 (full 0):
 garbage-first heap   total 64512K, used 40960K [0x00000000c0000000, 0x00000000c01001f8, 0x0000000100000000)
  region size 1024K, 1 young (1024K), 1 survivors (1024K)
 Metaspace       used 46842K, capacity 49402K, committed 49664K, reserved 1093632K
  class space    used 4831K, capacity 5569K, committed 5632K, reserved 1048576K
}
Event: 22.548 GC heap before
{Heap before GC invocations=50 (full 0):
 garbage-first heap   total 64512K, used 43008K [0x00000000c0000000, 0x00000000c01001f8, 0x0000000100000000)
  region size 1024K, 4 young (4096K), 1 survivors (1024K)
 Metaspace       used 47001K, capacity 49542K, committed 49664K, reserved 1093632K
  class space    used 4835K, capacity 5572K, committed 5632K, reserved 1048576K
Event: 22.561 GC heap after
Heap after GC invocations=51 (full 0):
 garbage-first heap   total 129024K, used 43138K [0x00000000c0000000, 0x00000000c01003f0, 0x0000000100000000)
  region size 1024K, 2 young (2048K), 2 survivors (2048K)
 Metaspace       used 47001K, capacity 49542K, committed 49664K, reserved 1093632K
  class space    used 4835K, capacity 5572K, committed 5632K, reserved 1048576K
}
Event: 31.107 GC heap before
{Heap before GC invocations=52 (full 0):
 garbage-first heap   total 129024K, used 100369K [0x00000000c0000000, 0x00000000c01003f0, 0x0000000100000000)
  region size 1024K, 54 young (55296K), 2 survivors (2048K)
 Metaspace       used 48330K, capacity 50958K, committed 51072K, reserved 1095680K
  class space    used 4907K, capacity 5658K, committed 5760K, reserved 1048576K

