# JRE version: Java(TM) SE Runtime Environment (8.0_171-b11) (build 1.8.0_171-b11)
# Java VM: Java HotSpot(TM) 64-Bit Server VM (25.171-b11 mixed mode windows-amd64 compressed oops)
Heap:
 garbage-first heap   total 124928K, used 116738K [0x00000000c0000000, 0x00000000c01003d0, 0x0000000100000000)
  region size 1024K, 4 young (4096K), 1 survivors (1024K)
 Metaspace       used 50589K, capacity 53568K, committed 53840K, reserved 1097728K
  class space    used 5338K, capacity 6206K, committed 6224K, reserved 1048576K
GC Heap History (10 events):
Event: 18.273 GC heap before
{Heap before GC invocations=36 (full 0):
 garbage-first heap   total 124928K, used 105260K [0x00000000c0000000, 0x00000000c01003d0, 0x0000000100000000)
  region size 1024K, 8 young (8192K), 2 survivors (2048K)
 Metaspace       used 48921K, capacity 51764K, committed 51920K, reserved 1095680K
  class space    used 5138K, capacity 6005K, committed 6096K, reserved 1048576K
Event: 18.292 GC heap after
Heap after GC invocations=37 (full 0):
 garbage-first heap   total 124928K, used 102700K [0x00000000c0000000, 0x00000000c01003d0, 0x0000000100000000)
  region size 1024K, 1 young (1024K), 1 survivors (1024K)
 Metaspace       used 48921K, capacity 51764K, committed 51920K, reserved 1095680K
  class space    used 5138K, capacity 6005K, committed 6096K, reserved 1048576K
}
Event: 18.316 GC heap before
{Heap before GC invocations=37 (full 0):
 garbage-first heap   total 124928K, used 107820K [0x00000000c0000000, 0x00000000c01003d0, 0x0000000100000000)
  region size 1024K, 6 young (6144K), 1 survivors (1024K)
 Metaspace       used 48921K, capacity 51764K, committed 51920K, reserved 1095680K
  class space    used 5138K, capacity 6005K, committed 6096K, reserved 1048576K
Event: 18.340 GC heap after
Heap after GC invocations=38 (full 0):
 garbage-first heap   total 124928K, used 105772K [0x00000000c0000000, 0x00000000c01003d0, 0x0000000100000000)
  region size 1024K, 1 young (1024K), 1 survivors (1024K)
 Metaspace       used 48921K, capacity 51764K, committed 51920K, reserved 1095680K
  class space    used 5138K, capacity 6005K, committed 6096K, reserved 1048576K
}
Event: 18.364 GC heap before
{Heap before GC invocations=38 (full 0):
 garbage-first heap   total 124928K, used 110892K [0x00000000c0000000, 0x00000000c01003d0, 0x0000000100000000)
  region size 1024K, 6 young (6144K), 1 survivors (1024K)
 Metaspace       used 48921K, capacity 51764K, committed 51920K, reserved 1095680K
  class space    used 5138K, capacity 6005K, committed 6096K, reserved 1048576K
Event: 18.378 GC heap after
Heap after GC invocations=39 (full 0):
 garbage-first heap   total 124928K, used 109356K [0x00000000c0000000, 0x00000000c01003d0, 0x0000000100000000)
  region size 1024K, 1 young (1024K), 1 survivors (1024K)
 Metaspace       used 48921K, capacity 51764K, committed 51920K, reserved 1095680K
  class space    used 5138K, capacity 6005K, committed 6096K, reserved 1048576K
}
Event: 18.405 GC heap before
{Heap before GC invocations=39 (full 0):
 garbage-first heap   total 124928K, used 114476K [0x00000000c0000000, 0x00000000c01003d0, 0x0000000100000000)
  region size 1024K, 6 young (6144K), 1 survivors (1024K)
 Metaspace       used 48921K, capacity 51764K, committed 51920K, reserved 1095680K
  class space    used 5138K, capacity 6005K, committed 6096K, reserved 1048576K
Event: 18.417 GC heap after
Heap after GC invocations=40 (full 0):
 garbage-first heap   total 124928K, used 112940K [0x00000000c0000000, 0x00000000c01003d0, 0x0000000100000000)
  region size 1024K, 1 young (1024K), 1 survivors (1024K)
 Metaspace       used 48921K, capacity 51764K, committed 51920K, reserved 1095680K
  class space    used 5138K, capacity 6005K, committed 6096K, reserved 1048576K
}
Event: 19.984 GC heap before
{Heap before GC invocations=41 (full 0):
 garbage-first heap   total 124928K, used 118060K [0x00000000c0000000, 0x00000000c01003d0, 0x0000000100000000)
  region size 1024K, 6 young (6144K), 1 survivors (1024K)
 Metaspace       used 50104K, capacity 52994K, committed 53328K, reserved 1095680K
  class space    used 5259K, capacity 6109K, committed 6224K, reserved 1048576K
Event: 19.995 GC heap after
Heap after GC invocations=42 (full 0):
 garbage-first heap   total 124928K, used 114690K [0x00000000c0000000, 0x00000000c01003d0, 0x0000000100000000)
  region size 1024K, 1 young (1024K), 1 survivors (1024K)
 Metaspace       used 50104K, capacity 52994K, committed 53328K, reserved 1095680K
  class space    used 5259K, capacity 6109K, committed 6224K, reserved 1048576K
}

