# JRE version: Java(TM) SE Runtime Environment (8.0_171-b11) (build 1.8.0_171-b11)
# Java VM: Java HotSpot(TM) 64-Bit Server VM (25.171-b11 mixed mode windows-amd64 compressed oops)
Heap:
 garbage-first heap   total 63488K, used 35667K [0x00000000c0000000, 0x00000000c01001f0, 0x0000000100000000)
  region size 1024K, 9 young (9216K), 2 survivors (2048K)
 Metaspace       used 49966K, capacity 52726K, committed 52992K, reserved 1095680K
  class space    used 4999K, capacity 5797K, committed 5888K, reserved 1048576K
GC Heap History (10 events):
Event: 39.872 GC heap before
{Heap before GC invocations=49 (full 0):
 garbage-first heap   total 63488K, used 53858K [0x00000000c0000000, 0x00000000c01001f0, 0x0000000100000000)
  region size 1024K, 26 young (26624K), 1 survivors (1024K)
 Metaspace       used 49515K, capacity 52330K, committed 52480K, reserved 1095680K
  class space    used 4995K, capacity 5795K, committed 5888K, reserved 1048576K
Event: 39.877 GC heap after
Heap after GC invocations=50 (full 0):
 garbage-first heap   total 63488K, used 29641K [0x00000000c0000000, 0x00000000c01001f0, 0x0000000100000000)
  region size 1024K, 2 young (2048K), 2 survivors (2048K)
 Metaspace       used 49515K, capacity 52330K, committed 52480K, reserved 1095680K
  class space    used 4995K, capacity 5795K, committed 5888K, reserved 1048576K
}
Event: 41.116 GC heap before
{Heap before GC invocations=51 (full 0):
 garbage-first heap   total 63488K, used 53193K [0x00000000c0000000, 0x00000000c01001f0, 0x0000000100000000)
  region size 1024K, 25 young (25600K), 2 survivors (2048K)
 Metaspace       used 49640K, capacity 52458K, committed 52736K, reserved 1095680K
  class space    used 4996K, capacity 5795K, committed 5888K, reserved 1048576K
Event: 41.121 GC heap after
Heap after GC invocations=52 (full 0):
 garbage-first heap   total 63488K, used 29731K [0x00000000c0000000, 0x00000000c01001f0, 0x0000000100000000)
  region size 1024K, 2 young (2048K), 2 survivors (2048K)
 Metaspace       used 49640K, capacity 52458K, committed 52736K, reserved 1095680K
  class space    used 4996K, capacity 5795K, committed 5888K, reserved 1048576K
}
Event: 42.665 GC heap before
{Heap before GC invocations=52 (full 0):
 garbage-first heap   total 63488K, used 53283K [0x00000000c0000000, 0x00000000c01001f0, 0x0000000100000000)
  region size 1024K, 25 young (25600K), 2 survivors (2048K)
 Metaspace       used 49774K, capacity 52586K, committed 52736K, reserved 1095680K
  class space    used 4998K, capacity 5795K, committed 5888K, reserved 1048576K
Event: 42.669 GC heap after
Heap after GC invocations=53 (full 0):
 garbage-first heap   total 63488K, used 30362K [0x00000000c0000000, 0x00000000c01001f0, 0x0000000100000000)
  region size 1024K, 3 young (3072K), 3 survivors (3072K)
 Metaspace       used 49774K, capacity 52586K, committed 52736K, reserved 1095680K
  class space    used 4998K, capacity 5795K, committed 5888K, reserved 1048576K
}
Event: 43.911 GC heap before
{Heap before GC invocations=53 (full 0):
 garbage-first heap   total 63488K, used 51866K [0x00000000c0000000, 0x00000000c01001f0, 0x0000000100000000)
  region size 1024K, 24 young (24576K), 3 survivors (3072K)
 Metaspace       used 49875K, capacity 52650K, committed 52992K, reserved 1095680K
  class space    used 4998K, capacity 5795K, committed 5888K, reserved 1048576K
Event: 43.915 GC heap after
Heap after GC invocations=54 (full 0):
 garbage-first heap   total 63488K, used 29438K [0x00000000c0000000, 0x00000000c01001f0, 0x0000000100000000)
  region size 1024K, 2 young (2048K), 2 survivors (2048K)
 Metaspace       used 49875K, capacity 52650K, committed 52992K, reserved 1095680K
  class space    used 4998K, capacity 5795K, committed 5888K, reserved 1048576K
}
Event: 45.660 GC heap before
{Heap before GC invocations=55 (full 0):
 garbage-first heap   total 63488K, used 52990K [0x00000000c0000000, 0x00000000c01001f0, 0x0000000100000000)
  region size 1024K, 25 young (25600K), 2 survivors (2048K)
 Metaspace       used 49964K, capacity 52726K, committed 52992K, reserved 1095680K
  class space    used 4999K, capacity 5797K, committed 5888K, reserved 1048576K
Event: 45.665 GC heap after
Heap after GC invocations=56 (full 0):
 garbage-first heap   total 63488K, used 29523K [0x00000000c0000000, 0x00000000c01001f0, 0x0000000100000000)
  region size 1024K, 2 young (2048K), 2 survivors (2048K)
 Metaspace       used 49964K, capacity 52726K, committed 52992K, reserved 1095680K
  class space    used 4999K, capacity 5797K, committed 5888K, reserved 1048576K
}

