# JRE version: Java(TM) SE Runtime Environment (8.0_171-b11) (build 1.8.0_171-b11)
# Java VM: Java HotSpot(TM) 64-Bit Server VM (25.171-b11 mixed mode windows-amd64 compressed oops)
Heap:
 garbage-first heap   total 80896K, used 73886K [0x00000000c0000000, 0x00000000c0100278, 0x0000000100000000)
  region size 1024K, 24 young (24576K), 3 survivors (3072K)
 Metaspace       used 52613K, capacity 55272K, committed 55552K, reserved 1099776K
  class space    used 5211K, capacity 6064K, committed 6144K, reserved 1048576K
GC Heap History (10 events):
Event: 58.966 GC heap after
Heap after GC invocations=228 (full 0):
 garbage-first heap   total 77824K, used 57239K [0x00000000c0000000, 0x00000000c0100260, 0x0000000100000000)
  region size 1024K, 2 young (2048K), 2 survivors (2048K)
 Metaspace       used 52596K, capacity 55264K, committed 55552K, reserved 1099776K
  class space    used 5211K, capacity 6064K, committed 6144K, reserved 1048576K
}
Event: 59.094 GC heap before
{Heap before GC invocations=229 (full 0):
 garbage-first heap   total 77824K, used 57218K [0x00000000c0000000, 0x00000000c0100260, 0x0000000100000000)
  region size 1024K, 10 young (10240K), 2 survivors (2048K)
 Metaspace       used 52599K, capacity 55264K, committed 55552K, reserved 1099776K
  class space    used 5211K, capacity 6064K, committed 6144K, reserved 1048576K
Event: 59.100 GC heap after
Heap after GC invocations=230 (full 0):
 garbage-first heap   total 77824K, used 50786K [0x00000000c0000000, 0x00000000c0100260, 0x0000000100000000)
  region size 1024K, 2 young (2048K), 2 survivors (2048K)
 Metaspace       used 52599K, capacity 55264K, committed 55552K, reserved 1099776K
  class space    used 5211K, capacity 6064K, committed 6144K, reserved 1048576K
}
Event: 59.113 GC heap before
{Heap before GC invocations=230 (full 0):
 garbage-first heap   total 77824K, used 51810K [0x00000000c0000000, 0x00000000c0100260, 0x0000000100000000)
  region size 1024K, 3 young (3072K), 2 survivors (2048K)
 Metaspace       used 52599K, capacity 55264K, committed 55552K, reserved 1099776K
  class space    used 5211K, capacity 6064K, committed 6144K, reserved 1048576K
Event: 59.119 GC heap after
Heap after GC invocations=231 (full 0):
 garbage-first heap   total 77824K, used 43227K [0x00000000c0000000, 0x00000000c0100260, 0x0000000100000000)
  region size 1024K, 1 young (1024K), 1 survivors (1024K)
 Metaspace       used 52599K, capacity 55264K, committed 55552K, reserved 1099776K
  class space    used 5211K, capacity 6064K, committed 6144K, reserved 1048576K
}
Event: 59.140 GC heap before
{Heap before GC invocations=231 (full 0):
 garbage-first heap   total 77824K, used 45275K [0x00000000c0000000, 0x00000000c0100260, 0x0000000100000000)
  region size 1024K, 3 young (3072K), 1 survivors (1024K)
 Metaspace       used 52599K, capacity 55264K, committed 55552K, reserved 1099776K
  class space    used 5211K, capacity 6064K, committed 6144K, reserved 1048576K
Event: 59.149 GC heap after
Heap after GC invocations=232 (full 0):
 garbage-first heap   total 77824K, used 40881K [0x00000000c0000000, 0x00000000c0100260, 0x0000000100000000)
  region size 1024K, 1 young (1024K), 1 survivors (1024K)
 Metaspace       used 52599K, capacity 55264K, committed 55552K, reserved 1099776K
  class space    used 5211K, capacity 6064K, committed 6144K, reserved 1048576K
}
Event: 59.293 GC heap before
{Heap before GC invocations=232 (full 0):
 garbage-first heap   total 77824K, used 55217K [0x00000000c0000000, 0x00000000c0100260, 0x0000000100000000)
  region size 1024K, 16 young (16384K), 1 survivors (1024K)
 Metaspace       used 52602K, capacity 55264K, committed 55552K, reserved 1099776K
  class space    used 5211K, capacity 6064K, committed 6144K, reserved 1048576K
Event: 59.305 GC heap after
Heap after GC invocations=233 (full 0):
 garbage-first heap   total 77824K, used 42781K [0x00000000c0000000, 0x00000000c0100260, 0x0000000100000000)
  region size 1024K, 3 young (3072K), 3 survivors (3072K)
 Metaspace       used 52602K, capacity 55264K, committed 55552K, reserved 1099776K
  class space    used 5211K, capacity 6064K, committed 6144K, reserved 1048576K
}
Event: 59.682 GC heap before
{Heap before GC invocations=234 (full 0):
 garbage-first heap   total 77824K, used 73886K [0x00000000c0000000, 0x00000000c0100260, 0x0000000100000000)
  region size 1024K, 24 young (24576K), 3 survivors (3072K)
 Metaspace       used 52613K, capacity 55272K, committed 55552K, reserved 1099776K
  class space    used 5211K, capacity 6064K, committed 6144K, reserved 1048576K

