# JRE version: Java(TM) SE Runtime Environment (8.0_171-b11) (build 1.8.0_171-b11)
# Java VM: Java HotSpot(TM) 64-Bit Server VM (25.171-b11 mixed mode windows-amd64 compressed oops)
Heap:
 garbage-first heap   total 63488K, used 24576K [0x00000000c0000000, 0x00000000c01001f0, 0x0000000100000000)
  region size 1024K, 6 young (6144K), 4 survivors (4096K)
 Metaspace       used 25594K, capacity 26936K, committed 27136K, reserved 1073152K
  class space    used 2785K, capacity 3300K, committed 3328K, reserved 1048576K
GC Heap History (10 events):
Event: 5.325 GC heap before
{Heap before GC invocations=2 (full 0):
 garbage-first heap   total 63488K, used 25911K [0x00000000c0000000, 0x00000000c01001f0, 0x0000000100000000)
  region size 1024K, 19 young (19456K), 3 survivors (3072K)
 Metaspace       used 16461K, capacity 17338K, committed 17536K, reserved 1064960K
  class space    used 1630K, capacity 1909K, committed 1920K, reserved 1048576K
Event: 5.339 GC heap after
Heap after GC invocations=3 (full 0):
 garbage-first heap   total 63488K, used 16896K [0x00000000c0000000, 0x00000000c01001f0, 0x0000000100000000)
  region size 1024K, 3 young (3072K), 3 survivors (3072K)
 Metaspace       used 16461K, capacity 17338K, committed 17536K, reserved 1064960K
  class space    used 1630K, capacity 1909K, committed 1920K, reserved 1048576K
}
Event: 6.100 GC heap before
{Heap before GC invocations=3 (full 0):
 garbage-first heap   total 63488K, used 43520K [0x00000000c0000000, 0x00000000c01001f0, 0x0000000100000000)
  region size 1024K, 30 young (30720K), 3 survivors (3072K)
 Metaspace       used 20193K, capacity 21212K, committed 21296K, reserved 1069056K
  class space    used 2067K, capacity 2419K, committed 2432K, reserved 1048576K
Event: 6.111 GC heap after
Heap after GC invocations=4 (full 0):
 garbage-first heap   total 63488K, used 20992K [0x00000000c0000000, 0x00000000c01001f0, 0x0000000100000000)
  region size 1024K, 4 young (4096K), 4 survivors (4096K)
 Metaspace       used 20193K, capacity 21212K, committed 21296K, reserved 1069056K
  class space    used 2067K, capacity 2419K, committed 2432K, reserved 1048576K
}
Event: 7.082 GC heap before
{Heap before GC invocations=5 (full 0):
 garbage-first heap   total 63488K, used 46592K [0x00000000c0000000, 0x00000000c01001f0, 0x0000000100000000)
  region size 1024K, 33 young (33792K), 4 survivors (4096K)
 Metaspace       used 24224K, capacity 25396K, committed 25600K, reserved 1071104K
  class space    used 2600K, capacity 2978K, committed 3072K, reserved 1048576K
Event: 7.098 GC heap after
Heap after GC invocations=6 (full 0):
 garbage-first heap   total 63488K, used 24576K [0x00000000c0000000, 0x00000000c01001f0, 0x0000000100000000)
  region size 1024K, 5 young (5120K), 5 survivors (5120K)
 Metaspace       used 24224K, capacity 25396K, committed 25600K, reserved 1071104K
  class space    used 2600K, capacity 2978K, committed 3072K, reserved 1048576K
}
Event: 7.134 GC heap before
{Heap before GC invocations=6 (full 0):
 garbage-first heap   total 63488K, used 25600K [0x00000000c0000000, 0x00000000c01001f0, 0x0000000100000000)
  region size 1024K, 6 young (6144K), 5 survivors (5120K)
 Metaspace       used 24366K, capacity 25556K, committed 25856K, reserved 1073152K
  class space    used 2628K, capacity 3010K, committed 3072K, reserved 1048576K
Event: 7.146 GC heap after
Heap after GC invocations=7 (full 0):
 garbage-first heap   total 63488K, used 19968K [0x00000000c0000000, 0x00000000c01001f0, 0x0000000100000000)
  region size 1024K, 1 young (1024K), 1 survivors (1024K)
 Metaspace       used 24366K, capacity 25556K, committed 25856K, reserved 1073152K
  class space    used 2628K, capacity 3010K, committed 3072K, reserved 1048576K
}
Event: 7.835 GC heap before
{Heap before GC invocations=7 (full 0):
 garbage-first heap   total 63488K, used 51712K [0x00000000c0000000, 0x00000000c01001f0, 0x0000000100000000)
  region size 1024K, 32 young (32768K), 1 survivors (1024K)
 Metaspace       used 25413K, capacity 26770K, committed 26880K, reserved 1073152K
  class space    used 2760K, capacity 3267K, committed 3328K, reserved 1048576K
Event: 7.842 GC heap after
Heap after GC invocations=8 (full 0):
 garbage-first heap   total 63488K, used 23552K [0x00000000c0000000, 0x00000000c01001f0, 0x0000000100000000)
  region size 1024K, 4 young (4096K), 4 survivors (4096K)
 Metaspace       used 25413K, capacity 26770K, committed 26880K, reserved 1073152K
  class space    used 2760K, capacity 3267K, committed 3328K, reserved 1048576K
}

