# JRE version: Java(TM) SE Runtime Environment (8.0_171-b11) (build 1.8.0_171-b11)
# Java VM: Java HotSpot(TM) 64-Bit Server VM (25.171-b11 mixed mode windows-amd64 compressed oops)
Heap:
 garbage-first heap   total 253952K, used 51469K [0x00000000c0000000, 0x00000000c01007c0, 0x0000000100000000)
  region size 1024K, 4 young (4096K), 4 survivors (4096K)
 Metaspace       used 54582K, capacity 57700K, committed 57984K, reserved 1101824K
  class space    used 5558K, capacity 6416K, committed 6528K, reserved 1048576K
GC Heap History (10 events):
Event: 145.626 GC heap after
Heap after GC invocations=71 (full 0):
 garbage-first heap   total 63488K, used 53040K [0x00000000c0000000, 0x00000000c01001f0, 0x0000000100000000)
  region size 1024K, 1 young (1024K), 1 survivors (1024K)
 Metaspace       used 54024K, capacity 57038K, committed 57088K, reserved 1099776K
  class space    used 5525K, capacity 6374K, committed 6400K, reserved 1048576K
}
Event: 145.660 GC heap before
{Heap before GC invocations=71 (full 0):
 garbage-first heap   total 63488K, used 55088K [0x00000000c0000000, 0x00000000c01001f0, 0x0000000100000000)
  region size 1024K, 3 young (3072K), 1 survivors (1024K)
 Metaspace       used 54030K, capacity 57038K, committed 57088K, reserved 1099776K
  class space    used 5525K, capacity 6374K, committed 6400K, reserved 1048576K
Event: 145.666 GC heap after
Heap after GC invocations=72 (full 0):
 garbage-first heap   total 63488K, used 47915K [0x00000000c0000000, 0x00000000c01001f0, 0x0000000100000000)
  region size 1024K, 1 young (1024K), 1 survivors (1024K)
 Metaspace       used 54030K, capacity 57038K, committed 57088K, reserved 1099776K
  class space    used 5525K, capacity 6374K, committed 6400K, reserved 1048576K
}
Event: 145.710 GC heap before
{Heap before GC invocations=72 (full 0):
 garbage-first heap   total 63488K, used 49963K [0x00000000c0000000, 0x00000000c01001f0, 0x0000000100000000)
  region size 1024K, 3 young (3072K), 1 survivors (1024K)
 Metaspace       used 54034K, capacity 57038K, committed 57088K, reserved 1099776K
  class space    used 5525K, capacity 6374K, committed 6400K, reserved 1048576K
Event: 145.720 GC heap after
Heap after GC invocations=73 (full 0):
 garbage-first heap   total 63488K, used 45787K [0x00000000c0000000, 0x00000000c01001f0, 0x0000000100000000)
  region size 1024K, 1 young (1024K), 1 survivors (1024K)
 Metaspace       used 54034K, capacity 57038K, committed 57088K, reserved 1099776K
  class space    used 5525K, capacity 6374K, committed 6400K, reserved 1048576K
}
Event: 145.756 GC heap before
{Heap before GC invocations=73 (full 0):
 garbage-first heap   total 63488K, used 47835K [0x00000000c0000000, 0x00000000c01001f0, 0x0000000100000000)
  region size 1024K, 3 young (3072K), 1 survivors (1024K)
 Metaspace       used 54036K, capacity 57038K, committed 57088K, reserved 1099776K
  class space    used 5525K, capacity 6374K, committed 6400K, reserved 1048576K
Event: 145.769 GC heap after
Heap after GC invocations=74 (full 0):
 garbage-first heap   total 63488K, used 46044K [0x00000000c0000000, 0x00000000c01001f0, 0x0000000100000000)
  region size 1024K, 1 young (1024K), 1 survivors (1024K)
 Metaspace       used 54036K, capacity 57038K, committed 57088K, reserved 1099776K
  class space    used 5525K, capacity 6374K, committed 6400K, reserved 1048576K
}
Event: 145.901 GC heap before
{Heap before GC invocations=74 (full 0):
 garbage-first heap   total 63488K, used 53212K [0x00000000c0000000, 0x00000000c01001f0, 0x0000000100000000)
  region size 1024K, 8 young (8192K), 1 survivors (1024K)
 Metaspace       used 54048K, capacity 57056K, committed 57344K, reserved 1099776K
  class space    used 5526K, capacity 6377K, committed 6400K, reserved 1048576K
Event: 145.914 GC heap after
Heap after GC invocations=75 (full 0):
 garbage-first heap   total 126976K, used 48866K [0x00000000c0000000, 0x00000000c01003e0, 0x0000000100000000)
  region size 1024K, 1 young (1024K), 1 survivors (1024K)
 Metaspace       used 54048K, capacity 57056K, committed 57344K, reserved 1099776K
  class space    used 5526K, capacity 6377K, committed 6400K, reserved 1048576K
}
Event: 149.404 GC heap before
{Heap before GC invocations=75 (full 0):
 garbage-first heap   total 126976K, used 107266K [0x00000000c0000000, 0x00000000c01003e0, 0x0000000100000000)
  region size 1024K, 54 young (55296K), 1 survivors (1024K)
 Metaspace       used 54582K, capacity 57700K, committed 57984K, reserved 1101824K
  class space    used 5558K, capacity 6416K, committed 6528K, reserved 1048576K

