# JRE version: Java(TM) SE Runtime Environment (8.0_171-b11) (build 1.8.0_171-b11)
# Java VM: Java HotSpot(TM) 64-Bit Server VM (25.171-b11 mixed mode windows-amd64 compressed oops)
Heap:
 garbage-first heap   total 403456K, used 141826K [0x00000000c0000000, 0x00000000c0100c50, 0x0000000100000000)
  region size 1024K, 38 young (38912K), 10 survivors (10240K)
 Metaspace       used 52375K, capacity 55460K, committed 55632K, reserved 1097728K
  class space    used 5543K, capacity 6471K, committed 6480K, reserved 1048576K
GC Heap History (10 events):
Event: 27.352 GC heap before
{Heap before GC invocations=28 (full 0):
 garbage-first heap   total 120832K, used 100140K [0x00000000c0000000, 0x00000000c01003b0, 0x0000000100000000)
  region size 1024K, 17 young (17408K), 4 survivors (4096K)
 Metaspace       used 45864K, capacity 48830K, committed 48976K, reserved 1093632K
  class space    used 4823K, capacity 5704K, committed 5712K, reserved 1048576K
Event: 27.377 GC heap after
Heap after GC invocations=29 (full 0):
 garbage-first heap   total 120832K, used 93484K [0x00000000c0000000, 0x00000000c01003b0, 0x0000000100000000)
  region size 1024K, 3 young (3072K), 3 survivors (3072K)
 Metaspace       used 45864K, capacity 48830K, committed 48976K, reserved 1093632K
  class space    used 4823K, capacity 5704K, committed 5712K, reserved 1048576K
}
Event: 27.454 GC heap before
{Heap before GC invocations=29 (full 0):
 garbage-first heap   total 120832K, used 102700K [0x00000000c0000000, 0x00000000c01003b0, 0x0000000100000000)
  region size 1024K, 12 young (12288K), 3 survivors (3072K)
 Metaspace       used 46048K, capacity 48984K, committed 49360K, reserved 1093632K
  class space    used 4845K, capacity 5717K, committed 5840K, reserved 1048576K
Event: 27.474 GC heap after
Heap after GC invocations=30 (full 0):
 garbage-first heap   total 120832K, used 98604K [0x00000000c0000000, 0x00000000c01003b0, 0x0000000100000000)
  region size 1024K, 2 young (2048K), 2 survivors (2048K)
 Metaspace       used 46048K, capacity 48984K, committed 49360K, reserved 1093632K
  class space    used 4845K, capacity 5717K, committed 5840K, reserved 1048576K
}
Event: 27.563 GC heap before
{Heap before GC invocations=31 (full 0):
 garbage-first heap   total 120832K, used 102700K [0x00000000c0000000, 0x00000000c01003b0, 0x0000000100000000)
  region size 1024K, 7 young (7168K), 2 survivors (2048K)
 Metaspace       used 46211K, capacity 49136K, committed 49360K, reserved 1093632K
  class space    used 4862K, capacity 5729K, committed 5840K, reserved 1048576K
Event: 27.580 GC heap after
Heap after GC invocations=32 (full 0):
 garbage-first heap   total 120832K, used 101164K [0x00000000c0000000, 0x00000000c01003b0, 0x0000000100000000)
  region size 1024K, 1 young (1024K), 1 survivors (1024K)
 Metaspace       used 46211K, capacity 49136K, committed 49360K, reserved 1093632K
  class space    used 4862K, capacity 5729K, committed 5840K, reserved 1048576K
}
Event: 27.597 GC heap before
{Heap before GC invocations=32 (full 0):
 garbage-first heap   total 120832K, used 105260K [0x00000000c0000000, 0x00000000c01003b0, 0x0000000100000000)
  region size 1024K, 5 young (5120K), 1 survivors (1024K)
 Metaspace       used 46237K, capacity 49140K, committed 49360K, reserved 1093632K
  class space    used 4864K, capacity 5731K, committed 5840K, reserved 1048576K
Event: 27.629 GC heap after
Heap after GC invocations=33 (full 0):
 garbage-first heap   total 241664K, used 97580K [0x00000000c0000000, 0x00000000c0100760, 0x0000000100000000)
  region size 1024K, 1 young (1024K), 1 survivors (1024K)
 Metaspace       used 46237K, capacity 49140K, committed 49360K, reserved 1093632K
  class space    used 4864K, capacity 5731K, committed 5840K, reserved 1048576K
}
Event: 1674.587 GC heap before
{Heap before GC invocations=33 (full 0):
 garbage-first heap   total 241664K, used 174380K [0x00000000c0000000, 0x00000000c0100760, 0x0000000100000000)
  region size 1024K, 76 young (77824K), 1 survivors (1024K)
 Metaspace       used 52023K, capacity 54984K, committed 55376K, reserved 1097728K
  class space    used 5495K, capacity 6375K, committed 6480K, reserved 1048576K
Event: 1674.638 GC heap after
Heap after GC invocations=34 (full 0):
 garbage-first heap   total 403456K, used 114178K [0x00000000c0000000, 0x00000000c0100c50, 0x0000000100000000)
  region size 1024K, 10 young (10240K), 10 survivors (10240K)
 Metaspace       used 52023K, capacity 54984K, committed 55376K, reserved 1097728K
  class space    used 5495K, capacity 6375K, committed 6480K, reserved 1048576K
}

