# JRE version: Java(TM) SE Runtime Environment (8.0_171-b11) (build 1.8.0_171-b11)
# Java VM: Java HotSpot(TM) 64-Bit Server VM (25.171-b11 mixed mode windows-amd64 compressed oops)
Heap:
 garbage-first heap   total 243712K, used 113122K [0x00000000c0000000, 0x00000000c0100770, 0x0000000100000000)
  region size 1024K, 1 young (1024K), 1 survivors (1024K)
 Metaspace       used 45912K, capacity 48440K, committed 48768K, reserved 1091584K
  class space    used 4805K, capacity 5641K, committed 5760K, reserved 1048576K
GC Heap History (10 events):
Event: 18.272 GC heap after
Heap after GC invocations=29 (full 0):
 garbage-first heap   total 120832K, used 100140K [0x00000000c0000000, 0x00000000c01003b0, 0x0000000100000000)
  region size 1024K, 1 young (1024K), 1 survivors (1024K)
 Metaspace       used 45804K, capacity 48340K, committed 48384K, reserved 1091584K
  class space    used 4793K, capacity 5609K, committed 5632K, reserved 1048576K
}
Event: 18.283 GC heap before
{Heap before GC invocations=29 (full 0):
 garbage-first heap   total 120832K, used 104236K [0x00000000c0000000, 0x00000000c01003b0, 0x0000000100000000)
  region size 1024K, 5 young (5120K), 1 survivors (1024K)
 Metaspace       used 45804K, capacity 48340K, committed 48384K, reserved 1091584K
  class space    used 4793K, capacity 5609K, committed 5632K, reserved 1048576K
Event: 18.295 GC heap after
Heap after GC invocations=30 (full 0):
 garbage-first heap   total 120832K, used 102700K [0x00000000c0000000, 0x00000000c01003b0, 0x0000000100000000)
  region size 1024K, 1 young (1024K), 1 survivors (1024K)
 Metaspace       used 45804K, capacity 48340K, committed 48384K, reserved 1091584K
  class space    used 4793K, capacity 5609K, committed 5632K, reserved 1048576K
}
Event: 18.313 GC heap before
{Heap before GC invocations=30 (full 0):
 garbage-first heap   total 120832K, used 106796K [0x00000000c0000000, 0x00000000c01003b0, 0x0000000100000000)
  region size 1024K, 5 young (5120K), 1 survivors (1024K)
 Metaspace       used 45804K, capacity 48340K, committed 48384K, reserved 1091584K
  class space    used 4793K, capacity 5609K, committed 5632K, reserved 1048576K
Event: 18.326 GC heap after
Heap after GC invocations=31 (full 0):
 garbage-first heap   total 120832K, used 105772K [0x00000000c0000000, 0x00000000c01003b0, 0x0000000100000000)
  region size 1024K, 1 young (1024K), 1 survivors (1024K)
 Metaspace       used 45804K, capacity 48340K, committed 48384K, reserved 1091584K
  class space    used 4793K, capacity 5609K, committed 5632K, reserved 1048576K
}
Event: 18.342 GC heap before
{Heap before GC invocations=31 (full 0):
 garbage-first heap   total 120832K, used 109868K [0x00000000c0000000, 0x00000000c01003b0, 0x0000000100000000)
  region size 1024K, 5 young (5120K), 1 survivors (1024K)
 Metaspace       used 45804K, capacity 48340K, committed 48384K, reserved 1091584K
  class space    used 4793K, capacity 5609K, committed 5632K, reserved 1048576K
Event: 18.355 GC heap after
Heap after GC invocations=32 (full 0):
 garbage-first heap   total 120832K, used 108839K [0x00000000c0000000, 0x00000000c01003b0, 0x0000000100000000)
  region size 1024K, 1 young (1024K), 1 survivors (1024K)
 Metaspace       used 45804K, capacity 48340K, committed 48384K, reserved 1091584K
  class space    used 4793K, capacity 5609K, committed 5632K, reserved 1048576K
}
Event: 18.366 GC heap before
{Heap before GC invocations=32 (full 0):
 garbage-first heap   total 120832K, used 112935K [0x00000000c0000000, 0x00000000c01003b0, 0x0000000100000000)
  region size 1024K, 5 young (5120K), 1 survivors (1024K)
 Metaspace       used 45804K, capacity 48340K, committed 48384K, reserved 1091584K
  class space    used 4793K, capacity 5609K, committed 5632K, reserved 1048576K
Event: 18.378 GC heap after
Heap after GC invocations=33 (full 0):
 garbage-first heap   total 120832K, used 111856K [0x00000000c0000000, 0x00000000c01003b0, 0x0000000100000000)
  region size 1024K, 1 young (1024K), 1 survivors (1024K)
 Metaspace       used 45804K, capacity 48340K, committed 48384K, reserved 1091584K
  class space    used 4793K, capacity 5609K, committed 5632K, reserved 1048576K
}
Event: 20.099 GC heap before
{Heap before GC invocations=34 (full 0):
 garbage-first heap   total 120832K, used 115952K [0x00000000c0000000, 0x00000000c01003b0, 0x0000000100000000)
  region size 1024K, 5 young (5120K), 1 survivors (1024K)
 Metaspace       used 45912K, capacity 48440K, committed 48768K, reserved 1091584K
  class space    used 4805K, capacity 5641K, committed 5760K, reserved 1048576K

