# JRE version: Java(TM) SE Runtime Environment (8.0_171-b11) (build 1.8.0_171-b11)
# Java VM: Java HotSpot(TM) 64-Bit Server VM (25.171-b11 mixed mode windows-amd64 compressed oops)
Heap:
 garbage-first heap   total 247808K, used 112940K [0x00000000c0000000, 0x00000000c0100790, 0x0000000100000000)
  region size 1024K, 1 young (1024K), 1 survivors (1024K)
 Metaspace       used 47969K, capacity 50802K, committed 50896K, reserved 1093632K
  class space    used 4995K, capacity 5852K, committed 5936K, reserved 1048576K
GC Heap History (10 events):
Event: 23.215 GC heap after
Heap after GC invocations=33 (full 0):
 garbage-first heap   total 123904K, used 91948K [0x00000000c0000000, 0x00000000c01003c8, 0x0000000100000000)
  region size 1024K, 3 young (3072K), 3 survivors (3072K)
 Metaspace       used 47969K, capacity 50802K, committed 50896K, reserved 1093632K
  class space    used 4995K, capacity 5852K, committed 5936K, reserved 1048576K
}
Event: 23.251 GC heap before
{Heap before GC invocations=33 (full 0):
 garbage-first heap   total 123904K, used 103212K [0x00000000c0000000, 0x00000000c01003c8, 0x0000000100000000)
  region size 1024K, 14 young (14336K), 3 survivors (3072K)
 Metaspace       used 47969K, capacity 50802K, committed 50896K, reserved 1093632K
  class space    used 4995K, capacity 5852K, committed 5936K, reserved 1048576K
Event: 23.276 GC heap after
Heap after GC invocations=34 (full 0):
 garbage-first heap   total 123904K, used 98092K [0x00000000c0000000, 0x00000000c01003c8, 0x0000000100000000)
  region size 1024K, 2 young (2048K), 2 survivors (2048K)
 Metaspace       used 47969K, capacity 50802K, committed 50896K, reserved 1093632K
  class space    used 4995K, capacity 5852K, committed 5936K, reserved 1048576K
}
Event: 23.300 GC heap before
{Heap before GC invocations=34 (full 0):
 garbage-first heap   total 123904K, used 104236K [0x00000000c0000000, 0x00000000c01003c8, 0x0000000100000000)
  region size 1024K, 8 young (8192K), 2 survivors (2048K)
 Metaspace       used 47969K, capacity 50802K, committed 50896K, reserved 1093632K
  class space    used 4995K, capacity 5852K, committed 5936K, reserved 1048576K
Event: 23.318 GC heap after
Heap after GC invocations=35 (full 0):
 garbage-first heap   total 123904K, used 102188K [0x00000000c0000000, 0x00000000c01003c8, 0x0000000100000000)
  region size 1024K, 1 young (1024K), 1 survivors (1024K)
 Metaspace       used 47969K, capacity 50802K, committed 50896K, reserved 1093632K
  class space    used 4995K, capacity 5852K, committed 5936K, reserved 1048576K
}
Event: 23.337 GC heap before
{Heap before GC invocations=35 (full 0):
 garbage-first heap   total 123904K, used 107308K [0x00000000c0000000, 0x00000000c01003c8, 0x0000000100000000)
  region size 1024K, 6 young (6144K), 1 survivors (1024K)
 Metaspace       used 47969K, capacity 50802K, committed 50896K, reserved 1093632K
  class space    used 4995K, capacity 5852K, committed 5936K, reserved 1048576K
Event: 23.351 GC heap after
Heap after GC invocations=36 (full 0):
 garbage-first heap   total 123904K, used 105260K [0x00000000c0000000, 0x00000000c01003c8, 0x0000000100000000)
  region size 1024K, 1 young (1024K), 1 survivors (1024K)
 Metaspace       used 47969K, capacity 50802K, committed 50896K, reserved 1093632K
  class space    used 4995K, capacity 5852K, committed 5936K, reserved 1048576K
}
Event: 23.371 GC heap before
{Heap before GC invocations=36 (full 0):
 garbage-first heap   total 123904K, used 110380K [0x00000000c0000000, 0x00000000c01003c8, 0x0000000100000000)
  region size 1024K, 6 young (6144K), 1 survivors (1024K)
 Metaspace       used 47969K, capacity 50802K, committed 50896K, reserved 1093632K
  class space    used 4995K, capacity 5852K, committed 5936K, reserved 1048576K
Event: 23.386 GC heap after
Heap after GC invocations=37 (full 0):
 garbage-first heap   total 123904K, used 109356K [0x00000000c0000000, 0x00000000c01003c8, 0x0000000100000000)
  region size 1024K, 1 young (1024K), 1 survivors (1024K)
 Metaspace       used 47969K, capacity 50802K, committed 50896K, reserved 1093632K
  class space    used 4995K, capacity 5852K, committed 5936K, reserved 1048576K
}
Event: 23.405 GC heap before
{Heap before GC invocations=37 (full 0):
 garbage-first heap   total 123904K, used 114476K [0x00000000c0000000, 0x00000000c01003c8, 0x0000000100000000)
  region size 1024K, 6 young (6144K), 1 survivors (1024K)
 Metaspace       used 47969K, capacity 50802K, committed 50896K, reserved 1093632K
  class space    used 4995K, capacity 5852K, committed 5936K, reserved 1048576K

