# JRE version: Java(TM) SE Runtime Environment (8.0_171-b11) (build 1.8.0_171-b11)
# Java VM: Java HotSpot(TM) 64-Bit Server VM (25.171-b11 mixed mode windows-amd64 compressed oops)
Heap:
 garbage-first heap   total 253952K, used 52214K [0x00000000c0000000, 0x00000000c01007c0, 0x0000000100000000)
  region size 1024K, 6 young (6144K), 6 survivors (6144K)
 Metaspace       used 47713K, capacity 50562K, committed 50688K, reserved 1093632K
  class space    used 4954K, capacity 5772K, committed 5888K, reserved 1048576K
GC Heap History (10 events):
Event: 19.288 GC heap after
Heap after GC invocations=38 (full 0):
 garbage-first heap   total 63488K, used 55737K [0x00000000c0000000, 0x00000000c01001f0, 0x0000000100000000)
  region size 1024K, 1 young (1024K), 1 survivors (1024K)
 Metaspace       used 46198K, capacity 48748K, committed 48896K, reserved 1093632K
  class space    used 4775K, capacity 5557K, committed 5632K, reserved 1048576K
}
Event: 19.351 GC heap before
{Heap before GC invocations=38 (full 0):
 garbage-first heap   total 63488K, used 57785K [0x00000000c0000000, 0x00000000c01001f0, 0x0000000100000000)
  region size 1024K, 3 young (3072K), 1 survivors (1024K)
 Metaspace       used 46215K, capacity 48748K, committed 48896K, reserved 1093632K
  class space    used 4775K, capacity 5557K, committed 5632K, reserved 1048576K
Event: 19.359 GC heap after
Heap after GC invocations=39 (full 0):
 garbage-first heap   total 63488K, used 50334K [0x00000000c0000000, 0x00000000c01001f0, 0x0000000100000000)
  region size 1024K, 1 young (1024K), 1 survivors (1024K)
 Metaspace       used 46215K, capacity 48748K, committed 48896K, reserved 1093632K
  class space    used 4775K, capacity 5557K, committed 5632K, reserved 1048576K
}
Event: 19.413 GC heap before
{Heap before GC invocations=39 (full 0):
 garbage-first heap   total 63488K, used 52382K [0x00000000c0000000, 0x00000000c01001f0, 0x0000000100000000)
  region size 1024K, 3 young (3072K), 1 survivors (1024K)
 Metaspace       used 46239K, capacity 48748K, committed 48896K, reserved 1093632K
  class space    used 4775K, capacity 5557K, committed 5632K, reserved 1048576K
Event: 19.424 GC heap after
Heap after GC invocations=40 (full 0):
 garbage-first heap   total 63488K, used 47226K [0x00000000c0000000, 0x00000000c01001f0, 0x0000000100000000)
  region size 1024K, 1 young (1024K), 1 survivors (1024K)
 Metaspace       used 46239K, capacity 48748K, committed 48896K, reserved 1093632K
  class space    used 4775K, capacity 5557K, committed 5632K, reserved 1048576K
}
Event: 19.455 GC heap before
{Heap before GC invocations=40 (full 0):
 garbage-first heap   total 63488K, used 49274K [0x00000000c0000000, 0x00000000c01001f0, 0x0000000100000000)
  region size 1024K, 3 young (3072K), 1 survivors (1024K)
 Metaspace       used 46245K, capacity 48748K, committed 48896K, reserved 1093632K
  class space    used 4775K, capacity 5557K, committed 5632K, reserved 1048576K
Event: 19.471 GC heap after
Heap after GC invocations=41 (full 0):
 garbage-first heap   total 63488K, used 45994K [0x00000000c0000000, 0x00000000c01001f0, 0x0000000100000000)
  region size 1024K, 1 young (1024K), 1 survivors (1024K)
 Metaspace       used 46245K, capacity 48748K, committed 48896K, reserved 1093632K
  class space    used 4775K, capacity 5557K, committed 5632K, reserved 1048576K
}
Event: 19.514 GC heap before
{Heap before GC invocations=41 (full 0):
 garbage-first heap   total 63488K, used 48042K [0x00000000c0000000, 0x00000000c01001f0, 0x0000000100000000)
  region size 1024K, 3 young (3072K), 1 survivors (1024K)
 Metaspace       used 46267K, capacity 48748K, committed 48896K, reserved 1093632K
  class space    used 4775K, capacity 5557K, committed 5632K, reserved 1048576K
Event: 19.531 GC heap after
Heap after GC invocations=42 (full 0):
 garbage-first heap   total 126976K, used 47040K [0x00000000c0000000, 0x00000000c01003e0, 0x0000000100000000)
  region size 1024K, 1 young (1024K), 1 survivors (1024K)
 Metaspace       used 46267K, capacity 48748K, committed 48896K, reserved 1093632K
  class space    used 4775K, capacity 5557K, committed 5632K, reserved 1048576K
}
Event: 20.489 GC heap before
{Heap before GC invocations=42 (full 0):
 garbage-first heap   total 126976K, used 95048K [0x00000000c0000000, 0x00000000c01003e0, 0x0000000100000000)
  region size 1024K, 46 young (47104K), 1 survivors (1024K)
 Metaspace       used 47713K, capacity 50562K, committed 50688K, reserved 1093632K
  class space    used 4954K, capacity 5772K, committed 5888K, reserved 1048576K

