# JRE version: Java(TM) SE Runtime Environment (8.0_171-b11) (build 1.8.0_171-b11)
# Java VM: Java HotSpot(TM) 64-Bit Server VM (25.171-b11 mixed mode windows-amd64 compressed oops)
Heap:
 garbage-first heap   total 63488K, used 23552K [0x00000000c0000000, 0x00000000c01001f0, 0x0000000100000000)
  region size 1024K, 12 young (12288K), 5 survivors (5120K)
 Metaspace       used 20359K, capacity 21436K, committed 21680K, reserved 1069056K
  class space    used 2103K, capacity 2451K, committed 2560K, reserved 1048576K
GC Heap History (8 events):
Event: 5.208 GC heap before
{Heap before GC invocations=0 (full 0):
 garbage-first heap   total 63488K, used 14336K [0x00000000c0000000, 0x00000000c01001f0, 0x0000000100000000)
  region size 1024K, 14 young (14336K), 0 survivors (0K)
 Metaspace       used 6537K, capacity 6700K, committed 6912K, reserved 1056768K
  class space    used 685K, capacity 727K, committed 768K, reserved 1048576K
Event: 5.215 GC heap after
Heap after GC invocations=1 (full 0):
 garbage-first heap   total 63488K, used 3472K [0x00000000c0000000, 0x00000000c01001f0, 0x0000000100000000)
  region size 1024K, 2 young (2048K), 2 survivors (2048K)
 Metaspace       used 6537K, capacity 6700K, committed 6912K, reserved 1056768K
  class space    used 685K, capacity 727K, committed 768K, reserved 1048576K
}
Event: 10.005 GC heap before
{Heap before GC invocations=1 (full 0):
 garbage-first heap   total 63488K, used 18832K [0x00000000c0000000, 0x00000000c01001f0, 0x0000000100000000)
  region size 1024K, 17 young (17408K), 2 survivors (2048K)
 Metaspace       used 9880K, capacity 10138K, committed 10368K, reserved 1058816K
  class space    used 1026K, capacity 1099K, committed 1152K, reserved 1048576K
Event: 10.019 GC heap after
Heap after GC invocations=2 (full 0):
 garbage-first heap   total 63488K, used 9009K [0x00000000c0000000, 0x00000000c01001f0, 0x0000000100000000)
  region size 1024K, 3 young (3072K), 3 survivors (3072K)
 Metaspace       used 9880K, capacity 10138K, committed 10368K, reserved 1058816K
  class space    used 1026K, capacity 1099K, committed 1152K, reserved 1048576K
}
Event: 11.447 GC heap before
{Heap before GC invocations=2 (full 0):
 garbage-first heap   total 63488K, used 29489K [0x00000000c0000000, 0x00000000c01001f0, 0x0000000100000000)
  region size 1024K, 23 young (23552K), 3 survivors (3072K)
 Metaspace       used 16710K, capacity 17594K, committed 17792K, reserved 1064960K
  class space    used 1633K, capacity 1909K, committed 1920K, reserved 1048576K
Event: 11.464 GC heap after
Heap after GC invocations=3 (full 0):
 garbage-first heap   total 63488K, used 17920K [0x00000000c0000000, 0x00000000c01001f0, 0x0000000100000000)
  region size 1024K, 3 young (3072K), 3 survivors (3072K)
 Metaspace       used 16710K, capacity 17594K, committed 17792K, reserved 1064960K
  class space    used 1633K, capacity 1909K, committed 1920K, reserved 1048576K
}
Event: 20.051 GC heap before
{Heap before GC invocations=3 (full 0):
 garbage-first heap   total 63488K, used 41472K [0x00000000c0000000, 0x00000000c01001f0, 0x0000000100000000)
  region size 1024K, 27 young (27648K), 3 survivors (3072K)
 Metaspace       used 20130K, capacity 21212K, committed 21296K, reserved 1069056K
  class space    used 2051K, capacity 2419K, committed 2432K, reserved 1048576K
Event: 20.063 GC heap after
Heap after GC invocations=4 (full 0):
 garbage-first heap   total 63488K, used 21504K [0x00000000c0000000, 0x00000000c01001f0, 0x0000000100000000)
  region size 1024K, 5 young (5120K), 5 survivors (5120K)
 Metaspace       used 20130K, capacity 21212K, committed 21296K, reserved 1069056K
  class space    used 2051K, capacity 2419K, committed 2432K, reserved 1048576K
}

