# JRE version: Java(TM) SE Runtime Environment (8.0_171-b11) (build 1.8.0_171-b11)
# Java VM: Java HotSpot(TM) 64-Bit Server VM (25.171-b11 mixed mode windows-amd64 compressed oops)
Heap:
 PSYoungGen      total 8704K, used 4648K [0x00000000eb800000, 0x00000000ec900000, 0x0000000100000000)
  eden space 5632K, 30% used [0x00000000eb800000,0x00000000eb9b0d88,0x00000000ebd80000)
  from space 3072K, 94% used [0x00000000ec600000,0x00000000ec8d92e8,0x00000000ec900000)
  to   space 1536K, 0% used [0x00000000ebd80000,0x00000000ebd80000,0x00000000ebf00000)
 ParOldGen       total 5632K, used 3786K [0x00000000c2800000, 0x00000000c2d80000, 0x00000000eb800000)
  object space 5632K, 67% used [0x00000000c2800000,0x00000000c2bb2b28,0x00000000c2d80000)
 Metaspace       used 7599K, capacity 8308K, committed 8448K, reserved 1056768K
  class space    used 913K, capacity 944K, committed 1024K, reserved 1048576K
GC Heap History (10 events):
Event: 0.992 GC heap before
{Heap before GC invocations=4 (full 0):
 PSYoungGen      total 2048K, used 2024K [0x00000000eb800000, 0x00000000ebc00000, 0x0000000100000000)
  eden space 1536K, 99% used [0x00000000eb800000,0x00000000eb97fce8,0x00000000eb980000)
  from space 512K, 95% used [0x00000000eb980000,0x00000000eb9fa620,0x00000000eba00000)
  to   space 512K, 0% used [0x00000000ebb80000,0x00000000ebb80000,0x00000000ebc00000)
 ParOldGen       total 5632K, used 756K [0x00000000c2800000, 0x00000000c2d80000, 0x00000000eb800000)
  object space 5632K, 13% used [0x00000000c2800000,0x00000000c28bd090,0x00000000c2d80000)
 Metaspace       used 5101K, capacity 6224K, committed 6400K, reserved 1056768K
  class space    used 622K, capacity 652K, committed 768K, reserved 1048576K
Event: 0.996 GC heap after
Heap after GC invocations=4 (full 0):
 PSYoungGen      total 3584K, used 489K [0x00000000eb800000, 0x00000000ebc00000, 0x0000000100000000)
  eden space 3072K, 0% used [0x00000000eb800000,0x00000000eb800000,0x00000000ebb00000)
  from space 512K, 95% used [0x00000000ebb80000,0x00000000ebbfa620,0x00000000ebc00000)
  to   space 512K, 0% used [0x00000000ebb00000,0x00000000ebb00000,0x00000000ebb80000)
 ParOldGen       total 5632K, used 875K [0x00000000c2800000, 0x00000000c2d80000, 0x00000000eb800000)
  object space 5632K, 15% used [0x00000000c2800000,0x00000000c28daca0,0x00000000c2d80000)
 Metaspace       used 5101K, capacity 6224K, committed 6400K, reserved 1056768K
  class space    used 622K, capacity 652K, committed 768K, reserved 1048576K
}
Event: 1.299 GC heap before
{Heap before GC invocations=5 (full 0):
 PSYoungGen      total 3584K, used 3561K [0x00000000eb800000, 0x00000000ebc00000, 0x0000000100000000)
  eden space 3072K, 100% used [0x00000000eb800000,0x00000000ebb00000,0x00000000ebb00000)
  from space 512K, 95% used [0x00000000ebb80000,0x00000000ebbfa620,0x00000000ebc00000)
  to   space 512K, 0% used [0x00000000ebb00000,0x00000000ebb00000,0x00000000ebb80000)
 ParOldGen       total 5632K, used 875K [0x00000000c2800000, 0x00000000c2d80000, 0x00000000eb800000)
  object space 5632K, 15% used [0x00000000c2800000,0x00000000c28daca0,0x00000000c2d80000)
 Metaspace       used 6201K, capacity 7220K, committed 7552K, reserved 1056768K
  class space    used 771K, capacity 816K, committed 896K, reserved 1048576K
Event: 1.302 GC heap after
Heap after GC invocations=5 (full 0):
 PSYoungGen      total 3584K, used 489K [0x00000000eb800000, 0x00000000ec000000, 0x0000000100000000)
  eden space 3072K, 0% used [0x00000000eb800000,0x00000000eb800000,0x00000000ebb00000)
  from space 512K, 95% used [0x00000000ebb00000,0x00000000ebb7a620,0x00000000ebb80000)
  to   space 1024K, 0% used [0x00000000ebf00000,0x00000000ebf00000,0x00000000ec000000)
 ParOldGen       total 5632K, used 1187K [0x00000000c2800000, 0x00000000c2d80000, 0x00000000eb800000)
  object space 5632K, 21% used [0x00000000c2800000,0x00000000c2928f98,0x00000000c2d80000)
 Metaspace       used 6201K, capacity 7220K, committed 7552K, reserved 1056768K
  class space    used 771K, capacity 816K, committed 896K, reserved 1048576K
}
Event: 1.793 GC heap before
{Heap before GC invocations=6 (full 0):
 PSYoungGen      total 3584K, used 3382K [0x00000000eb800000, 0x00000000ec000000, 0x0000000100000000)
  eden space 3072K, 94% used [0x00000000eb800000,0x00000000ebad3360,0x00000000ebb00000)
  from space 512K, 95% used [0x00000000ebb00000,0x00000000ebb7a620,0x00000000ebb80000)
  to   space 1024K, 0% used [0x00000000ebf00000,0x00000000ebf00000,0x00000000ec000000)
 ParOldGen       total 5632K, used 1187K [0x00000000c2800000, 0x00000000c2d80000, 0x00000000eb800000)
  object space 5632K, 21% used [0x00000000c2800000,0x00000000c2928f98,0x00000000c2d80000)
 Metaspace       used 7310K, capacity 8084K, committed 8448K, reserved 1056768K
  class space    used 889K, capacity 912K, committed 1024K, reserved 1048576K
Event: 1.815 GC heap after
Heap after GC invocations=6 (full 0):
 PSYoungGen      total 6656K, used 999K [0x00000000eb800000, 0x00000000ec100000, 0x0000000100000000)
  eden space 5632K, 0% used [0x00000000eb800000,0x00000000eb800000,0x00000000ebd80000)
  from space 1024K, 97% used [0x00000000ebf00000,0x00000000ebff9c40,0x00000000ec000000)
  to   space 1536K, 0% used [0x00000000ebd80000,0x00000000ebd80000,0x00000000ebf00000)
 ParOldGen       total 5632K, used 1383K [0x00000000c2800000, 0x00000000c2d80000, 0x00000000eb800000)
  object space 5632K, 24% used [0x00000000c2800000,0x00000000c2959ef8,0x00000000c2d80000)
 Metaspace       used 7310K, capacity 8084K, committed 8448K, reserved 1056768K
  class space    used 889K, capacity 912K, committed 1024K, reserved 1048576K
}
Event: 1.899 GC heap before
{Heap before GC invocations=7 (full 0):
 PSYoungGen      total 6656K, used 6225K [0x00000000eb800000, 0x00000000ec100000, 0x0000000100000000)
  eden space 5632K, 92% used [0x00000000eb800000,0x00000000ebd1aae0,0x00000000ebd80000)
  from space 1024K, 97% used [0x00000000ebf00000,0x00000000ebff9c40,0x00000000ec000000)
  to   space 1536K, 0% used [0x00000000ebd80000,0x00000000ebd80000,0x00000000ebf00000)
 ParOldGen       total 5632K, used 1383K [0x00000000c2800000, 0x00000000c2d80000, 0x00000000eb800000)
  object space 5632K, 24% used [0x00000000c2800000,0x00000000c2959ef8,0x00000000c2d80000)
 Metaspace       used 7329K, capacity 8084K, committed 8448K, reserved 1056768K
  class space    used 890K, capacity 912K, committed 1024K, reserved 1048576K
Event: 1.905 GC heap after
Heap after GC invocations=7 (full 0):
 PSYoungGen      total 7168K, used 1515K [0x00000000eb800000, 0x00000000ec900000, 0x0000000100000000)
  eden space 5632K, 0% used [0x00000000eb800000,0x00000000eb800000,0x00000000ebd80000)
  from space 1536K, 98% used [0x00000000ebd80000,0x00000000ebefae90,0x00000000ebf00000)
  to   space 3072K, 0% used [0x00000000ec600000,0x00000000ec600000,0x00000000ec900000)
 ParOldGen       total 5632K, used 3610K [0x00000000c2800000, 0x00000000c2d80000, 0x00000000eb800000)
  object space 5632K, 64% used [0x00000000c2800000,0x00000000c2b86b18,0x00000000c2d80000)
 Metaspace       used 7329K, capacity 8084K, committed 8448K, reserved 1056768K
  class space    used 890K, capacity 912K, committed 1024K, reserved 1048576K
}
Event: 2.073 GC heap before
{Heap before GC invocations=8 (full 0):
 PSYoungGen      total 7168K, used 7147K [0x00000000eb800000, 0x00000000ec900000, 0x0000000100000000)
  eden space 5632K, 100% used [0x00000000eb800000,0x00000000ebd80000,0x00000000ebd80000)
  from space 1536K, 98% used [0x00000000ebd80000,0x00000000ebefae90,0x00000000ebf00000)
  to   space 3072K, 0% used [0x00000000ec600000,0x00000000ec600000,0x00000000ec900000)
 ParOldGen       total 5632K, used 3610K [0x00000000c2800000, 0x00000000c2d80000, 0x00000000eb800000)
  object space 5632K, 64% used [0x00000000c2800000,0x00000000c2b86b18,0x00000000c2d80000)
 Metaspace       used 7429K, capacity 8180K, committed 8448K, reserved 1056768K
  class space    used 897K, capacity 944K, committed 1024K, reserved 1048576K
Event: 2.124 GC heap after
Heap after GC invocations=8 (full 0):
 PSYoungGen      total 8704K, used 2916K [0x00000000eb800000, 0x00000000ec900000, 0x0000000100000000)
  eden space 5632K, 0% used [0x00000000eb800000,0x00000000eb800000,0x00000000ebd80000)
  from space 3072K, 94% used [0x00000000ec600000,0x00000000ec8d92e8,0x00000000ec900000)
  to   space 1536K, 0% used [0x00000000ebd80000,0x00000000ebd80000,0x00000000ebf00000)
 ParOldGen       total 5632K, used 3786K [0x00000000c2800000, 0x00000000c2d80000, 0x00000000eb800000)
  object space 5632K, 67% used [0x00000000c2800000,0x00000000c2bb2b28,0x00000000c2d80000)
 Metaspace       used 7429K, capacity 8180K, committed 8448K, reserved 1056768K
  class space    used 897K, capacity 944K, committed 1024K, reserved 1048576K
}

